{"/home/diganta/Desktop/FINAL_PROJECT/src/index.js":{"path":"/home/diganta/Desktop/FINAL_PROJECT/src/index.js","statementMap":{"0":{"start":{"line":1,"column":16},"end":{"line":1,"column":34}},"1":{"start":{"line":2,"column":0},"end":{"line":2,"column":26}},"2":{"start":{"line":3,"column":0},"end":{"line":3,"column":27}},"3":{"start":{"line":4,"column":13},"end":{"line":4,"column":28}},"4":{"start":{"line":5,"column":15},"end":{"line":5,"column":32}},"5":{"start":{"line":6,"column":13},"end":{"line":6,"column":28}},"6":{"start":{"line":7,"column":11},"end":{"line":7,"column":24}},"7":{"start":{"line":8,"column":14},"end":{"line":8,"column":37}},"8":{"start":{"line":10,"column":25},"end":{"line":10,"column":61}},"9":{"start":{"line":11,"column":22},"end":{"line":11,"column":55}},"10":{"start":{"line":12,"column":18},"end":{"line":12,"column":47}},"11":{"start":{"line":13,"column":21},"end":{"line":13,"column":53}},"12":{"start":{"line":14,"column":20},"end":{"line":14,"column":51}},"13":{"start":{"line":15,"column":22},"end":{"line":15,"column":55}},"14":{"start":{"line":16,"column":16},"end":{"line":16,"column":43}},"15":{"start":{"line":17,"column":25},"end":{"line":17,"column":69}},"16":{"start":{"line":18,"column":30},"end":{"line":18,"column":75}},"17":{"start":{"line":19,"column":16},"end":{"line":19,"column":43}},"18":{"start":{"line":20,"column":15},"end":{"line":20,"column":41}},"19":{"start":{"line":21,"column":15},"end":{"line":21,"column":63}},"20":{"start":{"line":23,"column":12},"end":{"line":23,"column":21}},"21":{"start":{"line":25,"column":0},"end":{"line":27,"column":3}},"22":{"start":{"line":26,"column":2},"end":{"line":26,"column":35}},"23":{"start":{"line":29,"column":21},"end":{"line":29,"column":49}},"24":{"start":{"line":31,"column":0},"end":{"line":87,"column":2}},"25":{"start":{"line":35,"column":16},"end":{"line":35,"column":51}},"26":{"start":{"line":39,"column":4},"end":{"line":46,"column":5}},"27":{"start":{"line":40,"column":6},"end":{"line":40,"column":80}},"28":{"start":{"line":44,"column":6},"end":{"line":44,"column":65}},"29":{"start":{"line":45,"column":6},"end":{"line":45,"column":13}},"30":{"start":{"line":48,"column":4},"end":{"line":83,"column":5}},"31":{"start":{"line":50,"column":39},"end":{"line":50,"column":56}},"32":{"start":{"line":51,"column":8},"end":{"line":51,"column":44}},"33":{"start":{"line":52,"column":25},"end":{"line":52,"column":56}},"34":{"start":{"line":53,"column":26},"end":{"line":53,"column":44}},"35":{"start":{"line":54,"column":25},"end":{"line":54,"column":42}},"36":{"start":{"line":55,"column":24},"end":{"line":55,"column":57}},"37":{"start":{"line":56,"column":8},"end":{"line":62,"column":11}},"38":{"start":{"line":64,"column":8},"end":{"line":64,"column":29}},"39":{"start":{"line":65,"column":27},"end":{"line":72,"column":10}},"40":{"start":{"line":74,"column":23},"end":{"line":74,"column":54}},"41":{"start":{"line":75,"column":8},"end":{"line":75,"column":50}},"42":{"start":{"line":76,"column":8},"end":{"line":76,"column":28}},"43":{"start":{"line":78,"column":8},"end":{"line":78,"column":32}},"44":{"start":{"line":79,"column":8},"end":{"line":79,"column":14}},"45":{"start":{"line":82,"column":8},"end":{"line":82,"column":58}},"46":{"start":{"line":85,"column":4},"end":{"line":85,"column":20}},"47":{"start":{"line":90,"column":0},"end":{"line":90,"column":41}},"48":{"start":{"line":91,"column":0},"end":{"line":91,"column":63}},"49":{"start":{"line":93,"column":0},"end":{"line":93,"column":16}},"50":{"start":{"line":94,"column":0},"end":{"line":98,"column":2}},"51":{"start":{"line":100,"column":0},"end":{"line":100,"column":34}},"52":{"start":{"line":101,"column":0},"end":{"line":101,"column":31}},"53":{"start":{"line":102,"column":0},"end":{"line":102,"column":27}},"54":{"start":{"line":103,"column":0},"end":{"line":103,"column":30}},"55":{"start":{"line":104,"column":0},"end":{"line":104,"column":29}},"56":{"start":{"line":105,"column":0},"end":{"line":105,"column":31}},"57":{"start":{"line":107,"column":0},"end":{"line":107,"column":78}},"58":{"start":{"line":109,"column":0},"end":{"line":109,"column":58}},"59":{"start":{"line":111,"column":0},"end":{"line":111,"column":21}}},"fnMap":{"0":{"name":"(anonymous_0)","decl":{"start":{"line":25,"column":20},"end":{"line":25,"column":21}},"loc":{"start":{"line":25,"column":34},"end":{"line":27,"column":1}},"line":25},"1":{"name":"(anonymous_1)","decl":{"start":{"line":34,"column":2},"end":{"line":34,"column":3}},"loc":{"start":{"line":34,"column":31},"end":{"line":86,"column":3}},"line":34}},"branchMap":{"0":{"loc":{"start":{"line":48,"column":4},"end":{"line":83,"column":5}},"type":"switch","locations":[{"start":{"line":49,"column":6},"end":{"line":79,"column":14}},{"start":{"line":81,"column":6},"end":{"line":82,"column":58}}],"line":48}},"s":{"0":1,"1":1,"2":1,"3":1,"4":1,"5":1,"6":1,"7":1,"8":1,"9":1,"10":1,"11":1,"12":1,"13":1,"14":1,"15":1,"16":1,"17":1,"18":1,"19":1,"20":1,"21":1,"22":0,"23":1,"24":1,"25":0,"26":0,"27":0,"28":0,"29":0,"30":0,"31":0,"32":0,"33":0,"34":0,"35":0,"36":0,"37":0,"38":0,"39":0,"40":0,"41":0,"42":0,"43":0,"44":0,"45":0,"46":0,"47":1,"48":1,"49":1,"50":1,"51":1,"52":1,"53":1,"54":1,"55":1,"56":1,"57":1,"58":1,"59":1},"f":{"0":0,"1":0},"b":{"0":[0,0]},"_coverageSchema":"1a1c01bbd47fc00a2c39e90264f33305004495a9","hash":"e41e8ce14ca943d89a1ca1bfcf46991474abf48e","contentHash":"7a81d006aac08489c3dc2f423ddeed0d59b332152c1ec4db6dcddf90c00dc257"},"/home/diganta/Desktop/FINAL_PROJECT/src/config/db/db.js":{"path":"/home/diganta/Desktop/FINAL_PROJECT/src/config/db/db.js","statementMap":{"0":{"start":{"line":1,"column":17},"end":{"line":1,"column":36}},"1":{"start":{"line":2,"column":12},"end":{"line":2,"column":28}},"2":{"start":{"line":4,"column":0},"end":{"line":4,"column":49}},"3":{"start":{"line":6,"column":0},"end":{"line":8,"column":3}},"4":{"start":{"line":7,"column":2},"end":{"line":7,"column":43}},"5":{"start":{"line":10,"column":0},"end":{"line":12,"column":3}},"6":{"start":{"line":11,"column":2},"end":{"line":11,"column":66}},"7":{"start":{"line":14,"column":0},"end":{"line":16,"column":3}},"8":{"start":{"line":15,"column":2},"end":{"line":15,"column":48}}},"fnMap":{"0":{"name":"(anonymous_0)","decl":{"start":{"line":6,"column":36},"end":{"line":6,"column":37}},"loc":{"start":{"line":6,"column":42},"end":{"line":8,"column":1}},"line":6},"1":{"name":"(anonymous_1)","decl":{"start":{"line":10,"column":32},"end":{"line":10,"column":33}},"loc":{"start":{"line":10,"column":41},"end":{"line":12,"column":1}},"line":10},"2":{"name":"(anonymous_2)","decl":{"start":{"line":14,"column":39},"end":{"line":14,"column":40}},"loc":{"start":{"line":14,"column":45},"end":{"line":16,"column":1}},"line":14}},"branchMap":{},"s":{"0":1,"1":1,"2":1,"3":1,"4":1,"5":1,"6":0,"7":1,"8":0},"f":{"0":1,"1":0,"2":0},"b":{},"_coverageSchema":"1a1c01bbd47fc00a2c39e90264f33305004495a9","hash":"003fe353863437147ae50a737bc22148a3078100","contentHash":"e5b8356d2956776623fca856935bfb6a2916ae5b9d8fa3d0c6ab84ea423e5048"},"/home/diganta/Desktop/FINAL_PROJECT/src/config/db/url.js":{"path":"/home/diganta/Desktop/FINAL_PROJECT/src/config/db/url.js","statementMap":{"0":{"start":{"line":2,"column":0},"end":{"line":2,"column":116}},"1":{"start":{"line":3,"column":0},"end":{"line":3,"column":21}}},"fnMap":{},"branchMap":{"0":{"loc":{"start":{"line":2,"column":0},"end":{"line":2,"column":116}},"type":"cond-expr","locations":[{"start":{"line":2,"column":25},"end":{"line":2,"column":70}},{"start":{"line":2,"column":71},"end":{"line":2,"column":116}}],"line":2}},"s":{"0":1,"1":1},"f":{},"b":{"0":[0,1]},"_coverageSchema":"1a1c01bbd47fc00a2c39e90264f33305004495a9","hash":"d277a06fd8ea792872f457580d40a74b57754ee8","contentHash":"fdb7068560b2e92948f3bb93695e9c08c05c11c267c8c2408d64714ed10ace4c"},"/home/diganta/Desktop/FINAL_PROJECT/src/routes/instructorRoutes.js":{"path":"/home/diganta/Desktop/FINAL_PROJECT/src/routes/instructorRoutes.js","statementMap":{"0":{"start":{"line":1,"column":16},"end":{"line":1,"column":34}},"1":{"start":{"line":2,"column":15},"end":{"line":2,"column":31}},"2":{"start":{"line":6,"column":4},"end":{"line":6,"column":67}},"3":{"start":{"line":9,"column":4},"end":{"line":9,"column":66}},"4":{"start":{"line":12,"column":4},"end":{"line":12,"column":65}},"5":{"start":{"line":15,"column":4},"end":{"line":15,"column":68}},"6":{"start":{"line":16,"column":27},"end":{"line":16,"column":74}},"7":{"start":{"line":17,"column":24},"end":{"line":17,"column":70}},"8":{"start":{"line":18,"column":23},"end":{"line":18,"column":62}},"9":{"start":{"line":21,"column":4},"end":{"line":21,"column":62}},"10":{"start":{"line":22,"column":23},"end":{"line":22,"column":66}},"11":{"start":{"line":25,"column":4},"end":{"line":25,"column":61}},"12":{"start":{"line":28,"column":4},"end":{"line":28,"column":64}},"13":{"start":{"line":31,"column":4},"end":{"line":31,"column":57}},"14":{"start":{"line":35,"column":4},"end":{"line":35,"column":64}},"15":{"start":{"line":36,"column":28},"end":{"line":36,"column":76}},"16":{"start":{"line":37,"column":34},"end":{"line":37,"column":91}},"17":{"start":{"line":38,"column":26},"end":{"line":38,"column":76}},"18":{"start":{"line":39,"column":34},"end":{"line":39,"column":92}},"19":{"start":{"line":40,"column":30},"end":{"line":40,"column":84}},"20":{"start":{"line":41,"column":42},"end":{"line":41,"column":92}},"21":{"start":{"line":42,"column":23},"end":{"line":42,"column":66}},"22":{"start":{"line":43,"column":28},"end":{"line":43,"column":76}},"23":{"start":{"line":45,"column":0},"end":{"line":45,"column":45}},"24":{"start":{"line":46,"column":0},"end":{"line":46,"column":50}},"25":{"start":{"line":47,"column":0},"end":{"line":47,"column":80}},"26":{"start":{"line":48,"column":0},"end":{"line":52,"column":2}},"27":{"start":{"line":53,"column":0},"end":{"line":53,"column":59}},"28":{"start":{"line":54,"column":0},"end":{"line":54,"column":70}},"29":{"start":{"line":55,"column":0},"end":{"line":55,"column":78}},"30":{"start":{"line":56,"column":0},"end":{"line":60,"column":2}},"31":{"start":{"line":61,"column":0},"end":{"line":61,"column":73}},"32":{"start":{"line":62,"column":0},"end":{"line":66,"column":2}},"33":{"start":{"line":67,"column":0},"end":{"line":67,"column":69}},"34":{"start":{"line":68,"column":0},"end":{"line":68,"column":77}},"35":{"start":{"line":69,"column":0},"end":{"line":69,"column":72}},"36":{"start":{"line":71,"column":0},"end":{"line":71,"column":65}},"37":{"start":{"line":72,"column":0},"end":{"line":72,"column":78}},"38":{"start":{"line":73,"column":0},"end":{"line":73,"column":51}},"39":{"start":{"line":74,"column":0},"end":{"line":74,"column":66}},"40":{"start":{"line":75,"column":0},"end":{"line":75,"column":76}},"41":{"start":{"line":76,"column":0},"end":{"line":76,"column":24}}},"fnMap":{},"branchMap":{},"s":{"0":1,"1":1,"2":1,"3":1,"4":1,"5":1,"6":1,"7":1,"8":1,"9":1,"10":1,"11":1,"12":1,"13":1,"14":1,"15":1,"16":1,"17":1,"18":1,"19":1,"20":1,"21":1,"22":1,"23":1,"24":1,"25":1,"26":1,"27":1,"28":1,"29":1,"30":1,"31":1,"32":1,"33":1,"34":1,"35":1,"36":1,"37":1,"38":1,"39":1,"40":1,"41":1},"f":{},"b":{},"_coverageSchema":"1a1c01bbd47fc00a2c39e90264f33305004495a9","hash":"874bf6aa31b8775d7433b09ee177de687a26d48c","contentHash":"9f138ed698464e99437e8b6bd60077254c2acbcc3ac1fc751ca344e879bc5fdb"},"/home/diganta/Desktop/FINAL_PROJECT/src/controllers/Instructor/instructorSignUpController.js":{"path":"/home/diganta/Desktop/FINAL_PROJECT/src/controllers/Instructor/instructorSignUpController.js","statementMap":{"0":{"start":{"line":1,"column":19},"end":{"line":1,"column":53}},"1":{"start":{"line":2,"column":12},"end":{"line":2,"column":35}},"2":{"start":{"line":3,"column":0},"end":{"line":3,"column":27}},"3":{"start":{"line":13,"column":25},"end":{"line":30,"column":1}},"4":{"start":{"line":14,"column":2},"end":{"line":29,"column":3}},"5":{"start":{"line":16,"column":23},"end":{"line":16,"column":47}},"6":{"start":{"line":18,"column":4},"end":{"line":18,"column":28}},"7":{"start":{"line":20,"column":4},"end":{"line":25,"column":7}},"8":{"start":{"line":27,"column":4},"end":{"line":27,"column":28}},"9":{"start":{"line":28,"column":4},"end":{"line":28,"column":53}},"10":{"start":{"line":32,"column":0},"end":{"line":34,"column":2}}},"fnMap":{"0":{"name":"(anonymous_0)","decl":{"start":{"line":13,"column":25},"end":{"line":13,"column":26}},"loc":{"start":{"line":13,"column":45},"end":{"line":30,"column":1}},"line":13}},"branchMap":{},"s":{"0":1,"1":1,"2":1,"3":1,"4":0,"5":0,"6":0,"7":0,"8":0,"9":0,"10":1},"f":{"0":0},"b":{},"_coverageSchema":"1a1c01bbd47fc00a2c39e90264f33305004495a9","hash":"5e922c88afd6351de89d3c6621d2c4b737d65043","contentHash":"afbcea038166e47f11ca677c8d76409eb1b04f7f37a555ccb23b8d70aad2d3c5"},"/home/diganta/Desktop/FINAL_PROJECT/src/models/instructor.js":{"path":"/home/diganta/Desktop/FINAL_PROJECT/src/models/instructor.js","statementMap":{"0":{"start":{"line":22,"column":17},"end":{"line":22,"column":36}},"1":{"start":{"line":23,"column":18},"end":{"line":23,"column":38}},"2":{"start":{"line":24,"column":14},"end":{"line":24,"column":40}},"3":{"start":{"line":25,"column":15},"end":{"line":25,"column":32}},"4":{"start":{"line":26,"column":12},"end":{"line":26,"column":35}},"5":{"start":{"line":28,"column":25},"end":{"line":118,"column":2}},"6":{"start":{"line":36,"column":28},"end":{"line":36,"column":71}},"7":{"start":{"line":45,"column":28},"end":{"line":45,"column":52}},"8":{"start":{"line":54,"column":8},"end":{"line":60,"column":10}},"9":{"start":{"line":100,"column":8},"end":{"line":102,"column":9}},"10":{"start":{"line":101,"column":20},"end":{"line":101,"column":72}},"11":{"start":{"line":124,"column":0},"end":{"line":130,"column":3}},"12":{"start":{"line":125,"column":21},"end":{"line":125,"column":25}},"13":{"start":{"line":126,"column":2},"end":{"line":128,"column":3}},"14":{"start":{"line":127,"column":4},"end":{"line":127,"column":72}},"15":{"start":{"line":129,"column":2},"end":{"line":129,"column":9}},"16":{"start":{"line":134,"column":0},"end":{"line":146,"column":2}},"17":{"start":{"line":135,"column":21},"end":{"line":135,"column":25}},"18":{"start":{"line":136,"column":16},"end":{"line":141,"column":3}},"19":{"start":{"line":142,"column":2},"end":{"line":142,"column":58}},"20":{"start":{"line":143,"column":2},"end":{"line":143,"column":26}},"21":{"start":{"line":145,"column":2},"end":{"line":145,"column":15}},"22":{"start":{"line":149,"column":0},"end":{"line":173,"column":2}},"23":{"start":{"line":150,"column":21},"end":{"line":150,"column":25}},"24":{"start":{"line":151,"column":2},"end":{"line":151,"column":21}},"25":{"start":{"line":153,"column":2},"end":{"line":153,"column":21}},"26":{"start":{"line":154,"column":2},"end":{"line":160,"column":3}},"27":{"start":{"line":155,"column":4},"end":{"line":155,"column":56}},"28":{"start":{"line":156,"column":4},"end":{"line":156,"column":25}},"29":{"start":{"line":159,"column":4},"end":{"line":159,"column":37}},"30":{"start":{"line":162,"column":21},"end":{"line":166,"column":4}},"31":{"start":{"line":167,"column":2},"end":{"line":170,"column":3}},"32":{"start":{"line":169,"column":4},"end":{"line":169,"column":44}},"33":{"start":{"line":172,"column":2},"end":{"line":172,"column":20}},"34":{"start":{"line":179,"column":0},"end":{"line":198,"column":2}},"35":{"start":{"line":180,"column":21},"end":{"line":180,"column":56}},"36":{"start":{"line":182,"column":2},"end":{"line":184,"column":3}},"37":{"start":{"line":183,"column":4},"end":{"line":183,"column":43}},"38":{"start":{"line":191,"column":18},"end":{"line":191,"column":69}},"39":{"start":{"line":193,"column":2},"end":{"line":195,"column":3}},"40":{"start":{"line":194,"column":4},"end":{"line":194,"column":44}},"41":{"start":{"line":197,"column":2},"end":{"line":197,"column":20}},"42":{"start":{"line":200,"column":0},"end":{"line":208,"column":2}},"43":{"start":{"line":201,"column":21},"end":{"line":201,"column":61}},"44":{"start":{"line":203,"column":2},"end":{"line":205,"column":3}},"45":{"start":{"line":204,"column":4},"end":{"line":204,"column":37}},"46":{"start":{"line":207,"column":2},"end":{"line":207,"column":20}},"47":{"start":{"line":210,"column":19},"end":{"line":210,"column":65}},"48":{"start":{"line":212,"column":0},"end":{"line":212,"column":28}}},"fnMap":{"0":{"name":"(anonymous_0)","decl":{"start":{"line":36,"column":17},"end":{"line":36,"column":18}},"loc":{"start":{"line":36,"column":28},"end":{"line":36,"column":71}},"line":36},"1":{"name":"(anonymous_1)","decl":{"start":{"line":45,"column":17},"end":{"line":45,"column":18}},"loc":{"start":{"line":45,"column":28},"end":{"line":45,"column":52}},"line":45},"2":{"name":"(anonymous_2)","decl":{"start":{"line":53,"column":17},"end":{"line":53,"column":18}},"loc":{"start":{"line":53,"column":28},"end":{"line":61,"column":7}},"line":53},"3":{"name":"(anonymous_3)","decl":{"start":{"line":99,"column":17},"end":{"line":99,"column":18}},"loc":{"start":{"line":100,"column":8},"end":{"line":102,"column":9}},"line":100},"4":{"name":"(anonymous_4)","decl":{"start":{"line":101,"column":10},"end":{"line":101,"column":11}},"loc":{"start":{"line":101,"column":20},"end":{"line":101,"column":72}},"line":101},"5":{"name":"(anonymous_5)","decl":{"start":{"line":124,"column":29},"end":{"line":124,"column":30}},"loc":{"start":{"line":124,"column":51},"end":{"line":130,"column":1}},"line":124},"6":{"name":"(anonymous_6)","decl":{"start":{"line":134,"column":45},"end":{"line":134,"column":46}},"loc":{"start":{"line":134,"column":63},"end":{"line":146,"column":1}},"line":134},"7":{"name":"(anonymous_7)","decl":{"start":{"line":149,"column":43},"end":{"line":149,"column":44}},"loc":{"start":{"line":149,"column":73},"end":{"line":173,"column":1}},"line":149},"8":{"name":"(anonymous_8)","decl":{"start":{"line":179,"column":45},"end":{"line":179,"column":46}},"loc":{"start":{"line":179,"column":72},"end":{"line":198,"column":1}},"line":179},"9":{"name":"(anonymous_9)","decl":{"start":{"line":200,"column":52},"end":{"line":200,"column":53}},"loc":{"start":{"line":200,"column":74},"end":{"line":208,"column":1}},"line":200}},"branchMap":{"0":{"loc":{"start":{"line":55,"column":10},"end":{"line":59,"column":29}},"type":"binary-expr","locations":[{"start":{"line":55,"column":10},"end":{"line":55,"column":47}},{"start":{"line":56,"column":10},"end":{"line":56,"column":29}},{"start":{"line":57,"column":10},"end":{"line":57,"column":29}},{"start":{"line":58,"column":10},"end":{"line":58,"column":26}},{"start":{"line":59,"column":10},"end":{"line":59,"column":29}}],"line":55},"1":{"loc":{"start":{"line":101,"column":20},"end":{"line":101,"column":72}},"type":"binary-expr","locations":[{"start":{"line":101,"column":20},"end":{"line":101,"column":29}},{"start":{"line":101,"column":33},"end":{"line":101,"column":42}},{"start":{"line":101,"column":46},"end":{"line":101,"column":72}}],"line":101},"2":{"loc":{"start":{"line":126,"column":2},"end":{"line":128,"column":3}},"type":"if","locations":[{"start":{"line":126,"column":2},"end":{"line":128,"column":3}},{"start":{"line":126,"column":2},"end":{"line":128,"column":3}}],"line":126},"3":{"loc":{"start":{"line":167,"column":2},"end":{"line":170,"column":3}},"type":"if","locations":[{"start":{"line":167,"column":2},"end":{"line":170,"column":3}},{"start":{"line":167,"column":2},"end":{"line":170,"column":3}}],"line":167},"4":{"loc":{"start":{"line":182,"column":2},"end":{"line":184,"column":3}},"type":"if","locations":[{"start":{"line":182,"column":2},"end":{"line":184,"column":3}},{"start":{"line":182,"column":2},"end":{"line":184,"column":3}}],"line":182},"5":{"loc":{"start":{"line":193,"column":2},"end":{"line":195,"column":3}},"type":"if","locations":[{"start":{"line":193,"column":2},"end":{"line":195,"column":3}},{"start":{"line":193,"column":2},"end":{"line":195,"column":3}}],"line":193},"6":{"loc":{"start":{"line":203,"column":2},"end":{"line":205,"column":3}},"type":"if","locations":[{"start":{"line":203,"column":2},"end":{"line":205,"column":3}},{"start":{"line":203,"column":2},"end":{"line":205,"column":3}}],"line":203}},"s":{"0":1,"1":1,"2":1,"3":1,"4":1,"5":1,"6":0,"7":0,"8":0,"9":0,"10":0,"11":1,"12":0,"13":0,"14":0,"15":0,"16":1,"17":0,"18":0,"19":0,"20":0,"21":0,"22":1,"23":0,"24":0,"25":0,"26":0,"27":0,"28":0,"29":0,"30":0,"31":0,"32":0,"33":0,"34":1,"35":0,"36":0,"37":0,"38":0,"39":0,"40":0,"41":0,"42":1,"43":0,"44":0,"45":0,"46":0,"47":1,"48":1},"f":{"0":0,"1":0,"2":0,"3":0,"4":0,"5":0,"6":0,"7":0,"8":0,"9":0},"b":{"0":[0,0,0,0,0],"1":[0,0,0],"2":[0,0],"3":[0,0],"4":[0,0],"5":[0,0],"6":[0,0]},"_coverageSchema":"1a1c01bbd47fc00a2c39e90264f33305004495a9","hash":"da1197ebc6f92a5ce3a39fb43de94ef580e4d01c","contentHash":"9097aca9bfb7367b93e06fab0052a932d059b5bcca40af47b7a50930c698d37b"},"/home/diganta/Desktop/FINAL_PROJECT/src/config/salts.js":{"path":"/home/diganta/Desktop/FINAL_PROJECT/src/config/salts.js","statementMap":{"0":{"start":{"line":1,"column":14},"end":{"line":1,"column":15}},"1":{"start":{"line":3,"column":0},"end":{"line":3,"column":23}}},"fnMap":{},"branchMap":{},"s":{"0":1,"1":1},"f":{},"b":{},"_coverageSchema":"1a1c01bbd47fc00a2c39e90264f33305004495a9","hash":"29a1149f798bc3d8cf4ce63ea6d0b252355ec428","contentHash":"31c893c778fdc2ef5b07ebe7bd4e1ee01f7371b5573666d45c689d968b60d032"},"/home/diganta/Desktop/FINAL_PROJECT/src/controllers/Instructor/instructorLogInController.js":{"path":"/home/diganta/Desktop/FINAL_PROJECT/src/controllers/Instructor/instructorLogInController.js","statementMap":{"0":{"start":{"line":1,"column":19},"end":{"line":1,"column":53}},"1":{"start":{"line":8,"column":24},"end":{"line":29,"column":1}},"2":{"start":{"line":9,"column":2},"end":{"line":28,"column":3}},"3":{"start":{"line":10,"column":23},"end":{"line":13,"column":5}},"4":{"start":{"line":15,"column":18},"end":{"line":15,"column":54}},"5":{"start":{"line":17,"column":4},"end":{"line":24,"column":7}},"6":{"start":{"line":26,"column":4},"end":{"line":26,"column":41}},"7":{"start":{"line":31,"column":0},"end":{"line":33,"column":2}}},"fnMap":{"0":{"name":"(anonymous_0)","decl":{"start":{"line":8,"column":24},"end":{"line":8,"column":25}},"loc":{"start":{"line":8,"column":44},"end":{"line":29,"column":1}},"line":8}},"branchMap":{},"s":{"0":1,"1":1,"2":0,"3":0,"4":0,"5":0,"6":0,"7":1},"f":{"0":0},"b":{},"_coverageSchema":"1a1c01bbd47fc00a2c39e90264f33305004495a9","hash":"1cd67850a86341df756f7c803b299cfd8ed265f0","contentHash":"c39d2f80bb47f119bb7a2fec51d5610d04f39eb8c9a1082c62ed7560e02824e8"},"/home/diganta/Desktop/FINAL_PROJECT/src/controllers/Instructor/instructorCourseAddition.js":{"path":"/home/diganta/Desktop/FINAL_PROJECT/src/controllers/Instructor/instructorCourseAddition.js","statementMap":{"0":{"start":{"line":1,"column":19},"end":{"line":1,"column":53}},"1":{"start":{"line":2,"column":15},"end":{"line":2,"column":45}},"2":{"start":{"line":3,"column":15},"end":{"line":3,"column":63}},"3":{"start":{"line":5,"column":33},"end":{"line":42,"column":1}},"4":{"start":{"line":6,"column":2},"end":{"line":41,"column":3}},"5":{"start":{"line":7,"column":42},"end":{"line":7,"column":50}},"6":{"start":{"line":10,"column":22},"end":{"line":10,"column":64}},"7":{"start":{"line":12,"column":20},"end":{"line":16,"column":6}},"8":{"start":{"line":19,"column":6},"end":{"line":19,"column":70}},"9":{"start":{"line":21,"column":24},"end":{"line":25,"column":5}},"10":{"start":{"line":27,"column":18},"end":{"line":27,"column":57}},"11":{"start":{"line":29,"column":4},"end":{"line":29,"column":43}},"12":{"start":{"line":30,"column":4},"end":{"line":30,"column":39}},"13":{"start":{"line":32,"column":31},"end":{"line":32,"column":53}},"14":{"start":{"line":34,"column":4},"end":{"line":37,"column":7}},"15":{"start":{"line":39,"column":4},"end":{"line":39,"column":23}},"16":{"start":{"line":40,"column":4},"end":{"line":40,"column":53}},"17":{"start":{"line":44,"column":0},"end":{"line":46,"column":2}}},"fnMap":{"0":{"name":"(anonymous_0)","decl":{"start":{"line":5,"column":33},"end":{"line":5,"column":34}},"loc":{"start":{"line":5,"column":53},"end":{"line":42,"column":1}},"line":5}},"branchMap":{},"s":{"0":1,"1":1,"2":1,"3":1,"4":0,"5":0,"6":0,"7":0,"8":0,"9":0,"10":0,"11":0,"12":0,"13":0,"14":0,"15":0,"16":0,"17":1},"f":{"0":0},"b":{},"_coverageSchema":"1a1c01bbd47fc00a2c39e90264f33305004495a9","hash":"165f1989a34df749adf13d91b3b10cf15272adef","contentHash":"f975956376e41ae706d8a4cd6ba16c0ff40189248c50cbc2b53cdb9c064ae20b"},"/home/diganta/Desktop/FINAL_PROJECT/src/models/course.js":{"path":"/home/diganta/Desktop/FINAL_PROJECT/src/models/course.js","statementMap":{"0":{"start":{"line":36,"column":18},"end":{"line":36,"column":38}},"1":{"start":{"line":37,"column":17},"end":{"line":37,"column":36}},"2":{"start":{"line":39,"column":21},"end":{"line":255,"column":2}},"3":{"start":{"line":48,"column":8},"end":{"line":48,"column":51}},"4":{"start":{"line":92,"column":8},"end":{"line":92,"column":39}},"5":{"start":{"line":92,"column":26},"end":{"line":92,"column":39}},"6":{"start":{"line":93,"column":8},"end":{"line":93,"column":33}},"7":{"start":{"line":93,"column":20},"end":{"line":93,"column":33}},"8":{"start":{"line":95,"column":30},"end":{"line":95,"column":75}},"9":{"start":{"line":96,"column":8},"end":{"line":96,"column":34}},"10":{"start":{"line":268,"column":15},"end":{"line":268,"column":53}},"11":{"start":{"line":270,"column":0},"end":{"line":270,"column":24}}},"fnMap":{"0":{"name":"(anonymous_0)","decl":{"start":{"line":47,"column":17},"end":{"line":47,"column":18}},"loc":{"start":{"line":47,"column":28},"end":{"line":49,"column":7}},"line":47},"1":{"name":"(anonymous_1)","decl":{"start":{"line":91,"column":17},"end":{"line":91,"column":18}},"loc":{"start":{"line":91,"column":28},"end":{"line":97,"column":7}},"line":91}},"branchMap":{"0":{"loc":{"start":{"line":92,"column":8},"end":{"line":92,"column":39}},"type":"if","locations":[{"start":{"line":92,"column":8},"end":{"line":92,"column":39}},{"start":{"line":92,"column":8},"end":{"line":92,"column":39}}],"line":92},"1":{"loc":{"start":{"line":93,"column":8},"end":{"line":93,"column":33}},"type":"if","locations":[{"start":{"line":93,"column":8},"end":{"line":93,"column":33}},{"start":{"line":93,"column":8},"end":{"line":93,"column":33}}],"line":93},"2":{"loc":{"start":{"line":95,"column":31},"end":{"line":95,"column":67}},"type":"binary-expr","locations":[{"start":{"line":95,"column":31},"end":{"line":95,"column":61}},{"start":{"line":95,"column":65},"end":{"line":95,"column":67}}],"line":95}},"s":{"0":1,"1":1,"2":1,"3":0,"4":0,"5":0,"6":0,"7":0,"8":0,"9":0,"10":1,"11":1},"f":{"0":0,"1":0},"b":{"0":[0,0],"1":[0,0],"2":[0,0]},"_coverageSchema":"1a1c01bbd47fc00a2c39e90264f33305004495a9","hash":"f2f168f012eb3e1d40119fbd45e83ec0e7fd7fc4","contentHash":"cccaddcb749410651062a001d19c4d5e1311686fa3e1ef00799ee159b9e88365"},"/home/diganta/Desktop/FINAL_PROJECT/src/controllers/Instructor/instructorFetchSingleCourse.js":{"path":"/home/diganta/Desktop/FINAL_PROJECT/src/controllers/Instructor/instructorFetchSingleCourse.js","statementMap":{"0":{"start":{"line":1,"column":15},"end":{"line":1,"column":45}},"1":{"start":{"line":2,"column":19},"end":{"line":2,"column":53}},"2":{"start":{"line":4,"column":36},"end":{"line":25,"column":1}},"3":{"start":{"line":5,"column":2},"end":{"line":24,"column":3}},"4":{"start":{"line":6,"column":28},"end":{"line":6,"column":42}},"5":{"start":{"line":8,"column":21},"end":{"line":8,"column":38}},"6":{"start":{"line":9,"column":23},"end":{"line":12,"column":5}},"7":{"start":{"line":13,"column":19},"end":{"line":16,"column":6}},"8":{"start":{"line":17,"column":4},"end":{"line":19,"column":5}},"9":{"start":{"line":18,"column":6},"end":{"line":18,"column":41}},"10":{"start":{"line":20,"column":4},"end":{"line":20,"column":37}},"11":{"start":{"line":22,"column":4},"end":{"line":22,"column":23}},"12":{"start":{"line":23,"column":4},"end":{"line":23,"column":51}},"13":{"start":{"line":27,"column":0},"end":{"line":27,"column":49}}},"fnMap":{"0":{"name":"(anonymous_0)","decl":{"start":{"line":4,"column":36},"end":{"line":4,"column":37}},"loc":{"start":{"line":4,"column":56},"end":{"line":25,"column":1}},"line":4}},"branchMap":{"0":{"loc":{"start":{"line":17,"column":4},"end":{"line":19,"column":5}},"type":"if","locations":[{"start":{"line":17,"column":4},"end":{"line":19,"column":5}},{"start":{"line":17,"column":4},"end":{"line":19,"column":5}}],"line":17}},"s":{"0":1,"1":1,"2":1,"3":0,"4":0,"5":0,"6":0,"7":0,"8":0,"9":0,"10":0,"11":0,"12":0,"13":1},"f":{"0":0},"b":{"0":[0,0]},"_coverageSchema":"1a1c01bbd47fc00a2c39e90264f33305004495a9","hash":"8f8f5cbe4934794af49a8631eb65cb471847ed96","contentHash":"2a916093be2955aad5bb6946109df5e752c616e929e29f5aaf7511cbfd3596aa"},"/home/diganta/Desktop/FINAL_PROJECT/src/controllers/Course/getCourseVideo.js":{"path":"/home/diganta/Desktop/FINAL_PROJECT/src/controllers/Course/getCourseVideo.js","statementMap":{"0":{"start":{"line":1,"column":14},"end":{"line":1,"column":37}},"1":{"start":{"line":2,"column":13},"end":{"line":2,"column":28}},"2":{"start":{"line":3,"column":11},"end":{"line":3,"column":24}},"3":{"start":{"line":12,"column":23},"end":{"line":52,"column":1}},"4":{"start":{"line":13,"column":19},"end":{"line":20,"column":3}},"5":{"start":{"line":21,"column":15},"end":{"line":21,"column":36}},"6":{"start":{"line":22,"column":19},"end":{"line":22,"column":28}},"7":{"start":{"line":24,"column":30},"end":{"line":24,"column":41}},"8":{"start":{"line":25,"column":17},"end":{"line":25,"column":61}},"9":{"start":{"line":27,"column":2},"end":{"line":31,"column":3}},"10":{"start":{"line":29,"column":4},"end":{"line":29,"column":26}},"11":{"start":{"line":30,"column":4},"end":{"line":30,"column":11}},"12":{"start":{"line":33,"column":2},"end":{"line":37,"column":3}},"13":{"start":{"line":35,"column":4},"end":{"line":35,"column":26}},"14":{"start":{"line":36,"column":4},"end":{"line":36,"column":11}},"15":{"start":{"line":39,"column":25},"end":{"line":39,"column":34}},"16":{"start":{"line":41,"column":20},"end":{"line":41,"column":35}},"17":{"start":{"line":42,"column":15},"end":{"line":42,"column":60}},"18":{"start":{"line":44,"column":2},"end":{"line":49,"column":5}},"19":{"start":{"line":51,"column":2},"end":{"line":51,"column":17}},"20":{"start":{"line":54,"column":0},"end":{"line":56,"column":2}}},"fnMap":{"0":{"name":"(anonymous_0)","decl":{"start":{"line":12,"column":23},"end":{"line":12,"column":24}},"loc":{"start":{"line":12,"column":37},"end":{"line":52,"column":1}},"line":12}},"branchMap":{"0":{"loc":{"start":{"line":27,"column":2},"end":{"line":31,"column":3}},"type":"if","locations":[{"start":{"line":27,"column":2},"end":{"line":31,"column":3}},{"start":{"line":27,"column":2},"end":{"line":31,"column":3}}],"line":27},"1":{"loc":{"start":{"line":33,"column":2},"end":{"line":37,"column":3}},"type":"if","locations":[{"start":{"line":33,"column":2},"end":{"line":37,"column":3}},{"start":{"line":33,"column":2},"end":{"line":37,"column":3}}],"line":33},"2":{"loc":{"start":{"line":33,"column":6},"end":{"line":33,"column":67}},"type":"binary-expr","locations":[{"start":{"line":33,"column":6},"end":{"line":33,"column":19}},{"start":{"line":33,"column":23},"end":{"line":33,"column":46}},{"start":{"line":33,"column":50},"end":{"line":33,"column":67}}],"line":33}},"s":{"0":1,"1":1,"2":1,"3":1,"4":0,"5":0,"6":0,"7":0,"8":0,"9":0,"10":0,"11":0,"12":0,"13":0,"14":0,"15":0,"16":0,"17":0,"18":0,"19":0,"20":1},"f":{"0":0},"b":{"0":[0,0],"1":[0,0],"2":[0,0,0]},"_coverageSchema":"1a1c01bbd47fc00a2c39e90264f33305004495a9","hash":"c52666b7e5f1af8f00ec9c590d8909289b64d330","contentHash":"8a991c5a66f7658f1af7106aa13c3e3bf0ee008a63a1e45c72cefb32b85aa6f0"},"/home/diganta/Desktop/FINAL_PROJECT/src/controllers/Course/videoDeletion.js":{"path":"/home/diganta/Desktop/FINAL_PROJECT/src/controllers/Course/videoDeletion.js","statementMap":{"0":{"start":{"line":1,"column":15},"end":{"line":1,"column":45}},"1":{"start":{"line":2,"column":20},"end":{"line":20,"column":1}},"2":{"start":{"line":3,"column":23},"end":{"line":3,"column":44}},"3":{"start":{"line":4,"column":32},"end":{"line":4,"column":62}},"4":{"start":{"line":5,"column":19},"end":{"line":5,"column":36}},"5":{"start":{"line":7,"column":2},"end":{"line":19,"column":3}},"6":{"start":{"line":8,"column":19},"end":{"line":8,"column":50}},"7":{"start":{"line":9,"column":25},"end":{"line":12,"column":5}},"8":{"start":{"line":13,"column":4},"end":{"line":13,"column":24}},"9":{"start":{"line":14,"column":4},"end":{"line":14,"column":31}},"10":{"start":{"line":15,"column":4},"end":{"line":15,"column":31}},"11":{"start":{"line":17,"column":4},"end":{"line":17,"column":42}},"12":{"start":{"line":18,"column":4},"end":{"line":18,"column":23}},"13":{"start":{"line":22,"column":0},"end":{"line":24,"column":2}}},"fnMap":{"0":{"name":"(anonymous_0)","decl":{"start":{"line":2,"column":20},"end":{"line":2,"column":21}},"loc":{"start":{"line":2,"column":40},"end":{"line":20,"column":1}},"line":2}},"branchMap":{},"s":{"0":1,"1":1,"2":0,"3":0,"4":0,"5":0,"6":0,"7":0,"8":0,"9":0,"10":0,"11":0,"12":0,"13":1},"f":{"0":0},"b":{},"_coverageSchema":"1a1c01bbd47fc00a2c39e90264f33305004495a9","hash":"ae4595c6df1c436e18dacbe37dc36a29ece833bc","contentHash":"3a96f55138c07f43a589a076473189bd77b2c329dc0f08ed0fef1f5f8ccba5af"},"/home/diganta/Desktop/FINAL_PROJECT/src/middleware/authMiddleware.js":{"path":"/home/diganta/Desktop/FINAL_PROJECT/src/middleware/authMiddleware.js","statementMap":{"0":{"start":{"line":1,"column":12},"end":{"line":1,"column":35}},"1":{"start":{"line":2,"column":19},"end":{"line":2,"column":57}},"2":{"start":{"line":4,"column":23},"end":{"line":35,"column":1}},"3":{"start":{"line":5,"column":2},"end":{"line":34,"column":3}},"4":{"start":{"line":6,"column":4},"end":{"line":6,"column":26}},"5":{"start":{"line":7,"column":18},"end":{"line":7,"column":32}},"6":{"start":{"line":10,"column":20},"end":{"line":10,"column":61}},"7":{"start":{"line":13,"column":23},"end":{"line":22,"column":5}},"8":{"start":{"line":24,"column":4},"end":{"line":26,"column":5}},"9":{"start":{"line":25,"column":6},"end":{"line":25,"column":24}},"10":{"start":{"line":28,"column":4},"end":{"line":28,"column":32}},"11":{"start":{"line":29,"column":4},"end":{"line":29,"column":22}},"12":{"start":{"line":30,"column":4},"end":{"line":30,"column":11}},"13":{"start":{"line":32,"column":4},"end":{"line":32,"column":23}},"14":{"start":{"line":33,"column":4},"end":{"line":33,"column":60}},"15":{"start":{"line":37,"column":0},"end":{"line":37,"column":32}}},"fnMap":{"0":{"name":"(anonymous_0)","decl":{"start":{"line":4,"column":23},"end":{"line":4,"column":24}},"loc":{"start":{"line":4,"column":49},"end":{"line":35,"column":1}},"line":4}},"branchMap":{"0":{"loc":{"start":{"line":24,"column":4},"end":{"line":26,"column":5}},"type":"if","locations":[{"start":{"line":24,"column":4},"end":{"line":26,"column":5}},{"start":{"line":24,"column":4},"end":{"line":26,"column":5}}],"line":24}},"s":{"0":1,"1":1,"2":1,"3":0,"4":0,"5":0,"6":0,"7":0,"8":0,"9":0,"10":0,"11":0,"12":0,"13":0,"14":0,"15":1},"f":{"0":0},"b":{"0":[0,0]},"_coverageSchema":"1a1c01bbd47fc00a2c39e90264f33305004495a9","hash":"75aa3b11c94bad19fe2f72b707c38a7c5a6ba68b","contentHash":"7a9cd36d3296bde481020710bdd434050f02f4a7a564f5df664a335e1a6a347f"},"/home/diganta/Desktop/FINAL_PROJECT/src/controllers/Instructor/instructorSelfCourses.js":{"path":"/home/diganta/Desktop/FINAL_PROJECT/src/controllers/Instructor/instructorSelfCourses.js","statementMap":{"0":{"start":{"line":1,"column":15},"end":{"line":1,"column":45}},"1":{"start":{"line":3,"column":30},"end":{"line":12,"column":1}},"2":{"start":{"line":4,"column":2},"end":{"line":11,"column":3}},"3":{"start":{"line":5,"column":20},"end":{"line":5,"column":66}},"4":{"start":{"line":6,"column":4},"end":{"line":6,"column":26}},"5":{"start":{"line":7,"column":4},"end":{"line":7,"column":34}},"6":{"start":{"line":9,"column":4},"end":{"line":9,"column":23}},"7":{"start":{"line":10,"column":4},"end":{"line":10,"column":20}},"8":{"start":{"line":14,"column":0},"end":{"line":16,"column":2}}},"fnMap":{"0":{"name":"(anonymous_0)","decl":{"start":{"line":3,"column":30},"end":{"line":3,"column":31}},"loc":{"start":{"line":3,"column":50},"end":{"line":12,"column":1}},"line":3}},"branchMap":{},"s":{"0":1,"1":1,"2":0,"3":0,"4":0,"5":0,"6":0,"7":0,"8":1},"f":{"0":0},"b":{},"_coverageSchema":"1a1c01bbd47fc00a2c39e90264f33305004495a9","hash":"f7a830b1ff488a5989c472eaaa7ad71b57c76111","contentHash":"6ff0cabfa03f2c1f7a80d0fa37ecc0b122f0556a966fc02737d850a9d12e8821"},"/home/diganta/Desktop/FINAL_PROJECT/src/controllers/Course/sectionAdd.js":{"path":"/home/diganta/Desktop/FINAL_PROJECT/src/controllers/Course/sectionAdd.js","statementMap":{"0":{"start":{"line":1,"column":15},"end":{"line":1,"column":45}},"1":{"start":{"line":3,"column":19},"end":{"line":23,"column":1}},"2":{"start":{"line":4,"column":2},"end":{"line":22,"column":3}},"3":{"start":{"line":5,"column":21},"end":{"line":5,"column":32}},"4":{"start":{"line":6,"column":18},"end":{"line":6,"column":42}},"5":{"start":{"line":7,"column":4},"end":{"line":7,"column":34}},"6":{"start":{"line":8,"column":19},"end":{"line":8,"column":50}},"7":{"start":{"line":9,"column":4},"end":{"line":9,"column":32}},"8":{"start":{"line":10,"column":4},"end":{"line":15,"column":7}},"9":{"start":{"line":16,"column":4},"end":{"line":16,"column":24}},"10":{"start":{"line":18,"column":4},"end":{"line":18,"column":24}},"11":{"start":{"line":19,"column":4},"end":{"line":19,"column":33}},"12":{"start":{"line":21,"column":4},"end":{"line":21,"column":23}},"13":{"start":{"line":25,"column":0},"end":{"line":27,"column":2}}},"fnMap":{"0":{"name":"(anonymous_0)","decl":{"start":{"line":3,"column":19},"end":{"line":3,"column":20}},"loc":{"start":{"line":3,"column":39},"end":{"line":23,"column":1}},"line":3}},"branchMap":{},"s":{"0":1,"1":1,"2":0,"3":0,"4":0,"5":0,"6":0,"7":0,"8":0,"9":0,"10":0,"11":0,"12":0,"13":1},"f":{"0":0},"b":{},"_coverageSchema":"1a1c01bbd47fc00a2c39e90264f33305004495a9","hash":"d1ff3f13bb471b934eebfa0bd07ddc815465aa22","contentHash":"4a1d57cfc7cd151f900e4b7c2d760bb1d3668f01fba3bde355d68ee20734f7dd"},"/home/diganta/Desktop/FINAL_PROJECT/src/controllers/Instructor/instructorGetProfile.js":{"path":"/home/diganta/Desktop/FINAL_PROJECT/src/controllers/Instructor/instructorGetProfile.js","statementMap":{"0":{"start":{"line":1,"column":29},"end":{"line":7,"column":1}},"1":{"start":{"line":2,"column":2},"end":{"line":6,"column":3}},"2":{"start":{"line":3,"column":4},"end":{"line":3,"column":57}},"3":{"start":{"line":5,"column":4},"end":{"line":5,"column":23}},"4":{"start":{"line":9,"column":0},"end":{"line":11,"column":2}}},"fnMap":{"0":{"name":"(anonymous_0)","decl":{"start":{"line":1,"column":29},"end":{"line":1,"column":30}},"loc":{"start":{"line":1,"column":49},"end":{"line":7,"column":1}},"line":1}},"branchMap":{},"s":{"0":1,"1":0,"2":0,"3":0,"4":1},"f":{"0":0},"b":{},"_coverageSchema":"1a1c01bbd47fc00a2c39e90264f33305004495a9","hash":"50c351638dc37d14b484eb186c3b258aee3e9874","contentHash":"62f557b4cf728555e08a36e55481f3e2b554a38f062a18c90c3738e1a3b85eac"},"/home/diganta/Desktop/FINAL_PROJECT/src/controllers/Instructor/instructorUpdateProfile.js":{"path":"/home/diganta/Desktop/FINAL_PROJECT/src/controllers/Instructor/instructorUpdateProfile.js","statementMap":{"0":{"start":{"line":1,"column":19},"end":{"line":1,"column":53}},"1":{"start":{"line":3,"column":32},"end":{"line":13,"column":1}},"2":{"start":{"line":4,"column":2},"end":{"line":12,"column":3}},"3":{"start":{"line":5,"column":15},"end":{"line":5,"column":33}},"4":{"start":{"line":6,"column":4},"end":{"line":6,"column":41}},"5":{"start":{"line":7,"column":20},"end":{"line":7,"column":91}},"6":{"start":{"line":8,"column":4},"end":{"line":8,"column":25}},"7":{"start":{"line":9,"column":4},"end":{"line":9,"column":33}},"8":{"start":{"line":11,"column":4},"end":{"line":11,"column":23}},"9":{"start":{"line":15,"column":0},"end":{"line":17,"column":2}}},"fnMap":{"0":{"name":"(anonymous_0)","decl":{"start":{"line":3,"column":32},"end":{"line":3,"column":33}},"loc":{"start":{"line":3,"column":52},"end":{"line":13,"column":1}},"line":3}},"branchMap":{},"s":{"0":1,"1":1,"2":0,"3":0,"4":0,"5":0,"6":0,"7":0,"8":0,"9":1},"f":{"0":0},"b":{},"_coverageSchema":"1a1c01bbd47fc00a2c39e90264f33305004495a9","hash":"2558219e210a77c3b3258d7e82caf9c98273cd82","contentHash":"a5aa797bc9628596640382d72d76571915007cd3f7850dbf9f99168ce7b3d019"},"/home/diganta/Desktop/FINAL_PROJECT/src/controllers/Instructor/instructorLogout.js":{"path":"/home/diganta/Desktop/FINAL_PROJECT/src/controllers/Instructor/instructorLogout.js","statementMap":{"0":{"start":{"line":1,"column":19},"end":{"line":1,"column":53}},"1":{"start":{"line":3,"column":25},"end":{"line":12,"column":1}},"2":{"start":{"line":4,"column":12},"end":{"line":8,"column":4}},"3":{"start":{"line":10,"column":2},"end":{"line":10,"column":17}},"4":{"start":{"line":11,"column":2},"end":{"line":11,"column":31}},"5":{"start":{"line":14,"column":0},"end":{"line":16,"column":2}}},"fnMap":{"0":{"name":"(anonymous_0)","decl":{"start":{"line":3,"column":25},"end":{"line":3,"column":26}},"loc":{"start":{"line":3,"column":45},"end":{"line":12,"column":1}},"line":3}},"branchMap":{},"s":{"0":1,"1":1,"2":0,"3":0,"4":0,"5":1},"f":{"0":0},"b":{},"_coverageSchema":"1a1c01bbd47fc00a2c39e90264f33305004495a9","hash":"f6c09a42daa74cff536e85da3bc1664cecbfe4e6","contentHash":"b973baa421930ff9e25bced7b04efb48f14f31270dab495e4978cc233a6ac1d0"},"/home/diganta/Desktop/FINAL_PROJECT/src/controllers/Instructor/instructorProfileOnLoad.js":{"path":"/home/diganta/Desktop/FINAL_PROJECT/src/controllers/Instructor/instructorProfileOnLoad.js","statementMap":{"0":{"start":{"line":1,"column":19},"end":{"line":1,"column":53}},"1":{"start":{"line":3,"column":32},"end":{"line":14,"column":1}},"2":{"start":{"line":4,"column":2},"end":{"line":13,"column":3}},"3":{"start":{"line":5,"column":23},"end":{"line":8,"column":6}},"4":{"start":{"line":9,"column":4},"end":{"line":9,"column":37}},"5":{"start":{"line":11,"column":4},"end":{"line":11,"column":23}},"6":{"start":{"line":12,"column":4},"end":{"line":12,"column":32}},"7":{"start":{"line":16,"column":0},"end":{"line":18,"column":2}}},"fnMap":{"0":{"name":"(anonymous_0)","decl":{"start":{"line":3,"column":32},"end":{"line":3,"column":33}},"loc":{"start":{"line":3,"column":52},"end":{"line":14,"column":1}},"line":3}},"branchMap":{},"s":{"0":1,"1":1,"2":0,"3":0,"4":0,"5":0,"6":0,"7":1},"f":{"0":0},"b":{},"_coverageSchema":"1a1c01bbd47fc00a2c39e90264f33305004495a9","hash":"eff3b1b71e5e7165c13ff6ae80c9cac15ec972e4","contentHash":"35967f574301cec5e1d66db0468de158bb2d89cbeb0fc40a854acd3de0fe7ca7"},"/home/diganta/Desktop/FINAL_PROJECT/src/controllers/Course/sectionDeletion.js":{"path":"/home/diganta/Desktop/FINAL_PROJECT/src/controllers/Course/sectionDeletion.js","statementMap":{"0":{"start":{"line":1,"column":15},"end":{"line":1,"column":45}},"1":{"start":{"line":3,"column":24},"end":{"line":14,"column":1}},"2":{"start":{"line":4,"column":2},"end":{"line":13,"column":3}},"3":{"start":{"line":5,"column":21},"end":{"line":5,"column":38}},"4":{"start":{"line":6,"column":22},"end":{"line":6,"column":40}},"5":{"start":{"line":7,"column":19},"end":{"line":7,"column":50}},"6":{"start":{"line":8,"column":4},"end":{"line":8,"column":40}},"7":{"start":{"line":9,"column":4},"end":{"line":9,"column":24}},"8":{"start":{"line":10,"column":4},"end":{"line":10,"column":57}},"9":{"start":{"line":12,"column":4},"end":{"line":12,"column":32}},"10":{"start":{"line":16,"column":0},"end":{"line":18,"column":2}}},"fnMap":{"0":{"name":"(anonymous_0)","decl":{"start":{"line":3,"column":24},"end":{"line":3,"column":25}},"loc":{"start":{"line":3,"column":44},"end":{"line":14,"column":1}},"line":3}},"branchMap":{},"s":{"0":1,"1":1,"2":0,"3":0,"4":0,"5":0,"6":0,"7":0,"8":0,"9":0,"10":1},"f":{"0":0},"b":{},"_coverageSchema":"1a1c01bbd47fc00a2c39e90264f33305004495a9","hash":"89dc2cc75032793add45b9761434798ae3d94979","contentHash":"63718b1a7b9153587d116a6eb3251e139d29cdcb013aa78b9c062f4b9dec29ac"},"/home/diganta/Desktop/FINAL_PROJECT/src/controllers/Instructor/instructoTokenVerify.js":{"path":"/home/diganta/Desktop/FINAL_PROJECT/src/controllers/Instructor/instructoTokenVerify.js","statementMap":{"0":{"start":{"line":1,"column":29},"end":{"line":13,"column":1}},"1":{"start":{"line":2,"column":4},"end":{"line":12,"column":5}},"2":{"start":{"line":3,"column":22},"end":{"line":3,"column":24}},"3":{"start":{"line":4,"column":8},"end":{"line":8,"column":9}},"4":{"start":{"line":5,"column":12},"end":{"line":5,"column":32}},"5":{"start":{"line":7,"column":12},"end":{"line":7,"column":29}},"6":{"start":{"line":9,"column":8},"end":{"line":9,"column":37}},"7":{"start":{"line":11,"column":8},"end":{"line":11,"column":35}},"8":{"start":{"line":15,"column":0},"end":{"line":17,"column":1}}},"fnMap":{"0":{"name":"(anonymous_0)","decl":{"start":{"line":1,"column":29},"end":{"line":1,"column":30}},"loc":{"start":{"line":1,"column":48},"end":{"line":13,"column":1}},"line":1}},"branchMap":{"0":{"loc":{"start":{"line":4,"column":8},"end":{"line":8,"column":9}},"type":"if","locations":[{"start":{"line":4,"column":8},"end":{"line":8,"column":9}},{"start":{"line":4,"column":8},"end":{"line":8,"column":9}}],"line":4}},"s":{"0":1,"1":0,"2":0,"3":0,"4":0,"5":0,"6":0,"7":0,"8":1},"f":{"0":0},"b":{"0":[0,0]},"_coverageSchema":"1a1c01bbd47fc00a2c39e90264f33305004495a9","hash":"496a0bb4db926a816f9a2d73125a9f060ad0310d","contentHash":"0f1276d1d1d213dce579a699ee46d2b8b6f1403f1ce23c29193175b45d5d5858"},"/home/diganta/Desktop/FINAL_PROJECT/src/controllers/Instructor/publishCourse.js":{"path":"/home/diganta/Desktop/FINAL_PROJECT/src/controllers/Instructor/publishCourse.js","statementMap":{"0":{"start":{"line":1,"column":15},"end":{"line":1,"column":45}},"1":{"start":{"line":3,"column":23},"end":{"line":12,"column":2}},"2":{"start":{"line":4,"column":4},"end":{"line":11,"column":5}},"3":{"start":{"line":5,"column":23},"end":{"line":5,"column":97}},"4":{"start":{"line":7,"column":8},"end":{"line":7,"column":59}},"5":{"start":{"line":9,"column":8},"end":{"line":9,"column":26}},"6":{"start":{"line":10,"column":8},"end":{"line":10,"column":35}},"7":{"start":{"line":14,"column":1},"end":{"line":16,"column":2}}},"fnMap":{"0":{"name":"(anonymous_0)","decl":{"start":{"line":3,"column":23},"end":{"line":3,"column":24}},"loc":{"start":{"line":3,"column":40},"end":{"line":12,"column":2}},"line":3}},"branchMap":{},"s":{"0":1,"1":1,"2":0,"3":0,"4":0,"5":0,"6":0,"7":1},"f":{"0":0},"b":{},"_coverageSchema":"1a1c01bbd47fc00a2c39e90264f33305004495a9","hash":"be44bfa6913d5b5d4b91d2016e70ff13f1c54a41","contentHash":"a46de40960a31b265da8b3bb73e5696fbfba39eae64cfc5454dd410eeaf91bcb"},"/home/diganta/Desktop/FINAL_PROJECT/src/controllers/Instructor/verifyCourseOwnership.js":{"path":"/home/diganta/Desktop/FINAL_PROJECT/src/controllers/Instructor/verifyCourseOwnership.js","statementMap":{"0":{"start":{"line":1,"column":15},"end":{"line":1,"column":45}},"1":{"start":{"line":3,"column":30},"end":{"line":14,"column":1}},"2":{"start":{"line":4,"column":4},"end":{"line":13,"column":5}},"3":{"start":{"line":5,"column":22},"end":{"line":5,"column":62}},"4":{"start":{"line":6,"column":8},"end":{"line":10,"column":9}},"5":{"start":{"line":7,"column":12},"end":{"line":7,"column":43}},"6":{"start":{"line":9,"column":12},"end":{"line":9,"column":47}},"7":{"start":{"line":12,"column":8},"end":{"line":12,"column":35}},"8":{"start":{"line":16,"column":0},"end":{"line":18,"column":1}}},"fnMap":{"0":{"name":"(anonymous_0)","decl":{"start":{"line":3,"column":30},"end":{"line":3,"column":31}},"loc":{"start":{"line":3,"column":50},"end":{"line":14,"column":1}},"line":3}},"branchMap":{"0":{"loc":{"start":{"line":6,"column":8},"end":{"line":10,"column":9}},"type":"if","locations":[{"start":{"line":6,"column":8},"end":{"line":10,"column":9}},{"start":{"line":6,"column":8},"end":{"line":10,"column":9}}],"line":6}},"s":{"0":1,"1":1,"2":0,"3":0,"4":0,"5":0,"6":0,"7":0,"8":1},"f":{"0":0},"b":{"0":[0,0]},"_coverageSchema":"1a1c01bbd47fc00a2c39e90264f33305004495a9","hash":"196771b75c7214c2d342f07714acd586135767c9","contentHash":"0296e4518757f036a67869fc35d3c0cb41bca22addfb0e1ff5c5cac12e972386"},"/home/diganta/Desktop/FINAL_PROJECT/src/controllers/Instructor/instructorProfile.js":{"path":"/home/diganta/Desktop/FINAL_PROJECT/src/controllers/Instructor/instructorProfile.js","statementMap":{"0":{"start":{"line":1,"column":19},"end":{"line":1,"column":53}},"1":{"start":{"line":3,"column":26},"end":{"line":15,"column":1}},"2":{"start":{"line":4,"column":2},"end":{"line":14,"column":3}},"3":{"start":{"line":5,"column":23},"end":{"line":8,"column":6}},"4":{"start":{"line":9,"column":4},"end":{"line":9,"column":28}},"5":{"start":{"line":10,"column":4},"end":{"line":10,"column":37}},"6":{"start":{"line":12,"column":4},"end":{"line":12,"column":23}},"7":{"start":{"line":13,"column":4},"end":{"line":13,"column":32}},"8":{"start":{"line":17,"column":0},"end":{"line":19,"column":2}}},"fnMap":{"0":{"name":"(anonymous_0)","decl":{"start":{"line":3,"column":26},"end":{"line":3,"column":27}},"loc":{"start":{"line":3,"column":46},"end":{"line":15,"column":1}},"line":3}},"branchMap":{},"s":{"0":1,"1":1,"2":0,"3":0,"4":0,"5":0,"6":0,"7":0,"8":1},"f":{"0":0},"b":{},"_coverageSchema":"1a1c01bbd47fc00a2c39e90264f33305004495a9","hash":"6b469792b6c0ceeeeaf6d3b2743db4a2cf8b22d8","contentHash":"7376ad45637899cf3ba86392720c0463020da040dbeb65be987667547738592a"},"/home/diganta/Desktop/FINAL_PROJECT/src/controllers/Instructor/getAllCourses.js":{"path":"/home/diganta/Desktop/FINAL_PROJECT/src/controllers/Instructor/getAllCourses.js","statementMap":{"0":{"start":{"line":1,"column":15},"end":{"line":1,"column":45}},"1":{"start":{"line":3,"column":22},"end":{"line":10,"column":1}},"2":{"start":{"line":4,"column":4},"end":{"line":9,"column":5}},"3":{"start":{"line":5,"column":24},"end":{"line":5,"column":68}},"4":{"start":{"line":6,"column":8},"end":{"line":6,"column":38}},"5":{"start":{"line":8,"column":8},"end":{"line":8,"column":35}},"6":{"start":{"line":12,"column":0},"end":{"line":14,"column":1}}},"fnMap":{"0":{"name":"(anonymous_0)","decl":{"start":{"line":3,"column":22},"end":{"line":3,"column":23}},"loc":{"start":{"line":3,"column":41},"end":{"line":10,"column":1}},"line":3}},"branchMap":{},"s":{"0":1,"1":1,"2":0,"3":0,"4":0,"5":0,"6":1},"f":{"0":0},"b":{},"_coverageSchema":"1a1c01bbd47fc00a2c39e90264f33305004495a9","hash":"c3df82082bbe332b5b86d4a3f8813fe5787afdca","contentHash":"e9e2e07b940d6865807a8a21a32dfbf702e2d7454a33bf5f074e078a69531e20"},"/home/diganta/Desktop/FINAL_PROJECT/src/controllers/Course/editCourse.js":{"path":"/home/diganta/Desktop/FINAL_PROJECT/src/controllers/Course/editCourse.js","statementMap":{"0":{"start":{"line":1,"column":15},"end":{"line":1,"column":45}},"1":{"start":{"line":3,"column":19},"end":{"line":18,"column":1}},"2":{"start":{"line":4,"column":4},"end":{"line":4,"column":49}},"3":{"start":{"line":5,"column":4},"end":{"line":17,"column":5}},"4":{"start":{"line":6,"column":23},"end":{"line":6,"column":63}},"5":{"start":{"line":8,"column":8},"end":{"line":10,"column":9}},"6":{"start":{"line":9,"column":12},"end":{"line":9,"column":48}},"7":{"start":{"line":11,"column":8},"end":{"line":11,"column":28}},"8":{"start":{"line":12,"column":8},"end":{"line":12,"column":46}},"9":{"start":{"line":14,"column":8},"end":{"line":14,"column":26}},"10":{"start":{"line":15,"column":8},"end":{"line":15,"column":35}},"11":{"start":{"line":20,"column":0},"end":{"line":22,"column":1}}},"fnMap":{"0":{"name":"(anonymous_0)","decl":{"start":{"line":3,"column":19},"end":{"line":3,"column":20}},"loc":{"start":{"line":3,"column":37},"end":{"line":18,"column":1}},"line":3}},"branchMap":{},"s":{"0":1,"1":1,"2":0,"3":0,"4":0,"5":0,"6":0,"7":0,"8":0,"9":0,"10":0,"11":1},"f":{"0":0},"b":{},"_coverageSchema":"1a1c01bbd47fc00a2c39e90264f33305004495a9","hash":"401f24632d8927faed5aff7d4a127f088f89ba05","contentHash":"22a8dc740430184635c8da7f2cac16f8a4be10ae83d433fc9f32b7f1aa42855d"},"/home/diganta/Desktop/FINAL_PROJECT/src/controllers/Course/coursePurchases.js":{"path":"/home/diganta/Desktop/FINAL_PROJECT/src/controllers/Course/coursePurchases.js","statementMap":{"0":{"start":{"line":1,"column":16},"end":{"line":1,"column":47}},"1":{"start":{"line":3,"column":24},"end":{"line":11,"column":1}},"2":{"start":{"line":4,"column":4},"end":{"line":10,"column":5}},"3":{"start":{"line":5,"column":26},"end":{"line":5,"column":72}},"4":{"start":{"line":6,"column":8},"end":{"line":6,"column":30}},"5":{"start":{"line":7,"column":8},"end":{"line":7,"column":40}},"6":{"start":{"line":9,"column":8},"end":{"line":9,"column":39}},"7":{"start":{"line":13,"column":0},"end":{"line":15,"column":1}}},"fnMap":{"0":{"name":"(anonymous_0)","decl":{"start":{"line":3,"column":24},"end":{"line":3,"column":25}},"loc":{"start":{"line":3,"column":43},"end":{"line":11,"column":1}},"line":3}},"branchMap":{},"s":{"0":1,"1":1,"2":0,"3":0,"4":0,"5":0,"6":0,"7":1},"f":{"0":0},"b":{},"_coverageSchema":"1a1c01bbd47fc00a2c39e90264f33305004495a9","hash":"01c2eb7f3875acf789fa6769267ed78ac5e76329","contentHash":"7e0629ccc18d6d6fbee8466ce881a02ebfac23943296ff091d877e3e1133eb68"},"/home/diganta/Desktop/FINAL_PROJECT/src/models/payment.js":{"path":"/home/diganta/Desktop/FINAL_PROJECT/src/models/payment.js","statementMap":{"0":{"start":{"line":11,"column":17},"end":{"line":11,"column":36}},"1":{"start":{"line":13,"column":22},"end":{"line":35,"column":2}},"2":{"start":{"line":36,"column":16},"end":{"line":36,"column":56}},"3":{"start":{"line":37,"column":0},"end":{"line":37,"column":25}}},"fnMap":{},"branchMap":{},"s":{"0":1,"1":1,"2":1,"3":1},"f":{},"b":{},"_coverageSchema":"1a1c01bbd47fc00a2c39e90264f33305004495a9","hash":"3bbefc61275bf0b3468b864d69445c7f7b9d140c","contentHash":"99ab60dbe9295ee3e342e27d951572296e66b4c9cfc5316d9bb8c040bfcb2cc2"},"/home/diganta/Desktop/FINAL_PROJECT/src/routes/studentRoutes.js":{"path":"/home/diganta/Desktop/FINAL_PROJECT/src/routes/studentRoutes.js","statementMap":{"0":{"start":{"line":1,"column":16},"end":{"line":1,"column":34}},"1":{"start":{"line":2,"column":15},"end":{"line":2,"column":31}},"2":{"start":{"line":6,"column":4},"end":{"line":6,"column":61}},"3":{"start":{"line":9,"column":4},"end":{"line":9,"column":60}},"4":{"start":{"line":12,"column":4},"end":{"line":12,"column":60}},"5":{"start":{"line":13,"column":30},"end":{"line":13,"column":76}},"6":{"start":{"line":16,"column":4},"end":{"line":16,"column":60}},"7":{"start":{"line":19,"column":4},"end":{"line":19,"column":57}},"8":{"start":{"line":20,"column":24},"end":{"line":20,"column":68}},"9":{"start":{"line":21,"column":22},"end":{"line":21,"column":64}},"10":{"start":{"line":22,"column":22},"end":{"line":22,"column":64}},"11":{"start":{"line":23,"column":27},"end":{"line":23,"column":75}},"12":{"start":{"line":24,"column":31},"end":{"line":24,"column":83}},"13":{"start":{"line":25,"column":26},"end":{"line":25,"column":73}},"14":{"start":{"line":26,"column":34},"end":{"line":26,"column":88}},"15":{"start":{"line":27,"column":24},"end":{"line":27,"column":69}},"16":{"start":{"line":28,"column":31},"end":{"line":28,"column":83}},"17":{"start":{"line":29,"column":28},"end":{"line":29,"column":77}},"18":{"start":{"line":30,"column":20},"end":{"line":30,"column":61}},"19":{"start":{"line":32,"column":0},"end":{"line":32,"column":39}},"20":{"start":{"line":33,"column":0},"end":{"line":33,"column":44}},"21":{"start":{"line":34,"column":0},"end":{"line":38,"column":2}},"22":{"start":{"line":39,"column":0},"end":{"line":43,"column":2}},"23":{"start":{"line":45,"column":0},"end":{"line":49,"column":2}},"24":{"start":{"line":50,"column":0},"end":{"line":50,"column":77}},"25":{"start":{"line":52,"column":0},"end":{"line":56,"column":2}},"26":{"start":{"line":58,"column":0},"end":{"line":58,"column":73}},"27":{"start":{"line":60,"column":0},"end":{"line":60,"column":39}},"28":{"start":{"line":62,"column":0},"end":{"line":62,"column":74}},"29":{"start":{"line":64,"column":0},"end":{"line":64,"column":69}},"30":{"start":{"line":65,"column":0},"end":{"line":65,"column":78}},"31":{"start":{"line":66,"column":0},"end":{"line":66,"column":71}},"32":{"start":{"line":67,"column":0},"end":{"line":67,"column":72}},"33":{"start":{"line":68,"column":0},"end":{"line":68,"column":55}},"34":{"start":{"line":69,"column":0},"end":{"line":69,"column":36}},"35":{"start":{"line":71,"column":0},"end":{"line":71,"column":24}}},"fnMap":{},"branchMap":{},"s":{"0":1,"1":1,"2":1,"3":1,"4":1,"5":1,"6":1,"7":1,"8":1,"9":1,"10":1,"11":1,"12":1,"13":1,"14":1,"15":1,"16":1,"17":1,"18":1,"19":1,"20":1,"21":1,"22":1,"23":1,"24":1,"25":1,"26":1,"27":1,"28":1,"29":1,"30":1,"31":1,"32":1,"33":1,"34":1,"35":1},"f":{},"b":{},"_coverageSchema":"1a1c01bbd47fc00a2c39e90264f33305004495a9","hash":"ace59f1b11df3271179245605860faeb9821412d","contentHash":"f38b69744fc026aca944e7ef61bb37ca0b68e6001ee0be67c112470cb7353b68"},"/home/diganta/Desktop/FINAL_PROJECT/src/controllers/Student/studentSignUpController.js":{"path":"/home/diganta/Desktop/FINAL_PROJECT/src/controllers/Student/studentSignUpController.js","statementMap":{"0":{"start":{"line":1,"column":16},"end":{"line":1,"column":47}},"1":{"start":{"line":2,"column":12},"end":{"line":2,"column":35}},"2":{"start":{"line":9,"column":22},"end":{"line":25,"column":1}},"3":{"start":{"line":10,"column":2},"end":{"line":24,"column":3}},"4":{"start":{"line":11,"column":20},"end":{"line":11,"column":41}},"5":{"start":{"line":13,"column":4},"end":{"line":13,"column":25}},"6":{"start":{"line":15,"column":4},"end":{"line":20,"column":7}},"7":{"start":{"line":22,"column":4},"end":{"line":22,"column":28}},"8":{"start":{"line":23,"column":4},"end":{"line":23,"column":53}},"9":{"start":{"line":27,"column":0},"end":{"line":29,"column":2}}},"fnMap":{"0":{"name":"(anonymous_0)","decl":{"start":{"line":9,"column":22},"end":{"line":9,"column":23}},"loc":{"start":{"line":9,"column":42},"end":{"line":25,"column":1}},"line":9}},"branchMap":{},"s":{"0":1,"1":1,"2":1,"3":0,"4":0,"5":0,"6":0,"7":0,"8":0,"9":1},"f":{"0":0},"b":{},"_coverageSchema":"1a1c01bbd47fc00a2c39e90264f33305004495a9","hash":"bfb15a2be2736db73b8c3544e02c1782c5f60088","contentHash":"8bcf10656510ee4a1986344a5d81f040a8f532dab7b596e2941565989e5caa60"},"/home/diganta/Desktop/FINAL_PROJECT/src/models/student.js":{"path":"/home/diganta/Desktop/FINAL_PROJECT/src/models/student.js","statementMap":{"0":{"start":{"line":16,"column":17},"end":{"line":16,"column":36}},"1":{"start":{"line":17,"column":18},"end":{"line":17,"column":38}},"2":{"start":{"line":18,"column":14},"end":{"line":18,"column":40}},"3":{"start":{"line":19,"column":15},"end":{"line":19,"column":32}},"4":{"start":{"line":20,"column":12},"end":{"line":20,"column":35}},"5":{"start":{"line":22,"column":22},"end":{"line":137,"column":2}},"6":{"start":{"line":30,"column":28},"end":{"line":30,"column":71}},"7":{"start":{"line":39,"column":28},"end":{"line":39,"column":52}},"8":{"start":{"line":48,"column":8},"end":{"line":54,"column":10}},"9":{"start":{"line":143,"column":0},"end":{"line":149,"column":3}},"10":{"start":{"line":144,"column":18},"end":{"line":144,"column":22}},"11":{"start":{"line":145,"column":2},"end":{"line":147,"column":3}},"12":{"start":{"line":146,"column":4},"end":{"line":146,"column":66}},"13":{"start":{"line":148,"column":2},"end":{"line":148,"column":9}},"14":{"start":{"line":153,"column":0},"end":{"line":166,"column":2}},"15":{"start":{"line":154,"column":18},"end":{"line":154,"column":22}},"16":{"start":{"line":155,"column":16},"end":{"line":160,"column":3}},"17":{"start":{"line":162,"column":2},"end":{"line":162,"column":52}},"18":{"start":{"line":163,"column":2},"end":{"line":163,"column":23}},"19":{"start":{"line":165,"column":2},"end":{"line":165,"column":15}},"20":{"start":{"line":172,"column":0},"end":{"line":190,"column":2}},"21":{"start":{"line":173,"column":18},"end":{"line":173,"column":50}},"22":{"start":{"line":175,"column":2},"end":{"line":177,"column":3}},"23":{"start":{"line":176,"column":4},"end":{"line":176,"column":46}},"24":{"start":{"line":183,"column":18},"end":{"line":183,"column":66}},"25":{"start":{"line":185,"column":2},"end":{"line":187,"column":3}},"26":{"start":{"line":186,"column":4},"end":{"line":186,"column":44}},"27":{"start":{"line":189,"column":2},"end":{"line":189,"column":17}},"28":{"start":{"line":192,"column":16},"end":{"line":192,"column":56}},"29":{"start":{"line":194,"column":0},"end":{"line":194,"column":25}}},"fnMap":{"0":{"name":"(anonymous_0)","decl":{"start":{"line":30,"column":17},"end":{"line":30,"column":18}},"loc":{"start":{"line":30,"column":28},"end":{"line":30,"column":71}},"line":30},"1":{"name":"(anonymous_1)","decl":{"start":{"line":39,"column":17},"end":{"line":39,"column":18}},"loc":{"start":{"line":39,"column":28},"end":{"line":39,"column":52}},"line":39},"2":{"name":"(anonymous_2)","decl":{"start":{"line":47,"column":17},"end":{"line":47,"column":18}},"loc":{"start":{"line":47,"column":28},"end":{"line":55,"column":7}},"line":47},"3":{"name":"(anonymous_3)","decl":{"start":{"line":143,"column":26},"end":{"line":143,"column":27}},"loc":{"start":{"line":143,"column":48},"end":{"line":149,"column":1}},"line":143},"4":{"name":"(anonymous_4)","decl":{"start":{"line":153,"column":42},"end":{"line":153,"column":43}},"loc":{"start":{"line":153,"column":62},"end":{"line":166,"column":1}},"line":153},"5":{"name":"(anonymous_5)","decl":{"start":{"line":172,"column":42},"end":{"line":172,"column":43}},"loc":{"start":{"line":172,"column":69},"end":{"line":190,"column":1}},"line":172}},"branchMap":{"0":{"loc":{"start":{"line":49,"column":10},"end":{"line":53,"column":29}},"type":"binary-expr","locations":[{"start":{"line":49,"column":10},"end":{"line":49,"column":47}},{"start":{"line":50,"column":10},"end":{"line":50,"column":29}},{"start":{"line":51,"column":10},"end":{"line":51,"column":29}},{"start":{"line":52,"column":10},"end":{"line":52,"column":26}},{"start":{"line":53,"column":10},"end":{"line":53,"column":29}}],"line":49},"1":{"loc":{"start":{"line":145,"column":2},"end":{"line":147,"column":3}},"type":"if","locations":[{"start":{"line":145,"column":2},"end":{"line":147,"column":3}},{"start":{"line":145,"column":2},"end":{"line":147,"column":3}}],"line":145},"2":{"loc":{"start":{"line":175,"column":2},"end":{"line":177,"column":3}},"type":"if","locations":[{"start":{"line":175,"column":2},"end":{"line":177,"column":3}},{"start":{"line":175,"column":2},"end":{"line":177,"column":3}}],"line":175},"3":{"loc":{"start":{"line":185,"column":2},"end":{"line":187,"column":3}},"type":"if","locations":[{"start":{"line":185,"column":2},"end":{"line":187,"column":3}},{"start":{"line":185,"column":2},"end":{"line":187,"column":3}}],"line":185}},"s":{"0":1,"1":1,"2":1,"3":1,"4":1,"5":1,"6":1,"7":1,"8":1,"9":1,"10":1,"11":1,"12":1,"13":1,"14":1,"15":0,"16":0,"17":0,"18":0,"19":0,"20":1,"21":0,"22":0,"23":0,"24":0,"25":0,"26":0,"27":0,"28":1,"29":1},"f":{"0":1,"1":1,"2":1,"3":1,"4":0,"5":0},"b":{"0":[1,1,1,1,1],"1":[1,0],"2":[0,0],"3":[0,0]},"_coverageSchema":"1a1c01bbd47fc00a2c39e90264f33305004495a9","hash":"20f5f8d3a1075e03d0891443dc78485c983e4764","contentHash":"23b0df845fbd8df7e124cc3e528b0c3be58e77c838c945ace60f307c9fee460b"},"/home/diganta/Desktop/FINAL_PROJECT/src/controllers/Student/studentLogInController.js":{"path":"/home/diganta/Desktop/FINAL_PROJECT/src/controllers/Student/studentLogInController.js","statementMap":{"0":{"start":{"line":1,"column":16},"end":{"line":1,"column":47}},"1":{"start":{"line":8,"column":21},"end":{"line":29,"column":1}},"2":{"start":{"line":9,"column":2},"end":{"line":28,"column":3}},"3":{"start":{"line":10,"column":20},"end":{"line":13,"column":5}},"4":{"start":{"line":15,"column":18},"end":{"line":15,"column":51}},"5":{"start":{"line":17,"column":4},"end":{"line":25,"column":7}},"6":{"start":{"line":27,"column":4},"end":{"line":27,"column":40}},"7":{"start":{"line":31,"column":0},"end":{"line":33,"column":2}}},"fnMap":{"0":{"name":"(anonymous_0)","decl":{"start":{"line":8,"column":21},"end":{"line":8,"column":22}},"loc":{"start":{"line":8,"column":41},"end":{"line":29,"column":1}},"line":8}},"branchMap":{},"s":{"0":1,"1":1,"2":0,"3":0,"4":0,"5":0,"6":0,"7":1},"f":{"0":0},"b":{},"_coverageSchema":"1a1c01bbd47fc00a2c39e90264f33305004495a9","hash":"320ce64709890a4c9e2e3e8656e9b6287fdba745","contentHash":"83d397d86558919e96d8a3f2616ad47709dc1576a75c9486733c87dd6d49ce8f"},"/home/diganta/Desktop/FINAL_PROJECT/src/controllers/Student/studentEnrolledCourses.js":{"path":"/home/diganta/Desktop/FINAL_PROJECT/src/controllers/Student/studentEnrolledCourses.js","statementMap":{"0":{"start":{"line":1,"column":16},"end":{"line":1,"column":47}},"1":{"start":{"line":2,"column":17},"end":{"line":2,"column":36}},"2":{"start":{"line":3,"column":31},"end":{"line":30,"column":1}},"3":{"start":{"line":4,"column":2},"end":{"line":29,"column":3}},"4":{"start":{"line":5,"column":22},"end":{"line":5,"column":37}},"5":{"start":{"line":6,"column":4},"end":{"line":6,"column":31}},"6":{"start":{"line":7,"column":20},"end":{"line":22,"column":6}},"7":{"start":{"line":24,"column":4},"end":{"line":24,"column":44}},"8":{"start":{"line":25,"column":4},"end":{"line":25,"column":53}},"9":{"start":{"line":27,"column":4},"end":{"line":27,"column":23}},"10":{"start":{"line":28,"column":4},"end":{"line":28,"column":32}},"11":{"start":{"line":32,"column":0},"end":{"line":34,"column":2}}},"fnMap":{"0":{"name":"(anonymous_0)","decl":{"start":{"line":3,"column":31},"end":{"line":3,"column":32}},"loc":{"start":{"line":3,"column":51},"end":{"line":30,"column":1}},"line":3}},"branchMap":{},"s":{"0":1,"1":1,"2":1,"3":0,"4":0,"5":0,"6":0,"7":0,"8":0,"9":0,"10":0,"11":1},"f":{"0":0},"b":{},"_coverageSchema":"1a1c01bbd47fc00a2c39e90264f33305004495a9","hash":"2d158d5746bee4d2429cd739623d8a0ac1410ff5","contentHash":"2dd69e2d205c542d3b917ca572101ffdfca3eae9c83ff7af0fed610690a5c8db"},"/home/diganta/Desktop/FINAL_PROJECT/src/middleware/studentAuthMiddleware.js":{"path":"/home/diganta/Desktop/FINAL_PROJECT/src/middleware/studentAuthMiddleware.js","statementMap":{"0":{"start":{"line":1,"column":12},"end":{"line":1,"column":35}},"1":{"start":{"line":2,"column":16},"end":{"line":2,"column":51}},"2":{"start":{"line":4,"column":30},"end":{"line":35,"column":1}},"3":{"start":{"line":5,"column":2},"end":{"line":34,"column":3}},"4":{"start":{"line":7,"column":18},"end":{"line":7,"column":32}},"5":{"start":{"line":9,"column":20},"end":{"line":9,"column":61}},"6":{"start":{"line":12,"column":20},"end":{"line":21,"column":5}},"7":{"start":{"line":23,"column":4},"end":{"line":26,"column":5}},"8":{"start":{"line":25,"column":6},"end":{"line":25,"column":24}},"9":{"start":{"line":28,"column":4},"end":{"line":28,"column":26}},"10":{"start":{"line":29,"column":4},"end":{"line":29,"column":22}},"11":{"start":{"line":30,"column":4},"end":{"line":30,"column":11}},"12":{"start":{"line":32,"column":4},"end":{"line":32,"column":23}},"13":{"start":{"line":33,"column":4},"end":{"line":33,"column":60}},"14":{"start":{"line":37,"column":0},"end":{"line":37,"column":39}}},"fnMap":{"0":{"name":"(anonymous_0)","decl":{"start":{"line":4,"column":30},"end":{"line":4,"column":31}},"loc":{"start":{"line":4,"column":56},"end":{"line":35,"column":1}},"line":4}},"branchMap":{"0":{"loc":{"start":{"line":23,"column":4},"end":{"line":26,"column":5}},"type":"if","locations":[{"start":{"line":23,"column":4},"end":{"line":26,"column":5}},{"start":{"line":23,"column":4},"end":{"line":26,"column":5}}],"line":23}},"s":{"0":1,"1":1,"2":1,"3":1,"4":1,"5":1,"6":1,"7":1,"8":0,"9":1,"10":1,"11":1,"12":0,"13":0,"14":1},"f":{"0":1},"b":{"0":[0,1]},"_coverageSchema":"1a1c01bbd47fc00a2c39e90264f33305004495a9","hash":"ff46b891225a7bcf6252980746128af247a73ede","contentHash":"78b9499a59699975fdee7f581a24546b379e9050964842ab9e5444fd985200f4"},"/home/diganta/Desktop/FINAL_PROJECT/src/controllers/Student/studentCheckIfEnrolled.js":{"path":"/home/diganta/Desktop/FINAL_PROJECT/src/controllers/Student/studentCheckIfEnrolled.js","statementMap":{"0":{"start":{"line":1,"column":31},"end":{"line":17,"column":1}},"1":{"start":{"line":2,"column":2},"end":{"line":16,"column":3}},"2":{"start":{"line":3,"column":15},"end":{"line":3,"column":32}},"3":{"start":{"line":4,"column":28},"end":{"line":5,"column":31}},"4":{"start":{"line":5,"column":21},"end":{"line":5,"column":30}},"5":{"start":{"line":6,"column":19},"end":{"line":6,"column":24}},"6":{"start":{"line":7,"column":4},"end":{"line":12,"column":5}},"7":{"start":{"line":7,"column":14},"end":{"line":7,"column":15}},"8":{"start":{"line":8,"column":6},"end":{"line":11,"column":7}},"9":{"start":{"line":9,"column":8},"end":{"line":9,"column":22}},"10":{"start":{"line":10,"column":8},"end":{"line":10,"column":14}},"11":{"start":{"line":13,"column":4},"end":{"line":13,"column":39}},"12":{"start":{"line":15,"column":4},"end":{"line":15,"column":23}},"13":{"start":{"line":19,"column":0},"end":{"line":21,"column":2}}},"fnMap":{"0":{"name":"(anonymous_0)","decl":{"start":{"line":1,"column":31},"end":{"line":1,"column":32}},"loc":{"start":{"line":1,"column":51},"end":{"line":17,"column":1}},"line":1},"1":{"name":"(anonymous_1)","decl":{"start":{"line":5,"column":9},"end":{"line":5,"column":10}},"loc":{"start":{"line":5,"column":21},"end":{"line":5,"column":30}},"line":5}},"branchMap":{"0":{"loc":{"start":{"line":8,"column":6},"end":{"line":11,"column":7}},"type":"if","locations":[{"start":{"line":8,"column":6},"end":{"line":11,"column":7}},{"start":{"line":8,"column":6},"end":{"line":11,"column":7}}],"line":8}},"s":{"0":1,"1":0,"2":0,"3":0,"4":0,"5":0,"6":0,"7":0,"8":0,"9":0,"10":0,"11":0,"12":0,"13":1},"f":{"0":0,"1":0},"b":{"0":[0,0]},"_coverageSchema":"1a1c01bbd47fc00a2c39e90264f33305004495a9","hash":"21f5d507d9f653b81abbb7e75d76f3fe81ba7cb8","contentHash":"69f77154539e85fe801fbc653c70410080698504e9bcbf253567eb0f34ce55ea"},"/home/diganta/Desktop/FINAL_PROJECT/src/controllers/Student/studentCourseStatus.js":{"path":"/home/diganta/Desktop/FINAL_PROJECT/src/controllers/Student/studentCourseStatus.js","statementMap":{"0":{"start":{"line":1,"column":28},"end":{"line":17,"column":1}},"1":{"start":{"line":2,"column":2},"end":{"line":16,"column":3}},"2":{"start":{"line":3,"column":21},"end":{"line":3,"column":38}},"3":{"start":{"line":4,"column":20},"end":{"line":4,"column":46}},"4":{"start":{"line":5,"column":24},"end":{"line":5,"column":54}},"5":{"start":{"line":6,"column":24},"end":{"line":6,"column":126}},"6":{"start":{"line":6,"column":71},"end":{"line":6,"column":125}},"7":{"start":{"line":7,"column":0},"end":{"line":7,"column":24}},"8":{"start":{"line":8,"column":4},"end":{"line":8,"column":84}},"9":{"start":{"line":10,"column":3},"end":{"line":10,"column":28}},"10":{"start":{"line":12,"column":4},"end":{"line":12,"column":49}},"11":{"start":{"line":14,"column":4},"end":{"line":14,"column":23}},"12":{"start":{"line":15,"column":4},"end":{"line":15,"column":32}},"13":{"start":{"line":19,"column":0},"end":{"line":21,"column":2}}},"fnMap":{"0":{"name":"(anonymous_0)","decl":{"start":{"line":1,"column":28},"end":{"line":1,"column":29}},"loc":{"start":{"line":1,"column":48},"end":{"line":17,"column":1}},"line":1},"1":{"name":"(anonymous_1)","decl":{"start":{"line":6,"column":61},"end":{"line":6,"column":62}},"loc":{"start":{"line":6,"column":71},"end":{"line":6,"column":125}},"line":6}},"branchMap":{},"s":{"0":1,"1":0,"2":0,"3":0,"4":0,"5":0,"6":0,"7":0,"8":0,"9":0,"10":0,"11":0,"12":0,"13":1},"f":{"0":0,"1":0},"b":{},"_coverageSchema":"1a1c01bbd47fc00a2c39e90264f33305004495a9","hash":"174915615a166011d13e8c105e730cac5195eae2","contentHash":"a6fa8f00a83f262531cffeeb8aa6357e8a3a0e5d47e93f8227af3b382d58606b"},"/home/diganta/Desktop/FINAL_PROJECT/src/controllers/Course/addQuestion.js":{"path":"/home/diganta/Desktop/FINAL_PROJECT/src/controllers/Course/addQuestion.js","statementMap":{"0":{"start":{"line":1,"column":15},"end":{"line":1,"column":45}},"1":{"start":{"line":3,"column":20},"end":{"line":25,"column":1}},"2":{"start":{"line":4,"column":2},"end":{"line":24,"column":3}},"3":{"start":{"line":6,"column":19},"end":{"line":6,"column":59}},"4":{"start":{"line":7,"column":28},"end":{"line":10,"column":5}},"5":{"start":{"line":9,"column":8},"end":{"line":9,"column":71}},"6":{"start":{"line":11,"column":4},"end":{"line":18,"column":5}},"7":{"start":{"line":12,"column":6},"end":{"line":17,"column":9}},"8":{"start":{"line":19,"column":4},"end":{"line":19,"column":24}},"9":{"start":{"line":20,"column":4},"end":{"line":20,"column":37}},"10":{"start":{"line":22,"column":4},"end":{"line":22,"column":23}},"11":{"start":{"line":23,"column":4},"end":{"line":23,"column":32}},"12":{"start":{"line":27,"column":0},"end":{"line":29,"column":2}}},"fnMap":{"0":{"name":"(anonymous_0)","decl":{"start":{"line":3,"column":20},"end":{"line":3,"column":21}},"loc":{"start":{"line":3,"column":40},"end":{"line":25,"column":1}},"line":3},"1":{"name":"(anonymous_1)","decl":{"start":{"line":8,"column":6},"end":{"line":8,"column":7}},"loc":{"start":{"line":9,"column":8},"end":{"line":9,"column":71}},"line":9}},"branchMap":{"0":{"loc":{"start":{"line":11,"column":4},"end":{"line":18,"column":5}},"type":"if","locations":[{"start":{"line":11,"column":4},"end":{"line":18,"column":5}},{"start":{"line":11,"column":4},"end":{"line":18,"column":5}}],"line":11}},"s":{"0":1,"1":1,"2":0,"3":0,"4":0,"5":0,"6":0,"7":0,"8":0,"9":0,"10":0,"11":0,"12":1},"f":{"0":0,"1":0},"b":{"0":[0,0]},"_coverageSchema":"1a1c01bbd47fc00a2c39e90264f33305004495a9","hash":"79ecaa3b37d6e63d51e54b734f35e6db4f6e23e6","contentHash":"cb3617260d70fbd0018a31569d06d18a1c4eecbf5ee19a0ffcf5a685785734ea"},"/home/diganta/Desktop/FINAL_PROJECT/src/controllers/Course/addAnswer.js":{"path":"/home/diganta/Desktop/FINAL_PROJECT/src/controllers/Course/addAnswer.js","statementMap":{"0":{"start":{"line":1,"column":15},"end":{"line":1,"column":45}},"1":{"start":{"line":3,"column":18},"end":{"line":27,"column":1}},"2":{"start":{"line":5,"column":2},"end":{"line":26,"column":3}},"3":{"start":{"line":6,"column":19},"end":{"line":21,"column":5}},"4":{"start":{"line":22,"column":4},"end":{"line":22,"column":42}},"5":{"start":{"line":23,"column":4},"end":{"line":23,"column":32}},"6":{"start":{"line":25,"column":4},"end":{"line":25,"column":31}},"7":{"start":{"line":29,"column":0},"end":{"line":31,"column":2}}},"fnMap":{"0":{"name":"(anonymous_0)","decl":{"start":{"line":3,"column":18},"end":{"line":3,"column":19}},"loc":{"start":{"line":3,"column":38},"end":{"line":27,"column":1}},"line":3}},"branchMap":{},"s":{"0":1,"1":1,"2":0,"3":0,"4":0,"5":0,"6":0,"7":1},"f":{"0":0},"b":{},"_coverageSchema":"1a1c01bbd47fc00a2c39e90264f33305004495a9","hash":"d8f09f712737ffad8bb788ab84c10245a044699f","contentHash":"39d2e4d478f40873db8b1f6c0e0f55f28c5a6d57553526e1be6c76cf6cd2bff9"},"/home/diganta/Desktop/FINAL_PROJECT/src/controllers/Course/addRating.js":{"path":"/home/diganta/Desktop/FINAL_PROJECT/src/controllers/Course/addRating.js","statementMap":{"0":{"start":{"line":1,"column":15},"end":{"line":1,"column":45}},"1":{"start":{"line":3,"column":18},"end":{"line":35,"column":1}},"2":{"start":{"line":4,"column":2},"end":{"line":34,"column":3}},"3":{"start":{"line":5,"column":19},"end":{"line":5,"column":59}},"4":{"start":{"line":6,"column":35},"end":{"line":9,"column":5}},"5":{"start":{"line":8,"column":8},"end":{"line":8,"column":75}},"6":{"start":{"line":10,"column":4},"end":{"line":10,"column":40}},"7":{"start":{"line":11,"column":4},"end":{"line":27,"column":5}},"8":{"start":{"line":12,"column":35},"end":{"line":15,"column":7}},"9":{"start":{"line":14,"column":10},"end":{"line":14,"column":77}},"10":{"start":{"line":16,"column":6},"end":{"line":20,"column":8}},"11":{"start":{"line":22,"column":6},"end":{"line":26,"column":9}},"12":{"start":{"line":28,"column":4},"end":{"line":28,"column":24}},"13":{"start":{"line":30,"column":4},"end":{"line":30,"column":33}},"14":{"start":{"line":32,"column":4},"end":{"line":32,"column":23}},"15":{"start":{"line":33,"column":4},"end":{"line":33,"column":32}},"16":{"start":{"line":37,"column":0},"end":{"line":39,"column":2}}},"fnMap":{"0":{"name":"(anonymous_0)","decl":{"start":{"line":3,"column":18},"end":{"line":3,"column":19}},"loc":{"start":{"line":3,"column":38},"end":{"line":35,"column":1}},"line":3},"1":{"name":"(anonymous_1)","decl":{"start":{"line":7,"column":6},"end":{"line":7,"column":7}},"loc":{"start":{"line":8,"column":8},"end":{"line":8,"column":75}},"line":8},"2":{"name":"(anonymous_2)","decl":{"start":{"line":13,"column":8},"end":{"line":13,"column":9}},"loc":{"start":{"line":14,"column":10},"end":{"line":14,"column":77}},"line":14}},"branchMap":{"0":{"loc":{"start":{"line":11,"column":4},"end":{"line":27,"column":5}},"type":"if","locations":[{"start":{"line":11,"column":4},"end":{"line":27,"column":5}},{"start":{"line":11,"column":4},"end":{"line":27,"column":5}}],"line":11}},"s":{"0":1,"1":1,"2":0,"3":0,"4":0,"5":0,"6":0,"7":0,"8":0,"9":0,"10":0,"11":0,"12":0,"13":0,"14":0,"15":0,"16":1},"f":{"0":0,"1":0,"2":0},"b":{"0":[0,0]},"_coverageSchema":"1a1c01bbd47fc00a2c39e90264f33305004495a9","hash":"599f915575327ea936e0d4a6bd8346d6e209c399","contentHash":"d4aa6f9a7cffb4192ea670a6946075d11de465189d6c4b19c8de1031a6e33937"},"/home/diganta/Desktop/FINAL_PROJECT/src/controllers/Student/studentProfile.js":{"path":"/home/diganta/Desktop/FINAL_PROJECT/src/controllers/Student/studentProfile.js","statementMap":{"0":{"start":{"line":1,"column":16},"end":{"line":1,"column":47}},"1":{"start":{"line":3,"column":23},"end":{"line":14,"column":1}},"2":{"start":{"line":4,"column":2},"end":{"line":13,"column":3}},"3":{"start":{"line":5,"column":20},"end":{"line":8,"column":6}},"4":{"start":{"line":9,"column":4},"end":{"line":9,"column":34}},"5":{"start":{"line":11,"column":4},"end":{"line":11,"column":23}},"6":{"start":{"line":12,"column":4},"end":{"line":12,"column":32}},"7":{"start":{"line":16,"column":0},"end":{"line":18,"column":2}}},"fnMap":{"0":{"name":"(anonymous_0)","decl":{"start":{"line":3,"column":23},"end":{"line":3,"column":24}},"loc":{"start":{"line":3,"column":43},"end":{"line":14,"column":1}},"line":3}},"branchMap":{},"s":{"0":1,"1":1,"2":0,"3":0,"4":0,"5":0,"6":0,"7":1},"f":{"0":0},"b":{},"_coverageSchema":"1a1c01bbd47fc00a2c39e90264f33305004495a9","hash":"dbd8af2faa275b69e886dbb72000671111429be5","contentHash":"8d5a49351daac7569e81da255c0636354b2d2ee912ff2ec27596f1cea7f5dfaf"},"/home/diganta/Desktop/FINAL_PROJECT/src/controllers/Student/studentTokenVerify.js":{"path":"/home/diganta/Desktop/FINAL_PROJECT/src/controllers/Student/studentTokenVerify.js","statementMap":{"0":{"start":{"line":1,"column":26},"end":{"line":14,"column":1}},"1":{"start":{"line":2,"column":4},"end":{"line":13,"column":5}},"2":{"start":{"line":3,"column":22},"end":{"line":3,"column":24}},"3":{"start":{"line":4,"column":8},"end":{"line":8,"column":9}},"4":{"start":{"line":5,"column":12},"end":{"line":5,"column":32}},"5":{"start":{"line":7,"column":12},"end":{"line":7,"column":29}},"6":{"start":{"line":9,"column":8},"end":{"line":9,"column":28}},"7":{"start":{"line":10,"column":8},"end":{"line":10,"column":37}},"8":{"start":{"line":12,"column":8},"end":{"line":12,"column":35}},"9":{"start":{"line":16,"column":0},"end":{"line":18,"column":1}}},"fnMap":{"0":{"name":"(anonymous_0)","decl":{"start":{"line":1,"column":26},"end":{"line":1,"column":27}},"loc":{"start":{"line":1,"column":45},"end":{"line":14,"column":1}},"line":1}},"branchMap":{"0":{"loc":{"start":{"line":4,"column":8},"end":{"line":8,"column":9}},"type":"if","locations":[{"start":{"line":4,"column":8},"end":{"line":8,"column":9}},{"s
[...]
start":{"line":6,"column":2},"end":{"line":10,"column":3}}],"line":6},"1":{"loc":{"start":{"line":33,"column":2},"end":{"line":33,"column":89}},"type":"if","locations":[{"start":{"line":33,"column":2},"end":{"line":33,"column":89}},{"start":{"line":33,"column":2},"end":{"line":33,"column":89}}],"line":33}},"s":{"0":1,"1":1,"2":1,"3":0,"4":0,"5":0,"6":0,"7":0,"8":0,"9":0,"10":0,"11":0,"12":0,"13":0,"14":0,"15":0,"16":0,"17":0,"18":0,"19":1},"f":{"0":0,"1":0,"2":0},"b":{"0":[0,0],"1":[0,0]},"_coverageSchema":"1a1c01bbd47fc00a2c39e90264f33305004495a9","hash":"9fa1b5cc330730927ec10856062c6b573d56c08f","contentHash":"b8872df2370826c9c6c0bdb1b00231eb83646b7350a2dd184ccf8a781d8a154a"},"/home/diganta/Desktop/FINAL_PROJECT/src/controllers/Course/getSingleCourse.js":{"path":"/home/diganta/Desktop/FINAL_PROJECT/src/controllers/Course/getSingleCourse.js","statementMap":{"0":{"start":{"line":1,"column":15},"end":{"line":1,"column":45}},"1":{"start":{"line":3,"column":24},"end":{"line":16,"column":1}},"2":{"start":{"line":4,"column":2},"end":{"line":15,"column":3}},"3":{"start":{"line":5,"column":21},"end":{"line":5,"column":34}},"4":{"start":{"line":6,"column":4},"end":{"line":6,"column":39}},"5":{"start":{"line":7,"column":19},"end":{"line":10,"column":6}},"6":{"start":{"line":11,"column":4},"end":{"line":11,"column":24}},"7":{"start":{"line":12,"column":4},"end":{"line":12,"column":37}},"8":{"start":{"line":14,"column":4},"end":{"line":14,"column":51}},"9":{"start":{"line":18,"column":0},"end":{"line":20,"column":2}}},"fnMap":{"0":{"name":"(anonymous_0)","decl":{"start":{"line":3,"column":24},"end":{"line":3,"column":25}},"loc":{"start":{"line":3,"column":44},"end":{"line":16,"column":1}},"line":3}},"branchMap":{},"s":{"0":1,"1":1,"2":0,"3":0,"4":0,"5":0,"6":0,"7":0,"8":0,"9":1},"f":{"0":0},"b":{},"_coverageSchema":"1a1c01bbd47fc00a2c39e90264f33305004495a9","hash":"9403fa2132ca77a00477a8aa51dd71a8be17af48","contentHash":"ccffaaa623040652d3d0db8c3472df5c55cb2d08b16ee1695cfcb12dd7c74bfd"},"/home/diganta/Desktop/FINAL_PROJECT/src/controllers/Course/getAllCourses.js":{"path":"/home/diganta/Desktop/FINAL_PROJECT/src/controllers/Course/getAllCourses.js","statementMap":{"0":{"start":{"line":1,"column":15},"end":{"line":1,"column":45}},"1":{"start":{"line":3,"column":22},"end":{"line":13,"column":1}},"2":{"start":{"line":4,"column":2},"end":{"line":12,"column":3}},"3":{"start":{"line":5,"column":20},"end":{"line":8,"column":6}},"4":{"start":{"line":9,"column":4},"end":{"line":9,"column":34}},"5":{"start":{"line":11,"column":4},"end":{"line":11,"column":32}},"6":{"start":{"line":15,"column":0},"end":{"line":17,"column":2}}},"fnMap":{"0":{"name":"(anonymous_0)","decl":{"start":{"line":3,"column":22},"end":{"line":3,"column":23}},"loc":{"start":{"line":3,"column":42},"end":{"line":13,"column":1}},"line":3}},"branchMap":{},"s":{"0":1,"1":1,"2":0,"3":0,"4":0,"5":0,"6":1},"f":{"0":0},"b":{},"_coverageSchema":"1a1c01bbd47fc00a2c39e90264f33305004495a9","hash":"baea06b37274e7d25f6fe9df3b00145b888515b3","contentHash":"e10722d498111e20a94d2ae9c084c146ae0526ff81ca89038984a38dcbcbded1"},"/home/diganta/Desktop/FINAL_PROJECT/src/routes/adminRoutes.js":{"path":"/home/diganta/Desktop/FINAL_PROJECT/src/routes/adminRoutes.js","statementMap":{"0":{"start":{"line":1,"column":16},"end":{"line":1,"column":34}},"1":{"start":{"line":2,"column":24},"end":{"line":2,"column":69}},"2":{"start":{"line":3,"column":27},"end":{"line":3,"column":78}},"3":{"start":{"line":4,"column":24},"end":{"line":4,"column":67}},"4":{"start":{"line":5,"column":30},"end":{"line":5,"column":79}},"5":{"start":{"line":6,"column":25},"end":{"line":6,"column":70}},"6":{"start":{"line":7,"column":28},"end":{"line":7,"column":72}},"7":{"start":{"line":8,"column":24},"end":{"line":8,"column":67}},"8":{"start":{"line":9,"column":15},"end":{"line":9,"column":31}},"9":{"start":{"line":11,"column":0},"end":{"line":11,"column":64}},"10":{"start":{"line":12,"column":0},"end":{"line":12,"column":70}},"11":{"start":{"line":13,"column":0},"end":{"line":13,"column":40}},"12":{"start":{"line":14,"column":0},"end":{"line":14,"column":42}},"13":{"start":{"line":15,"column":0},"end":{"line":15,"column":80}},"14":{"start":{"line":16,"column":0},"end":{"line":16,"column":71}},"15":{"start":{"line":17,"column":0},"end":{"line":17,"column":63}},"16":{"start":{"line":19,"column":0},"end":{"line":19,"column":24}}},"fnMap":{},"branchMap":{},"s":{"0":1,"1":1,"2":1,"3":1,"4":1,"5":1,"6":1,"7":1,"8":1,"9":1,"10":1,"11":1,"12":1,"13":1,"14":1,"15":1,"16":1},"f":{},"b":{},"_coverageSchema":"1a1c01bbd47fc00a2c39e90264f33305004495a9","hash":"908275afae9f9300e0bd2d0c0925d9cd2809f9ca","contentHash":"a3f29adaa1cea96d116de2c64b5f2675692eb3fd5583acb3b95cbde92eba94c3"},"/home/diganta/Desktop/FINAL_PROJECT/src/controllers/Student/allStudents.js":{"path":"/home/diganta/Desktop/FINAL_PROJECT/src/controllers/Student/allStudents.js","statementMap":{"0":{"start":{"line":1,"column":16},"end":{"line":1,"column":47}},"1":{"start":{"line":3,"column":20},"end":{"line":10,"column":1}},"2":{"start":{"line":4,"column":2},"end":{"line":9,"column":3}},"3":{"start":{"line":5,"column":21},"end":{"line":5,"column":60}},"4":{"start":{"line":6,"column":4},"end":{"line":6,"column":35}},"5":{"start":{"line":8,"column":4},"end":{"line":8,"column":32}},"6":{"start":{"line":12,"column":0},"end":{"line":14,"column":2}}},"fnMap":{"0":{"name":"(anonymous_0)","decl":{"start":{"line":3,"column":20},"end":{"line":3,"column":21}},"loc":{"start":{"line":3,"column":40},"end":{"line":10,"column":1}},"line":3}},"branchMap":{},"s":{"0":1,"1":1,"2":0,"3":0,"4":0,"5":0,"6":1},"f":{"0":0},"b":{},"_coverageSchema":"1a1c01bbd47fc00a2c39e90264f33305004495a9","hash":"2fdcc3139fc6b924fbc812e75593f1a101d97b39","contentHash":"1e20411bac27730be9671ce3b4949905701f76e73913197c2097ed3d6478714a"},"/home/diganta/Desktop/FINAL_PROJECT/src/controllers/Instructor/allInstructors.js":{"path":"/home/diganta/Desktop/FINAL_PROJECT/src/controllers/Instructor/allInstructors.js","statementMap":{"0":{"start":{"line":1,"column":15},"end":{"line":1,"column":45}},"1":{"start":{"line":2,"column":19},"end":{"line":2,"column":53}},"2":{"start":{"line":4,"column":23},"end":{"line":32,"column":1}},"3":{"start":{"line":5,"column":2},"end":{"line":31,"column":3}},"4":{"start":{"line":6,"column":20},"end":{"line":6,"column":41}},"5":{"start":{"line":7,"column":33},"end":{"line":10,"column":5}},"6":{"start":{"line":11,"column":28},"end":{"line":11,"column":53}},"7":{"start":{"line":12,"column":26},"end":{"line":12,"column":35}},"8":{"start":{"line":13,"column":4},"end":{"line":15,"column":5}},"9":{"start":{"line":13,"column":17},"end":{"line":13,"column":18}},"10":{"start":{"line":14,"column":6},"end":{"line":14,"column":71}},"11":{"start":{"line":16,"column":4},"end":{"line":25,"column":5}},"12":{"start":{"line":16,"column":17},"end":{"line":16,"column":18}},"13":{"start":{"line":17,"column":6},"end":{"line":24,"column":7}},"14":{"start":{"line":17,"column":19},"end":{"line":17,"column":20}},"15":{"start":{"line":18,"column":8},"end":{"line":23,"column":9}},"16":{"start":{"line":22,"column":10},"end":{"line":22,"column":54}},"17":{"start":{"line":26,"column":24},"end":{"line":26,"column":39}},"18":{"start":{"line":27,"column":4},"end":{"line":27,"column":38}},"19":{"start":{"line":29,"column":4},"end":{"line":29,"column":23}},"20":{"start":{"line":30,"column":4},"end":{"line":30,"column":32}},"21":{"start":{"line":34,"column":0},"end":{"line":36,"column":2}}},"fnMap":{"0":{"name":"(anonymous_0)","decl":{"start":{"line":4,"column":23},"end":{"line":4,"column":24}},"loc":{"start":{"line":4,"column":43},"end":{"line":32,"column":1}},"line":4}},"branchMap":{"0":{"loc":{"start":{"line":18,"column":8},"end":{"line":23,"column":9}},"type":"if","locations":[{"start":{"line":18,"column":8},"end":{"line":23,"column":9}},{"start":{"line":18,"column":8},"end":{"line":23,"column":9}}],"line":18}},"s":{"0":1,"1":1,"2":1,"3":0,"4":0,"5":0,"6":0,"7":0,"8":0,"9":0,"10":0,"11":0,"12":0,"13":0,"14":0,"15":0,"16":0,"17":0,"18":0,"19":0,"20":0,"21":1},"f":{"0":0},"b":{"0":[0,0]},"_coverageSchema":"1a1c01bbd47fc00a2c39e90264f33305004495a9","hash":"36e1548ab7c302922e4a4f41f21f9e92768bf24c","contentHash":"315c4b0bd1b797369dd1ac5aca2d90f23aa1dac7ecb0d7876c1c55864e5ccdf0"},"/home/diganta/Desktop/FINAL_PROJECT/src/controllers/Admin/adminSignIn.js":{"path":"/home/diganta/Desktop/FINAL_PROJECT/src/controllers/Admin/adminSignIn.js","statementMap":{"0":{"start":{"line":1,"column":12},"end":{"line":1,"column":35}},"1":{"start":{"line":3,"column":20},"end":{"line":26,"column":1}},"2":{"start":{"line":4,"column":19},"end":{"line":4,"column":36}},"3":{"start":{"line":5,"column":19},"end":{"line":5,"column":36}},"4":{"start":{"line":6,"column":2},"end":{"line":25,"column":3}},"5":{"start":{"line":7,"column":18},"end":{"line":12,"column":5}},"6":{"start":{"line":13,"column":4},"end":{"line":17,"column":7}},"7":{"start":{"line":18,"column":4},"end":{"line":18,"column":11}},"8":{"start":{"line":20,"column":4},"end":{"line":20,"column":27}},"9":{"start":{"line":21,"column":4},"end":{"line":23,"column":7}},"10":{"start":{"line":24,"column":4},"end":{"line":24,"column":11}},"11":{"start":{"line":28,"column":0},"end":{"line":30,"column":2}}},"fnMap":{"0":{"name":"(anonymous_0)","decl":{"start":{"line":3,"column":20},"end":{"line":3,"column":21}},"loc":{"start":{"line":3,"column":40},"end":{"line":26,"column":1}},"line":3}},"branchMap":{"0":{"loc":{"start":{"line":6,"column":2},"end":{"line":25,"column":3}},"type":"if","locations":[{"start":{"line":6,"column":2},"end":{"line":25,"column":3}},{"start":{"line":6,"column":2},"end":{"line":25,"column":3}}],"line":6},"1":{"loc":{"start":{"line":6,"column":6},"end":{"line":6,"column":74}},"type":"binary-expr","locations":[{"start":{"line":6,"column":6},"end":{"line":6,"column":36}},{"start":{"line":6,"column":40},"end":{"line":6,"column":74}}],"line":6}},"s":{"0":1,"1":1,"2":0,"3":0,"4":0,"5":0,"6":0,"7":0,"8":0,"9":0,"10":0,"11":1},"f":{"0":0},"b":{"0":[0,0],"1":[0,0]},"_coverageSchema":"1a1c01bbd47fc00a2c39e90264f33305004495a9","hash":"7aa28200ec70d3aedca547e574456308b5d11050","contentHash":"672410c336823b7ec7b70af2ff4701a3947e4e9c48ed5a9ff2628d3e5e43806c"},"/home/diganta/Desktop/FINAL_PROJECT/src/controllers/Admin/getInstructorName.js":{"path":"/home/diganta/Desktop/FINAL_PROJECT/src/controllers/Admin/getInstructorName.js","statementMap":{"0":{"start":{"line":1,"column":19},"end":{"line":1,"column":53}},"1":{"start":{"line":3,"column":26},"end":{"line":11,"column":1}},"2":{"start":{"line":4,"column":4},"end":{"line":10,"column":5}},"3":{"start":{"line":5,"column":27},"end":{"line":5,"column":82}},"4":{"start":{"line":6,"column":8},"end":{"line":6,"column":31}},"5":{"start":{"line":7,"column":8},"end":{"line":7,"column":46}},"6":{"start":{"line":9,"column":8},"end":{"line":9,"column":35}},"7":{"start":{"line":13,"column":0},"end":{"line":15,"column":1}}},"fnMap":{"0":{"name":"(anonymous_0)","decl":{"start":{"line":3,"column":26},"end":{"line":3,"column":27}},"loc":{"start":{"line":3,"column":45},"end":{"line":11,"column":1}},"line":3}},"branchMap":{},"s":{"0":1,"1":1,"2":0,"3":0,"4":0,"5":0,"6":0,"7":1},"f":{"0":0},"b":{},"_coverageSchema":"1a1c01bbd47fc00a2c39e90264f33305004495a9","hash":"51671b9f4899586eef9ad9a78d29235ecfa6a377","contentHash":"3eb856a67f7f1b0864a9ffbf27e90fb69d50c5bfa8871fad2e79a6b8b3539a09"},"/home/diganta/Desktop/FINAL_PROJECT/src/controllers/Course/updateStatus.js":{"path":"/home/diganta/Desktop/FINAL_PROJECT/src/controllers/Course/updateStatus.js","statementMap":{"0":{"start":{"line":1,"column":15},"end":{"line":1,"column":45}},"1":{"start":{"line":3,"column":21},"end":{"line":13,"column":1}},"2":{"start":{"line":4,"column":4},"end":{"line":12,"column":5}},"3":{"start":{"line":5,"column":8},"end":{"line":5,"column":29}},"4":{"start":{"line":6,"column":23},"end":{"line":6,"column":98}},"5":{"start":{"line":7,"column":8},"end":{"line":7,"column":34}},"6":{"start":{"line":8,"column":8},"end":{"line":8,"column":36}},"7":{"start":{"line":10,"column":8},"end":{"line":10,"column":26}},"8":{"start":{"line":11,"column":8},"end":{"line":11,"column":35}},"9":{"start":{"line":15,"column":0},"end":{"line":17,"column":1}}},"fnMap":{"0":{"name":"(anonymous_0)","decl":{"start":{"line":3,"column":21},"end":{"line":3,"column":22}},"loc":{"start":{"line":3,"column":38},"end":{"line":13,"column":1}},"line":3}},"branchMap":{},"s":{"0":1,"1":1,"2":0,"3":0,"4":0,"5":0,"6":0,"7":0,"8":0,"9":1},"f":{"0":0},"b":{},"_coverageSchema":"1a1c01bbd47fc00a2c39e90264f33305004495a9","hash":"0a239449b385f08c45d80ac474865de73b786855","contentHash":"ea2b9d857765c33a0686c77b8fb4968a0574b6d7ee6d08931306eb2c8f64338a"},"/home/diganta/Desktop/FINAL_PROJECT/src/middleware/adminAuthMiddleware.js":{"path":"/home/diganta/Desktop/FINAL_PROJECT/src/middleware/adminAuthMiddleware.js","statementMap":{"0":{"start":{"line":1,"column":12},"end":{"line":1,"column":35}},"1":{"start":{"line":2,"column":19},"end":{"line":2,"column":57}},"2":{"start":{"line":4,"column":28},"end":{"line":26,"column":1}},"3":{"start":{"line":5,"column":2},"end":{"line":25,"column":3}},"4":{"start":{"line":6,"column":4},"end":{"line":6,"column":26}},"5":{"start":{"line":7,"column":18},"end":{"line":7,"column":32}},"6":{"start":{"line":10,"column":20},"end":{"line":10,"column":61}},"7":{"start":{"line":15,"column":4},"end":{"line":17,"column":5}},"8":{"start":{"line":16,"column":6},"end":{"line":16,"column":24}},"9":{"start":{"line":20,"column":4},"end":{"line":20,"column":22}},"10":{"start":{"line":21,"column":4},"end":{"line":21,"column":11}},"11":{"start":{"line":23,"column":4},"end":{"line":23,"column":23}},"12":{"start":{"line":24,"column":4},"end":{"line":24,"column":60}},"13":{"start":{"line":28,"column":0},"end":{"line":28,"column":37}}},"fnMap":{"0":{"name":"(anonymous_0)","decl":{"start":{"line":4,"column":28},"end":{"line":4,"column":29}},"loc":{"start":{"line":4,"column":54},"end":{"line":26,"column":1}},"line":4}},"branchMap":{"0":{"loc":{"start":{"line":15,"column":4},"end":{"line":17,"column":5}},"type":"if","locations":[{"start":{"line":15,"column":4},"end":{"line":17,"column":5}},{"start":{"line":15,"column":4},"end":{"line":17,"column":5}}],"line":15}},"s":{"0":1,"1":1,"2":1,"3":0,"4":0,"5":0,"6":0,"7":0,"8":0,"9":0,"10":0,"11":0,"12":0,"13":1},"f":{"0":0},"b":{"0":[0,0]},"_coverageSchema":"1a1c01bbd47fc00a2c39e90264f33305004495a9","hash":"b188da2ea671adab6928922f0c1864ca8813ba81","contentHash":"6c0bf8afaa5c788e1ffcb1a5308922552bcdbfa3a63fff27e6f705b8d895add1"},"/home/diganta/Desktop/FINAL_PROJECT/src/controllers/Admin/adminVerify.js":{"path":"/home/diganta/Desktop/FINAL_PROJECT/src/controllers/Admin/adminVerify.js","statementMap":{"0":{"start":{"line":1,"column":20},"end":{"line":7,"column":1}},"1":{"start":{"line":2,"column":4},"end":{"line":6,"column":5}},"2":{"start":{"line":3,"column":8},"end":{"line":3,"column":40}},"3":{"start":{"line":5,"column":8},"end":{"line":5,"column":36}},"4":{"start":{"line":9,"column":0},"end":{"line":11,"column":1}}},"fnMap":{"0":{"name":"(anonymous_0)","decl":{"start":{"line":1,"column":20},"end":{"line":1,"column":21}},"loc":{"start":{"line":1,"column":37},"end":{"line":7,"column":1}},"line":1}},"branchMap":{},"s":{"0":1,"1":0,"2":0,"3":0,"4":1},"f":{"0":0},"b":{},"_coverageSchema":"1a1c01bbd47fc00a2c39e90264f33305004495a9","hash":"48ef90bf49ce9d2030fca47317b33a7b4af6fd83","contentHash":"cf4a69b6719a83128f4f3edf18db8e78c530e9cc69c795d95b33c5000bafff08"},"/home/diganta/Desktop/FINAL_PROJECT/src/routes/paymentRoutes.js":{"path":"/home/diganta/Desktop/FINAL_PROJECT/src/routes/paymentRoutes.js","statementMap":{"0":{"start":{"line":1,"column":16},"end":{"line":1,"column":34}},"1":{"start":{"line":2,"column":27},"end":{"line":2,"column":75}},"2":{"start":{"line":3,"column":15},"end":{"line":3,"column":31}},"3":{"start":{"line":5,"column":0},"end":{"line":5,"column":44}},"4":{"start":{"line":7,"column":0},"end":{"line":7,"column":24}}},"fnMap":{},"branchMap":{},"s":{"0":1,"1":1,"2":1,"3":1,"4":1},"f":{},"b":{},"_coverageSchema":"1a1c01bbd47fc00a2c39e90264f33305004495a9","hash":"30cc4fd10b7536d02a18904b417286b154f063f6","contentHash":"edea678bfd6e77360a016ac850b5582ab9dce7d1569741b9d03a692be547ec48"},"/home/diganta/Desktop/FINAL_PROJECT/src/controllers/Payment/getAllPayments.js":{"path":"/home/diganta/Desktop/FINAL_PROJECT/src/controllers/Payment/getAllPayments.js","statementMap":{"0":{"start":{"line":1,"column":16},"end":{"line":1,"column":47}},"1":{"start":{"line":3,"column":23},"end":{"line":10,"column":1}},"2":{"start":{"line":4,"column":2},"end":{"line":9,"column":3}},"3":{"start":{"line":5,"column":21},"end":{"line":5,"column":41}},"4":{"start":{"line":6,"column":4},"end":{"line":6,"column":35}},"5":{"start":{"line":8,"column":4},"end":{"line":8,"column":32}},"6":{"start":{"line":12,"column":0},"end":{"line":14,"column":2}}},"fnMap":{"0":{"name":"(anonymous_0)","decl":{"start":{"line":3,"column":23},"end":{"line":3,"column":24}},"loc":{"start":{"line":3,"column":43},"end":{"line":10,"column":1}},"line":3}},"branchMap":{},"s":{"0":1,"1":1,"2":0,"3":0,"4":0,"5":0,"6":1},"f":{"0":0},"b":{},"_coverageSchema":"1a1c01bbd47fc00a2c39e90264f33305004495a9","hash":"2488741639dd857a533dc928be5e01fdd04cb623","contentHash":"3412d38f7f27bad01cf62b825518505e9d443cbcf2637009cca320339c341b74"},"/home/diganta/Desktop/FINAL_PROJECT/src/controllers/Course/courseEnroll.js":{"path":"/home/diganta/Desktop/FINAL_PROJECT/src/controllers/Course/courseEnroll.js","statementMap":{"0":{"start":{"line":1,"column":15},"end":{"line":1,"column":45}},"1":{"start":{"line":2,"column":21},"end":{"line":2,"column":49}},"2":{"start":{"line":3,"column":15},"end":{"line":3,"column":63}},"3":{"start":{"line":5,"column":21},"end":{"line":45,"column":1}},"4":{"start":{"line":6,"column":2},"end":{"line":6,"column":24}},"5":{"start":{"line":7,"column":17},"end":{"line":7,"column":57}},"6":{"start":{"line":9,"column":18},"end":{"line":9,"column":29}},"7":{"start":{"line":11,"column":22},"end":{"line":11,"column":65}},"8":{"start":{"line":11,"column":55},"end":{"line":11,"column":64}},"9":{"start":{"line":13,"column":2},"end":{"line":17,"column":3}},"10":{"start":{"line":14,"column":4},"end":{"line":14,"column":40}},"11":{"start":{"line":16,"column":4},"end":{"line":16,"column":11}},"12":{"start":{"line":19,"column":2},"end":{"line":44,"column":3}},"13":{"start":{"line":20,"column":20},"end":{"line":20,"column":36}},"14":{"start":{"line":21,"column":4},"end":{"line":21,"column":25}},"15":{"start":{"line":22,"column":20},"end":{"line":38,"column":6}},"16":{"start":{"line":39,"column":4},"end":{"line":39,"column":25}},"17":{"start":{"line":40,"column":4},"end":{"line":40,"column":47}},"18":{"start":{"line":42,"column":4},"end":{"line":42,"column":23}},"19":{"start":{"line":43,"column":4},"end":{"line":43,"column":32}},"20":{"start":{"line":47,"column":0},"end":{"line":49,"column":2}}},"fnMap":{"0":{"name":"(anonymous_0)","decl":{"start":{"line":5,"column":21},"end":{"line":5,"column":22}},"loc":{"start":{"line":5,"column":41},"end":{"line":45,"column":1}},"line":5},"1":{"name":"(anonymous_1)","decl":{"start":{"line":11,"column":43},"end":{"line":11,"column":44}},"loc":{"start":{"line":11,"column":55},"end":{"line":11,"column":64}},"line":11}},"branchMap":{"0":{"loc":{"start":{"line":13,"column":2},"end":{"line":17,"column":3}},"type":"if","locations":[{"start":{"line":13,"column":2},"end":{"line":17,"column":3}},{"start":{"line":13,"column":2},"end":{"line":17,"column":3}}],"line":13}},"s":{"0":1,"1":1,"2":1,"3":1,"4":0,"5":0,"6":0,"7":0,"8":0,"9":0,"10":0,"11":0,"12":0,"13":0,"14":0,"15":0,"16":0,"17":0,"18":0,"19":0,"20":1},"f":{"0":0,"1":0},"b":{"0":[0,0]},"_coverageSchema":"1a1c01bbd47fc00a2c39e90264f33305004495a9","hash":"fc8ead272ac67bc297e63370fd40dbc17ddf40d0","contentHash":"6667fac3650d68bfa26dad493e684a839ec18e9c6c75bfd444a9de15e3e2e15c"}}