<?xml version="1.0" encoding="UTF-8"?>
<coverage generated="1699505709274" clover="3.2.0">
  <project timestamp="1699505709274" name="All files">
    <metrics statements="940" coveredstatements="700" conditionals="86" coveredconditionals="45" methods="92" coveredmethods="56" elements="1118" coveredelements="801" complexity="0" loc="940" ncloc="940" packages="14" files="73" classes="73"/>
    <package name="src">
      <metrics statements="60" coveredstatements="37" conditionals="2" coveredconditionals="0" methods="2" coveredmethods="0"/>
      <file name="index.js" path="/home/diganta/Desktop/FINAL_PROJECT/src/index.js">
        <metrics statements="60" coveredstatements="37" conditionals="2" coveredconditionals="0" methods="2" coveredmethods="0"/>
        <line num="1" count="33" type="stmt"/>
        <line num="2" count="33" type="stmt"/>
        <line num="3" count="33" type="stmt"/>
        <line num="4" count="33" type="stmt"/>
        <line num="5" count="33" type="stmt"/>
        <line num="6" count="33" type="stmt"/>
        <line num="7" count="33" type="stmt"/>
        <line num="8" count="33" type="stmt"/>
        <line num="10" count="33" type="stmt"/>
        <line num="11" count="33" type="stmt"/>
        <line num="12" count="33" type="stmt"/>
        <line num="13" count="33" type="stmt"/>
        <line num="14" count="33" type="stmt"/>
        <line num="15" count="33" type="stmt"/>
        <line num="16" count="33" type="stmt"/>
        <line num="17" count="33" type="stmt"/>
        <line num="18" count="33" type="stmt"/>
        <line num="19" count="33" type="stmt"/>
        <line num="20" count="33" type="stmt"/>
        <line num="21" count="33" type="stmt"/>
        <line num="23" count="33" type="stmt"/>
        <line num="25" count="33" type="stmt"/>
        <line num="26" count="0" type="stmt"/>
        <line num="29" count="33" type="stmt"/>
        <line num="31" count="33" type="stmt"/>
        <line num="35" count="0" type="stmt"/>
        <line num="39" count="0" type="stmt"/>
        <line num="40" count="0" type="stmt"/>
        <line num="44" count="0" type="stmt"/>
        <line num="45" count="0" type="stmt"/>
        <line num="48" count="0" type="cond" truecount="0" falsecount="2"/>
        <line num="50" count="0" type="stmt"/>
        <line num="51" count="0" type="stmt"/>
        <line num="52" count="0" type="stmt"/>
        <line num="53" count="0" type="stmt"/>
        <line num="54" count="0" type="stmt"/>
        <line num="55" count="0" type="stmt"/>
        <line num="56" count="0" type="stmt"/>
        <line num="64" count="0" type="stmt"/>
        <line num="65" count="0" type="stmt"/>
        <line num="74" count="0" type="stmt"/>
        <line num="75" count="0" type="stmt"/>
        <line num="76" count="0" type="stmt"/>
        <line num="78" count="0" type="stmt"/>
        <line num="79" count="0" type="stmt"/>
        <line num="82" count="0" type="stmt"/>
        <line num="85" count="0" type="stmt"/>
        <line num="90" count="33" type="stmt"/>
        <line num="91" count="33" type="stmt"/>
        <line num="93" count="33" type="stmt"/>
        <line num="94" count="33" type="stmt"/>
        <line num="100" count="33" type="stmt"/>
        <line num="101" count="33" type="stmt"/>
        <line num="102" count="33" type="stmt"/>
        <line num="103" count="33" type="stmt"/>
        <line num="104" count="33" type="stmt"/>
        <line num="105" count="33" type="stmt"/>
        <line num="107" count="33" type="stmt"/>
        <line num="109" count="33" type="stmt"/>
        <line num="111" count="33" type="stmt"/>
      </file>
    </package>
    <package name="src.config">
      <metrics statements="16" coveredstatements="11" conditionals="2" coveredconditionals="1" methods="2" coveredmethods="0"/>
      <file name="multer.js" path="/home/diganta/Desktop/FINAL_PROJECT/src/config/multer.js">
        <metrics statements="14" coveredstatements="9" conditionals="2" coveredconditionals="1" methods="2" coveredmethods="0"/>
        <line num="1" count="33" type="stmt"/>
        <line num="2" count="33" type="stmt"/>
        <line num="3" count="33" type="stmt"/>
        <line num="5" count="33" type="stmt"/>
        <line num="6" count="33" type="cond" truecount="1" falsecount="1"/>
        <line num="7" count="0" type="stmt"/>
        <line num="11" count="33" type="stmt"/>
        <line num="13" count="0" type="stmt"/>
        <line num="16" count="0" type="stmt"/>
        <line num="17" count="0" type="stmt"/>
        <line num="18" count="0" type="stmt"/>
        <line num="22" count="33" type="stmt"/>
        <line num="23" count="33" type="stmt"/>
        <line num="24" count="33" type="stmt"/>
      </file>
      <file name="salts.js" path="/home/diganta/Desktop/FINAL_PROJECT/src/config/salts.js">
        <metrics statements="2" coveredstatements="2" conditionals="0" coveredconditionals="0" methods="0" coveredmethods="0"/>
        <line num="1" count="33" type="stmt"/>
        <line num="3" count="33" type="stmt"/>
      </file>
    </package>
    <package name="src.config.db">
      <metrics statements="11" coveredstatements="9" conditionals="2" coveredconditionals="1" methods="3" coveredmethods="1"/>
      <file name="db.js" path="/home/diganta/Desktop/FINAL_PROJECT/src/config/db/db.js">
        <metrics statements="9" coveredstatements="7" conditionals="0" coveredconditionals="0" methods="3" coveredmethods="1"/>
        <line num="1" count="33" type="stmt"/>
        <line num="2" count="33" type="stmt"/>
        <line num="4" count="33" type="stmt"/>
        <line num="6" count="33" type="stmt"/>
        <line num="7" count="33" type="stmt"/>
        <line num="10" count="33" type="stmt"/>
        <line num="11" count="0" type="stmt"/>
        <line num="14" count="33" type="stmt"/>
        <line num="15" count="0" type="stmt"/>
      </file>
      <file name="url.js" path="/home/diganta/Desktop/FINAL_PROJECT/src/config/db/url.js">
        <metrics statements="2" coveredstatements="2" conditionals="2" coveredconditionals="1" methods="0" coveredmethods="0"/>
        <line num="2" count="33" type="cond" truecount="1" falsecount="1"/>
        <line num="3" count="33" type="stmt"/>
      </file>
    </package>
    <package name="src.controllers.Admin">
      <metrics statements="20" coveredstatements="20" conditionals="4" coveredconditionals="4" methods="2" coveredmethods="2"/>
      <file name="adminSignIn.js" path="/home/diganta/Desktop/FINAL_PROJECT/src/controllers/Admin/adminSignIn.js">
        <metrics statements="12" coveredstatements="12" conditionals="4" coveredconditionals="4" methods="1" coveredmethods="1"/>
        <line num="1" count="33" type="stmt"/>
        <line num="3" count="33" type="stmt"/>
        <line num="4" count="2" type="stmt"/>
        <line num="5" count="2" type="stmt"/>
        <line num="6" count="2" type="cond" truecount="4" falsecount="0"/>
        <line num="7" count="1" type="stmt"/>
        <line num="13" count="1" type="stmt"/>
        <line num="18" count="1" type="stmt"/>
        <line num="20" count="1" type="stmt"/>
        <line num="21" count="1" type="stmt"/>
        <line num="24" count="1" type="stmt"/>
        <line num="28" count="33" type="stmt"/>
      </file>
      <file name="getInstructorName.js" path="/home/diganta/Desktop/FINAL_PROJECT/src/controllers/Admin/getInstructorName.js">
        <metrics statements="8" coveredstatements="8" conditionals="0" coveredconditionals="0" methods="1" coveredmethods="1"/>
        <line num="1" count="33" type="stmt"/>
        <line num="3" count="33" type="stmt"/>
        <line num="4" count="2" type="stmt"/>
        <line num="5" count="2" type="stmt"/>
        <line num="6" count="1" type="stmt"/>
        <line num="7" count="1" type="stmt"/>
        <line num="9" count="1" type="stmt"/>
        <line num="13" count="33" type="stmt"/>
      </file>
    </package>
    <package name="src.controllers.Course">
      <metrics statements="209" coveredstatements="136" conditionals="13" coveredconditionals="0" methods="20" coveredmethods="10"/>
      <file name="addAnswer.js" path="/home/diganta/Desktop/FINAL_PROJECT/src/controllers/Course/addAnswer.js">
        <metrics statements="8" coveredstatements="3" conditionals="0" coveredconditionals="0" methods="1" coveredmethods="0"/>
        <line num="1" count="33" type="stmt"/>
        <line num="3" count="33" type="stmt"/>
        <line num="5" count="0" type="stmt"/>
        <line num="6" count="0" type="stmt"/>
        <line num="22" count="0" type="stmt"/>
        <line num="23" count="0" type="stmt"/>
        <line num="25" count="0" type="stmt"/>
        <line num="29" count="33" type="stmt"/>
      </file>
      <file name="addQuestion.js" path="/home/diganta/Desktop/FINAL_PROJECT/src/controllers/Course/addQuestion.js">
        <metrics statements="13" coveredstatements="3" conditionals="2" coveredconditionals="0" methods="2" coveredmethods="0"/>
        <line num="1" count="33" type="stmt"/>
        <line num="3" count="33" type="stmt"/>
        <line num="4" count="0" type="stmt"/>
        <line num="6" count="0" type="stmt"/>
        <line num="7" count="0" type="stmt"/>
        <line num="9" count="0" type="stmt"/>
        <line num="11" count="0" type="cond" truecount="0" falsecount="2"/>
        <line num="12" count="0" type="stmt"/>
        <line num="19" count="0" type="stmt"/>
        <line num="20" count="0" type="stmt"/>
        <line num="22" count="0" type="stmt"/>
        <line num="23" count="0" type="stmt"/>
        <line num="27" count="33" type="stmt"/>
      </file>
      <file name="addRating.js" path="/home/diganta/Desktop/FINAL_PROJECT/src/controllers/Course/addRating.js">
        <metrics statements="17" coveredstatements="3" conditionals="2" coveredconditionals="0" methods="3" coveredmethods="0"/>
        <line num="1" count="33" type="stmt"/>
        <line num="3" count="33" type="stmt"/>
        <line num="4" count="0" type="stmt"/>
        <line num="5" count="0" type="stmt"/>
        <line num="6" count="0" type="stmt"/>
        <line num="8" count="0" type="stmt"/>
        <line num="10" count="0" type="stmt"/>
        <line num="11" count="0" type="cond" truecount="0" falsecount="2"/>
        <line num="12" count="0" type="stmt"/>
        <line num="14" count="0" type="stmt"/>
        <line num="16" count="0" type="stmt"/>
        <line num="22" count="0" type="stmt"/>
        <line num="28" count="0" type="stmt"/>
        <line num="30" count="0" type="stmt"/>
        <line num="32" count="0" type="stmt"/>
        <line num="33" count="0" type="stmt"/>
        <line num="37" count="33" type="stmt"/>
      </file>
      <file name="courseEnroll.js" path="/home/diganta/Desktop/FINAL_PROJECT/src/controllers/Course/courseEnroll.js">
        <metrics statements="20" coveredstatements="5" conditionals="2" coveredconditionals="0" methods="2" coveredmethods="0"/>
        <line num="1" count="33" type="stmt"/>
        <line num="2" count="33" type="stmt"/>
        <line num="3" count="33" type="stmt"/>
        <line num="5" count="33" type="stmt"/>
        <line num="6" count="0" type="stmt"/>
        <line num="7" count="0" type="stmt"/>
        <line num="9" count="0" type="stmt"/>
        <line num="11" count="0" type="stmt"/>
        <line num="13" count="0" type="cond" truecount="0" falsecount="2"/>
        <line num="14" count="0" type="stmt"/>
        <line num="16" count="0" type="stmt"/>
        <line num="19" count="0" type="stmt"/>
        <line num="20" count="0" type="stmt"/>
        <line num="21" count="0" type="stmt"/>
        <line num="22" count="0" type="stmt"/>
        <line num="39" count="0" type="stmt"/>
        <line num="40" count="0" type="stmt"/>
        <line num="42" count="0" type="stmt"/>
        <line num="43" count="0" type="stmt"/>
        <line num="47" count="33" type="stmt"/>
      </file>
      <file name="coursePurchases.js" path="/home/diganta/Desktop/FINAL_PROJECT/src/controllers/Course/coursePurchases.js">
        <metrics statements="8" coveredstatements="7" conditionals="0" coveredconditionals="0" methods="1" coveredmethods="1"/>
        <line num="1" count="33" type="stmt"/>
        <line num="3" count="33" type="stmt"/>
        <line num="4" count="1" type="stmt"/>
        <line num="5" count="1" type="stmt"/>
        <line num="6" count="1" type="stmt"/>
        <line num="7" count="1" type="stmt"/>
        <line num="9" count="0" type="stmt"/>
        <line num="13" count="33" type="stmt"/>
      </file>
      <file name="editCourse.js" path="/home/diganta/Desktop/FINAL_PROJECT/src/controllers/Course/editCourse.js">
        <metrics statements="12" coveredstatements="12" conditionals="0" coveredconditionals="0" methods="1" coveredmethods="1"/>
        <line num="1" count="33" type="stmt"/>
        <line num="3" count="33" type="stmt"/>
        <line num="4" count="2" type="stmt"/>
        <line num="5" count="2" type="stmt"/>
        <line num="6" count="2" type="stmt"/>
        <line num="8" count="2" type="stmt"/>
        <line num="9" count="6" type="stmt"/>
        <line num="11" count="1" type="stmt"/>
        <line num="12" count="1" type="stmt"/>
        <line num="14" count="1" type="stmt"/>
        <line num="15" count="1" type="stmt"/>
        <line num="20" count="33" type="stmt"/>
      </file>
      <file name="fuzzySearchController.js" path="/home/diganta/Desktop/FINAL_PROJECT/src/controllers/Course/fuzzySearchController.js">
        <metrics statements="11" coveredstatements="11" conditionals="0" coveredconditionals="0" methods="1" coveredmethods="1"/>
        <line num="1" count="33" type="stmt"/>
        <line num="2" count="33" type="stmt"/>
        <line num="4" count="33" type="stmt"/>
        <line num="5" count="2" type="stmt"/>
        <line num="7" count="2" type="stmt"/>
        <line num="24" count="2" type="stmt"/>
        <line num="26" count="2" type="stmt"/>
        <line num="27" count="2" type="stmt"/>
        <line num="28" count="2" type="stmt"/>
        <line num="29" count="2" type="stmt"/>
        <line num="32" count="33" type="stmt"/>
      </file>
      <file name="getAllCourses.js" path="/home/diganta/Desktop/FINAL_PROJECT/src/controllers/Course/getAllCourses.js">
        <metrics statements="7" coveredstatements="6" conditionals="0" coveredconditionals="0" methods="1" coveredmethods="1"/>
        <line num="1" count="33" type="stmt"/>
        <line num="3" count="33" type="stmt"/>
        <line num="4" count="1" type="stmt"/>
        <line num="5" count="1" type="stmt"/>
        <line num="9" count="1" type="stmt"/>
        <line num="11" count="0" type="stmt"/>
        <line num="15" count="33" type="stmt"/>
      </file>
      <file name="getCourseVideo.js" path="/home/diganta/Desktop/FINAL_PROJECT/src/controllers/Course/getCourseVideo.js">
        <metrics statements="21" coveredstatements="5" conditionals="7" coveredconditionals="0" methods="1" coveredmethods="0"/>
        <line num="1" count="33" type="stmt"/>
        <line num="2" count="33" type="stmt"/>
        <line num="3" count="33" type="stmt"/>
        <line num="12" count="33" type="stmt"/>
        <line num="13" count="0" type="stmt"/>
        <line num="21" count="0" type="stmt"/>
        <line num="22" count="0" type="stmt"/>
        <line num="24" count="0" type="stmt"/>
        <line num="25" count="0" type="stmt"/>
        <line num="27" count="0" type="cond" truecount="0" falsecount="2"/>
        <line num="29" count="0" type="stmt"/>
        <line num="30" count="0" type="stmt"/>
        <line num="33" count="0" type="cond" truecount="0" falsecount="5"/>
        <line num="35" count="0" type="stmt"/>
        <line num="36" count="0" type="stmt"/>
        <line num="39" count="0" type="stmt"/>
        <line num="41" count="0" type="stmt"/>
        <line num="42" count="0" type="stmt"/>
        <line num="44" count="0" type="stmt"/>
        <line num="51" count="0" type="stmt"/>
        <line num="54" count="33" type="stmt"/>
      </file>
      <file name="getCoursesController.js" path="/home/diganta/Desktop/FINAL_PROJECT/src/controllers/Course/getCoursesController.js">
        <metrics statements="17" coveredstatements="15" conditionals="0" coveredconditionals="0" methods="1" coveredmethods="1"/>
        <line num="1" count="33" type="stmt"/>
        <line num="3" count="33" type="stmt"/>
        <line num="4" count="1" type="stmt"/>
        <line num="5" count="1" type="stmt"/>
        <line num="6" count="1" type="stmt"/>
        <line num="7" count="1" type="stmt"/>
        <line num="8" count="1" type="stmt"/>
        <line num="9" count="1" type="stmt"/>
        <line num="10" count="1" type="stmt"/>
        <line num="11" count="1" type="stmt"/>
        <line num="12" count="1" type="stmt"/>
        <line num="14" count="1" type="stmt"/>
        <line num="48" count="1" type="stmt"/>
        <line num="52" count="1" type="stmt"/>
        <line num="54" count="0" type="stmt"/>
        <line num="55" count="0" type="stmt"/>
        <line num="59" count="33" type="stmt"/>
      </file>
      <file name="getSingleCourse.js" path="/home/diganta/Desktop/FINAL_PROJECT/src/controllers/Course/getSingleCourse.js">
        <metrics statements="10" coveredstatements="9" conditionals="0" coveredconditionals="0" methods="1" coveredmethods="1"/>
        <line num="1" count="33" type="stmt"/>
        <line num="3" count="33" type="stmt"/>
        <line num="4" count="2" type="stmt"/>
        <line num="5" count="2" type="stmt"/>
        <line num="6" count="2" type="stmt"/>
        <line num="7" count="2" type="stmt"/>
        <line num="11" count="2" type="stmt"/>
        <line num="12" count="2" type="stmt"/>
        <line num="14" count="0" type="stmt"/>
        <line num="18" count="33" type="stmt"/>
      </file>
      <file name="sectionAdd.js" path="/home/diganta/Desktop/FINAL_PROJECT/src/controllers/Course/sectionAdd.js">
        <metrics statements="14" coveredstatements="13" conditionals="0" coveredconditionals="0" methods="1" coveredmethods="1"/>
        <line num="1" count="33" type="stmt"/>
        <line num="3" count="33" type="stmt"/>
        <line num="4" count="1" type="stmt"/>
        <line num="5" count="1" type="stmt"/>
        <line num="6" count="1" type="stmt"/>
        <line num="7" count="1" type="stmt"/>
        <line num="8" count="1" type="stmt"/>
        <line num="9" count="1" type="stmt"/>
        <line num="10" count="1" type="stmt"/>
        <line num="16" count="1" type="stmt"/>
        <line num="18" count="1" type="stmt"/>
        <line num="19" count="1" type="stmt"/>
        <line num="21" count="0" type="stmt"/>
        <line num="25" count="33" type="stmt"/>
      </file>
      <file name="sectionDeletion.js" path="/home/diganta/Desktop/FINAL_PROJECT/src/controllers/Course/sectionDeletion.js">
        <metrics statements="11" coveredstatements="11" conditionals="0" coveredconditionals="0" methods="1" coveredmethods="1"/>
        <line num="1" count="33" type="stmt"/>
        <line num="3" count="33" type="stmt"/>
        <line num="4" count="2" type="stmt"/>
        <line num="5" count="2" type="stmt"/>
        <line num="6" count="2" type="stmt"/>
        <line num="7" count="2" type="stmt"/>
        <line num="8" count="2" type="stmt"/>
        <line num="9" count="1" type="stmt"/>
        <line num="10" count="1" type="stmt"/>
        <line num="12" count="1" type="stmt"/>
        <line num="16" count="33" type="stmt"/>
      </file>
      <file name="updateStatus.js" path="/home/diganta/Desktop/FINAL_PROJECT/src/controllers/Course/updateStatus.js">
        <metrics statements="10" coveredstatements="3" conditionals="0" coveredconditionals="0" methods="1" coveredmethods="0"/>
        <line num="1" count="33" type="stmt"/>
        <line num="3" count="33" type="stmt"/>
        <line num="4" count="0" type="stmt"/>
        <line num="5" count="0" type="stmt"/>
        <line num="6" count="0" type="stmt"/>
        <line num="7" count="0" type="stmt"/>
        <line num="8" count="0" type="stmt"/>
        <line num="10" count="0" type="stmt"/>
        <line num="11" count="0" type="stmt"/>
        <line num="15" count="33" type="stmt"/>
      </file>
      <file name="videoDeletion.js" path="/home/diganta/Desktop/FINAL_PROJECT/src/controllers/Course/videoDeletion.js">
        <metrics statements="14" coveredstatements="14" conditionals="0" coveredconditionals="0" methods="1" coveredmethods="1"/>
        <line num="1" count="33" type="stmt"/>
        <line num="2" count="33" type="stmt"/>
        <line num="3" count="2" type="stmt"/>
        <line num="4" count="2" type="stmt"/>
        <line num="5" count="2" type="stmt"/>
        <line num="7" count="2" type="stmt"/>
        <line num="8" count="2" type="stmt"/>
        <line num="9" count="2" type="stmt"/>
        <line num="13" count="1" type="stmt"/>
        <line num="14" count="1" type="stmt"/>
        <line num="15" count="1" type="stmt"/>
        <line num="17" count="1" type="stmt"/>
        <line num="18" count="1" type="stmt"/>
        <line num="22" count="33" type="stmt"/>
      </file>
      <file name="videoUploadController.js" path="/home/diganta/Desktop/FINAL_PROJECT/src/controllers/Course/videoUploadController.js">
        <metrics statements="16" coveredstatements="16" conditionals="0" coveredconditionals="0" methods="1" coveredmethods="1"/>
        <line num="1" count="33" type="stmt"/>
        <line num="3" count="33" type="stmt"/>
        <line num="4" count="2" type="stmt"/>
        <line num="5" count="2" type="stmt"/>
        <line num="6" count="2" type="stmt"/>
        <line num="7" count="2" type="stmt"/>
        <line num="8" count="2" type="stmt"/>
        <line num="9" count="2" type="stmt"/>
        <line num="10" count="2" type="stmt"/>
        <line num="11" count="2" type="stmt"/>
        <line num="12" count="2" type="stmt"/>
        <line num="22" count="1" type="stmt"/>
        <line num="24" count="1" type="stmt"/>
        <line num="26" count="1" type="stmt"/>
        <line num="27" count="1" type="stmt"/>
        <line num="31" count="33" type="stmt"/>
      </file>
    </package>
    <package name="src.controllers.Instructor">
      <metrics statements="150" coveredstatements="127" conditionals="8" coveredconditionals="7" methods="15" coveredmethods="13"/>
      <file name="allInstructors.js" path="/home/diganta/Desktop/FINAL_PROJECT/src/controllers/Instructor/allInstructors.js">
        <metrics statements="19" coveredstatements="16" conditionals="2" coveredconditionals="1" methods="1" coveredmethods="1"/>
        <line num="1" count="33" type="stmt"/>
        <line num="2" count="33" type="stmt"/>
        <line num="4" count="33" type="stmt"/>
        <line num="5" count="1" type="stmt"/>
        <line num="6" count="1" type="stmt"/>
        <line num="7" count="1" type="stmt"/>
        <line num="11" count="1" type="stmt"/>
        <line num="12" count="1" type="stmt"/>
        <line num="13" count="1" type="stmt"/>
        <line num="14" count="1" type="stmt"/>
        <line num="16" count="1" type="stmt"/>
        <line num="17" count="1" type="stmt"/>
        <line num="18" count="1" type="cond" truecount="1" falsecount="1"/>
        <line num="22" count="0" type="stmt"/>
        <line num="26" count="1" type="stmt"/>
        <line num="27" count="1" type="stmt"/>
        <line num="29" count="0" type="stmt"/>
        <line num="30" count="0" type="stmt"/>
        <line num="34" count="33" type="stmt"/>
      </file>
      <file name="getAllCourses.js" path="/home/diganta/Desktop/FINAL_PROJECT/src/controllers/Instructor/getAllCourses.js">
        <metrics statements="7" coveredstatements="3" conditionals="0" coveredconditionals="0" methods="1" coveredmethods="0"/>
        <line num="1" count="33" type="stmt"/>
        <line num="3" count="33" type="stmt"/>
        <line num="4" count="0" type="stmt"/>
        <line num="5" count="0" type="stmt"/>
        <line num="6" count="0" type="stmt"/>
        <line num="8" count="0" type="stmt"/>
        <line num="12" count="33" type="stmt"/>
      </file>
      <file name="instructoTokenVerify.js" path="/home/diganta/Desktop/FINAL_PROJECT/src/controllers/Instructor/instructoTokenVerify.js">
        <metrics statements="9" coveredstatements="8" conditionals="2" coveredconditionals="2" methods="1" coveredmethods="1"/>
        <line num="1" count="33" type="stmt"/>
        <line num="2" count="2" type="stmt"/>
        <line num="3" count="2" type="stmt"/>
        <line num="4" count="2" type="cond" truecount="2" falsecount="0"/>
        <line num="5" count="1" type="stmt"/>
        <line num="7" count="1" type="stmt"/>
        <line num="9" count="2" type="stmt"/>
        <line num="11" count="0" type="stmt"/>
        <line num="15" count="33" type="stmt"/>
      </file>
      <file name="instructorCourseAddition.js" path="/home/diganta/Desktop/FINAL_PROJECT/src/controllers/Instructor/instructorCourseAddition.js">
        <metrics statements="18" coveredstatements="16" conditionals="0" coveredconditionals="0" methods="1" coveredmethods="1"/>
        <line num="1" count="33" type="stmt"/>
        <line num="2" count="33" type="stmt"/>
        <line num="3" count="33" type="stmt"/>
        <line num="5" count="33" type="stmt"/>
        <line num="6" count="1" type="stmt"/>
        <line num="7" count="1" type="stmt"/>
        <line num="10" count="1" type="stmt"/>
        <line num="12" count="1" type="stmt"/>
        <line num="19" count="1" type="stmt"/>
        <line num="21" count="1" type="stmt"/>
        <line num="27" count="1" type="stmt"/>
        <line num="29" count="1" type="stmt"/>
        <line num="30" count="1" type="stmt"/>
        <line num="32" count="1" type="stmt"/>
        <line num="34" count="1" type="stmt"/>
        <line num="39" count="0" type="stmt"/>
        <line num="40" count="0" type="stmt"/>
        <line num="44" count="33" type="stmt"/>
      </file>
      <file name="instructorFetchSingleCourse.js" path="/home/diganta/Desktop/FINAL_PROJECT/src/controllers/Instructor/instructorFetchSingleCourse.js">
        <metrics statements="14" coveredstatements="14" conditionals="2" coveredconditionals="2" methods="1" coveredmethods="1"/>
        <line num="1" count="33" type="stmt"/>
        <line num="2" count="33" type="stmt"/>
        <line num="4" count="33" type="stmt"/>
        <line num="5" count="2" type="stmt"/>
        <line num="6" count="2" type="stmt"/>
        <line num="8" count="2" type="stmt"/>
        <line num="9" count="2" type="stmt"/>
        <line num="13" count="2" type="stmt"/>
        <line num="17" count="2" type="cond" truecount="2" falsecount="0"/>
        <line num="18" count="1" type="stmt"/>
        <line num="20" count="1" type="stmt"/>
        <line num="22" count="1" type="stmt"/>
        <line num="23" count="1" type="stmt"/>
        <line num="27" count="33" type="stmt"/>
      </file>
      <file name="instructorGetProfile.js" path="/home/diganta/Desktop/FINAL_PROJECT/src/controllers/Instructor/instructorGetProfile.js">
        <metrics statements="5" coveredstatements="4" conditionals="0" coveredconditionals="0" methods="1" coveredmethods="1"/>
        <line num="1" count="33" type="stmt"/>
        <line num="2" count="1" type="stmt"/>
        <line num="3" count="1" type="stmt"/>
        <line num="5" count="0" type="stmt"/>
        <line num="9" count="33" type="stmt"/>
      </file>
      <file name="instructorLogInController.js" path="/home/diganta/Desktop/FINAL_PROJECT/src/controllers/Instructor/instructorLogInController.js">
        <metrics statements="8" coveredstatements="8" conditionals="0" coveredconditionals="0" methods="1" coveredmethods="1"/>
        <line num="1" count="33" type="stmt"/>
        <line num="8" count="33" type="stmt"/>
        <line num="9" count="2" type="stmt"/>
        <line num="10" count="2" type="stmt"/>
        <line num="15" count="1" type="stmt"/>
        <line num="17" count="1" type="stmt"/>
        <line num="26" count="1" type="stmt"/>
        <line num="31" count="33" type="stmt"/>
      </file>
      <file name="instructorLogout.js" path="/home/diganta/Desktop/FINAL_PROJECT/src/controllers/Instructor/instructorLogout.js">
        <metrics statements="6" coveredstatements="6" conditionals="0" coveredconditionals="0" methods="1" coveredmethods="1"/>
        <line num="1" count="33" type="stmt"/>
        <line num="3" count="33" type="stmt"/>
        <line num="4" count="1" type="stmt"/>
        <line num="10" count="1" type="stmt"/>
        <line num="11" count="1" type="stmt"/>
        <line num="14" count="33" type="stmt"/>
      </file>
      <file name="instructorProfile.js" path="/home/diganta/Desktop/FINAL_PROJECT/src/controllers/Instructor/instructorProfile.js">
        <metrics statements="9" coveredstatements="3" conditionals="0" coveredconditionals="0" methods="1" coveredmethods="0"/>
        <line num="1" count="33" type="stmt"/>
        <line num="3" count="33" type="stmt"/>
        <line num="4" count="0" type="stmt"/>
        <line num="5" count="0" type="stmt"/>
        <line num="9" count="0" type="stmt"/>
        <line num="10" count="0" type="stmt"/>
        <line num="12" count="0" type="stmt"/>
        <line num="13" count="0" type="stmt"/>
        <line num="17" count="33" type="stmt"/>
      </file>
      <file name="instructorProfileOnLoad.js" path="/home/diganta/Desktop/FINAL_PROJECT/src/controllers/Instructor/instructorProfileOnLoad.js">
        <metrics statements="8" coveredstatements="8" conditionals="0" coveredconditionals="0" methods="1" coveredmethods="1"/>
        <line num="1" count="33" type="stmt"/>
        <line num="3" count="33" type="stmt"/>
        <line num="4" count="2" type="stmt"/>
        <line num="5" count="2" type="stmt"/>
        <line num="9" count="1" type="stmt"/>
        <line num="11" count="1" type="stmt"/>
        <line num="12" count="1" type="stmt"/>
        <line num="16" count="33" type="stmt"/>
      </file>
      <file name="instructorSelfCourses.js" path="/home/diganta/Desktop/FINAL_PROJECT/src/controllers/Instructor/instructorSelfCourses.js">
        <metrics statements="9" coveredstatements="7" conditionals="0" coveredconditionals="0" methods="1" coveredmethods="1"/>
        <line num="1" count="33" type="stmt"/>
        <line num="3" count="33" type="stmt"/>
        <line num="4" count="1" type="stmt"/>
        <line num="5" count="1" type="stmt"/>
        <line num="6" count="1" type="stmt"/>
        <line num="7" count="1" type="stmt"/>
        <line num="9" count="0" type="stmt"/>
        <line num="10" count="0" type="stmt"/>
        <line num="14" count="33" type="stmt"/>
      </file>
      <file name="instructorSignUpController.js" path="/home/diganta/Desktop/FINAL_PROJECT/src/controllers/Instructor/instructorSignUpController.js">
        <metrics statements="11" coveredstatements="11" conditionals="0" coveredconditionals="0" methods="1" coveredmethods="1"/>
        <line num="1" count="33" type="stmt"/>
        <line num="2" count="33" type="stmt"/>
        <line num="3" count="33" type="stmt"/>
        <line num="13" count="33" type="stmt"/>
        <line num="14" count="2" type="stmt"/>
        <line num="16" count="2" type="stmt"/>
        <line num="18" count="2" type="stmt"/>
        <line num="20" count="1" type="stmt"/>
        <line num="27" count="1" type="stmt"/>
        <line num="28" count="1" type="stmt"/>
        <line num="32" count="33" type="stmt"/>
      </file>
      <file name="instructorUpdateProfile.js" path="/home/diganta/Desktop/FINAL_PROJECT/src/controllers/Instructor/instructorUpdateProfile.js">
        <metrics statements="10" coveredstatements="9" conditionals="0" coveredconditionals="0" methods="1" coveredmethods="1"/>
        <line num="1" count="33" type="stmt"/>
        <line num="3" count="33" type="stmt"/>
        <line num="4" count="1" type="stmt"/>
        <line num="5" count="1" type="stmt"/>
        <line num="6" count="1" type="stmt"/>
        <line num="7" count="1" type="stmt"/>
        <line num="8" count="1" type="stmt"/>
        <line num="9" count="1" type="stmt"/>
        <line num="11" count="0" type="stmt"/>
        <line num="15" count="33" type="stmt"/>
      </file>
      <file name="publishCourse.js" path="/home/diganta/Desktop/FINAL_PROJECT/src/controllers/Instructor/publishCourse.js">
        <metrics statements="8" coveredstatements="6" conditionals="0" coveredconditionals="0" methods="1" coveredmethods="1"/>
        <line num="1" count="33" type="stmt"/>
        <line num="3" count="33" type="stmt"/>
        <line num="4" count="1" type="stmt"/>
        <line num="5" count="1" type="stmt"/>
        <line num="7" count="1" type="stmt"/>
        <line num="9" count="0" type="stmt"/>
        <line num="10" count="0" type="stmt"/>
        <line num="14" count="33" type="stmt"/>
      </file>
      <file name="verifyCourseOwnership.js" path="/home/diganta/Desktop/FINAL_PROJECT/src/controllers/Instructor/verifyCourseOwnership.js">
        <metrics statements="9" coveredstatements="8" conditionals="2" coveredconditionals="2" methods="1" coveredmethods="1"/>
        <line num="1" count="33" type="stmt"/>
        <line num="3" count="33" type="stmt"/>
        <line num="4" count="2" type="stmt"/>
        <line num="5" count="2" type="stmt"/>
        <line num="6" count="2" type="cond" truecount="2" falsecount="0"/>
        <line num="7" count="1" type="stmt"/>
        <line num="9" count="1" type="stmt"/>
        <line num="12" count="0" type="stmt"/>
        <line num="16" count="33" type="stmt"/>
      </file>
    </package>
    <package name="src.controllers.Payment">
      <metrics statements="7" coveredstatements="3" conditionals="0" coveredconditionals="0" methods="1" coveredmethods="0"/>
      <file name="getAllPayments.js" path="/home/diganta/Desktop/FINAL_PROJECT/src/controllers/Payment/getAllPayments.js">
        <metrics statements="7" coveredstatements="3" conditionals="0" coveredconditionals="0" methods="1" coveredmethods="0"/>
        <line num="1" count="33" type="stmt"/>
        <line num="3" count="33" type="stmt"/>
        <line num="4" count="0" type="stmt"/>
        <line num="5" count="0" type="stmt"/>
        <line num="6" count="0" type="stmt"/>
        <line num="8" count="0" type="stmt"/>
        <line num="12" count="33" type="stmt"/>
      </file>
    </package>
    <package name="src.controllers.Student">
      <metrics statements="124" coveredstatements="74" conditionals="2" coveredconditionals="1" methods="18" coveredmethods="9"/>
      <file name="allStudents.js" path="/home/diganta/Desktop/FINAL_PROJECT/src/controllers/Student/allStudents.js">
        <metrics statements="7" coveredstatements="6" conditionals="0" coveredconditionals="0" methods="1" coveredmethods="1"/>
        <line num="1" count="33" type="stmt"/>
        <line num="3" count="33" type="stmt"/>
        <line num="4" count="1" type="stmt"/>
        <line num="5" count="1" type="stmt"/>
        <line num="6" count="1" type="stmt"/>
        <line num="8" count="0" type="stmt"/>
        <line num="12" count="33" type="stmt"/>
      </file>
      <file name="studentCheckIfEnrolled.js" path="/home/diganta/Desktop/FINAL_PROJECT/src/controllers/Student/studentCheckIfEnrolled.js">
        <metrics statements="8" coveredstatements="7" conditionals="0" coveredconditionals="0" methods="2" coveredmethods="2"/>
        <line num="1" count="33" type="stmt"/>
        <line num="2" count="1" type="stmt"/>
        <line num="3" count="1" type="stmt"/>
        <line num="4" count="1" type="stmt"/>
        <line num="5" count="1" type="stmt"/>
        <line num="7" count="1" type="stmt"/>
        <line num="9" count="0" type="stmt"/>
        <line num="13" count="33" type="stmt"/>
      </file>
      <file name="studentCourseStatus.js" path="/home/diganta/Desktop/FINAL_PROJECT/src/controllers/Student/studentCourseStatus.js">
        <metrics statements="14" coveredstatements="12" conditionals="0" coveredconditionals="0" methods="2" coveredmethods="2"/>
        <line num="1" count="33" type="stmt"/>
        <line num="2" count="1" type="stmt"/>
        <line num="3" count="1" type="stmt"/>
        <line num="4" count="1" type="stmt"/>
        <line num="5" count="1" type="stmt"/>
        <line num="6" count="1" type="stmt"/>
        <line num="7" count="1" type="stmt"/>
        <line num="8" count="1" type="stmt"/>
        <line num="9" count="1" type="stmt"/>
        <line num="11" count="1" type="stmt"/>
        <line num="13" count="1" type="stmt"/>
        <line num="15" count="0" type="stmt"/>
        <line num="16" count="0" type="stmt"/>
        <line num="20" count="33" type="stmt"/>
      </file>
      <file name="studentEnrolledCourses.js" path="/home/diganta/Desktop/FINAL_PROJECT/src/controllers/Student/studentEnrolledCourses.js">
        <metrics statements="12" coveredstatements="4" conditionals="0" coveredconditionals="0" methods="1" coveredmethods="0"/>
        <line num="1" count="33" type="stmt"/>
        <line num="2" count="33" type="stmt"/>
        <line num="3" count="33" type="stmt"/>
        <line num="4" count="0" type="stmt"/>
        <line num="5" count="0" type="stmt"/>
        <line num="6" count="0" type="stmt"/>
        <line num="7" count="0" type="stmt"/>
        <line num="24" count="0" type="stmt"/>
        <line num="25" count="0" type="stmt"/>
        <line num="27" count="0" type="stmt"/>
        <line num="28" count="0" type="stmt"/>
        <line num="32" count="33" type="stmt"/>
      </file>
      <file name="studentGetNotes.js" path="/home/diganta/Desktop/FINAL_PROJECT/src/controllers/Student/studentGetNotes.js">
        <metrics statements="9" coveredstatements="2" conditionals="0" coveredconditionals="0" methods="2" coveredmethods="0"/>
        <line num="1" count="33" type="stmt"/>
        <line num="2" count="0" type="stmt"/>
        <line num="3" count="0" type="stmt"/>
        <line num="4" count="0" type="stmt"/>
        <line num="5" count="0" type="stmt"/>
        <line num="6" count="0" type="stmt"/>
        <line num="8" count="0" type="stmt"/>
        <line num="9" count="0" type="stmt"/>
        <line num="13" count="33" type="stmt"/>
      </file>
      <file name="studentLogInController.js" path="/home/diganta/Desktop/FINAL_PROJECT/src/controllers/Student/studentLogInController.js">
        <metrics statements="8" coveredstatements="8" conditionals="0" coveredconditionals="0" methods="1" coveredmethods="1"/>
        <line num="1" count="33" type="stmt"/>
        <line num="8" count="33" type="stmt"/>
        <line num="9" count="2" type="stmt"/>
        <line num="10" count="2" type="stmt"/>
        <line num="15" count="1" type="stmt"/>
        <line num="17" count="1" type="stmt"/>
        <line num="25" count="1" type="stmt"/>
        <line num="29" count="33" type="stmt"/>
      </file>
      <file name="studentLogout.js" path="/home/diganta/Desktop/FINAL_PROJECT/src/controllers/Student/studentLogout.js">
        <metrics statements="6" coveredstatements="3" conditionals="0" coveredconditionals="0" methods="1" coveredmethods="0"/>
        <line num="1" count="33" type="stmt"/>
        <line num="3" count="33" type="stmt"/>
        <line num="4" count="0" type="stmt"/>
        <line num="10" count="0" type="stmt"/>
        <line num="11" count="0" type="stmt"/>
        <line num="14" count="33" type="stmt"/>
      </file>
      <file name="studentNote.js" path="/home/diganta/Desktop/FINAL_PROJECT/src/controllers/Student/studentNote.js">
        <metrics statements="12" coveredstatements="2" conditionals="0" coveredconditionals="0" methods="2" coveredmethods="0"/>
        <line num="1" count="33" type="stmt"/>
        <line num="2" count="0" type="stmt"/>
        <line num="3" count="0" type="stmt"/>
        <line num="4" count="0" type="stmt"/>
        <line num="5" count="0" type="stmt"/>
        <line num="6" count="0" type="stmt"/>
        <line num="8" count="0" type="stmt"/>
        <line num="9" count="0" type="stmt"/>
        <line num="10" count="0" type="stmt"/>
        <line num="12" count="0" type="stmt"/>
        <line num="13" count="0" type="stmt"/>
        <line num="17" count="33" type="stmt"/>
      </file>
      <file name="studentProfile.js" path="/home/diganta/Desktop/FINAL_PROJECT/src/controllers/Student/studentProfile.js">
        <metrics statements="9" coveredstatements="7" conditionals="0" coveredconditionals="0" methods="1" coveredmethods="1"/>
        <line num="1" count="33" type="stmt"/>
        <line num="3" count="33" type="stmt"/>
        <line num="4" count="1" type="stmt"/>
        <line num="5" count="1" type="stmt"/>
        <line num="9" count="1" type="stmt"/>
        <line num="10" count="1" type="stmt"/>
        <line num="12" count="0" type="stmt"/>
        <line num="13" count="0" type="stmt"/>
        <line num="17" count="33" type="stmt"/>
      </file>
      <file name="studentSignUpController.js" path="/home/diganta/Desktop/FINAL_PROJECT/src/controllers/Student/studentSignUpController.js">
        <metrics statements="10" coveredstatements="10" conditionals="0" coveredconditionals="0" methods="1" coveredmethods="1"/>
        <line num="1" count="33" type="stmt"/>
        <line num="2" count="33" type="stmt"/>
        <line num="9" count="33" type="stmt"/>
        <line num="10" count="2" type="stmt"/>
        <line num="11" count="2" type="stmt"/>
        <line num="13" count="2" type="stmt"/>
        <line num="15" count="1" type="stmt"/>
        <line num="22" count="1" type="stmt"/>
        <line num="23" count="1" type="stmt"/>
        <line num="27" count="33" type="stmt"/>
      </file>
      <file name="studentTokenVerify.js" path="/home/diganta/Desktop/FINAL_PROJECT/src/controllers/Student/studentTokenVerify.js">
        <metrics statements="10" coveredstatements="8" conditionals="2" coveredconditionals="1" methods="1" coveredmethods="1"/>
        <line num="1" count="33" type="stmt"/>
        <line num="2" count="1" type="stmt"/>
        <line num="3" count="1" type="stmt"/>
        <line num="4" count="1" type="cond" truecount="1" falsecount="1"/>
        <line num="5" count="0" type="stmt"/>
        <line num="7" count="1" type="stmt"/>
        <line num="9" count="1" type="stmt"/>
        <line num="10" count="1" type="stmt"/>
        <line num="12" count="0" type="stmt"/>
        <line num="16" count="33" type="stmt"/>
      </file>
      <file name="studentUpdateNotes.js" path="/home/diganta/Desktop/FINAL_PROJECT/src/controllers/Student/studentUpdateNotes.js">
        <metrics statements="11" coveredstatements="2" conditionals="0" coveredconditionals="0" methods="2" coveredmethods="0"/>
        <line num="1" count="33" type="stmt"/>
        <line num="2" count="0" type="stmt"/>
        <line num="3" count="0" type="stmt"/>
        <line num="4" count="0" type="stmt"/>
        <line num="5" count="0" type="stmt"/>
        <line num="6" count="0" type="stmt"/>
        <line num="7" count="0" type="stmt"/>
        <line num="8" count="0" type="stmt"/>
        <line num="9" count="0" type="stmt"/>
        <line num="13" count="0" type="stmt"/>
        <line num="17" count="33" type="stmt"/>
      </file>
      <file name="updateStudentProfile.js" path="/home/diganta/Desktop/FINAL_PROJECT/src/controllers/Student/updateStudentProfile.js">
        <metrics statements="8" coveredstatements="3" conditionals="0" coveredconditionals="0" methods="1" coveredmethods="0"/>
        <line num="1" count="33" type="stmt"/>
        <line num="3" count="33" type="stmt"/>
        <line num="4" count="0" type="stmt"/>
        <line num="5" count="0" type="stmt"/>
        <line num="6" count="0" type="stmt"/>
        <line num="7" count="0" type="stmt"/>
        <line num="9" count="0" type="stmt"/>
        <line num="13" count="33" type="stmt"/>
      </file>
    </package>
    <package name="src.controllers.otp">
      <metrics statements="46" coveredstatements="23" conditionals="8" coveredconditionals="0" methods="2" coveredmethods="1"/>
      <file name="sendOtpController.js" path="/home/diganta/Desktop/FINAL_PROJECT/src/controllers/otp/sendOtpController.js">
        <metrics statements="16" coveredstatements="16" conditionals="0" coveredconditionals="0" methods="1" coveredmethods="1"/>
        <line num="1" count="33" type="stmt"/>
        <line num="2" count="33" type="stmt"/>
        <line num="3" count="33" type="stmt"/>
        <line num="4" count="33" type="stmt"/>
        <line num="12" count="33" type="stmt"/>
        <line num="13" count="1" type="stmt"/>
        <line num="14" count="1" type="stmt"/>
        <line num="15" count="1" type="stmt"/>
        <line num="16" count="1" type="stmt"/>
        <line num="17" count="1" type="stmt"/>
        <line num="18" count="1" type="stmt"/>
        <line num="19" count="1" type="stmt"/>
        <line num="20" count="1" type="stmt"/>
        <line num="21" count="1" type="stmt"/>
        <line num="40" count="1" type="stmt"/>
        <line num="43" count="33" type="stmt"/>
      </file>
      <file name="verifyOtpController.js" path="/home/diganta/Desktop/FINAL_PROJECT/src/controllers/otp/verifyOtpController.js">
        <metrics statements="30" coveredstatements="7" conditionals="8" coveredconditionals="0" methods="1" coveredmethods="0"/>
        <line num="1" count="33" type="stmt"/>
        <line num="2" count="33" type="stmt"/>
        <line num="3" count="33" type="stmt"/>
        <line num="4" count="33" type="stmt"/>
        <line num="5" count="33" type="stmt"/>
        <line num="14" count="33" type="stmt"/>
        <line num="15" count="0" type="stmt"/>
        <line num="16" count="0" type="stmt"/>
        <line num="17" count="0" type="stmt"/>
        <line num="18" count="0" type="stmt"/>
        <line num="20" count="0" type="cond" truecount="0" falsecount="2"/>
        <line num="21" count="0" type="stmt"/>
        <line num="22" count="0" type="cond" truecount="0" falsecount="2"/>
        <line num="23" count="0" type="stmt"/>
        <line num="24" count="0" type="cond" truecount="0" falsecount="2"/>
        <line num="25" count="0" type="stmt"/>
        <line num="26" count="0" type="stmt"/>
        <line num="27" count="0" type="stmt"/>
        <line num="28" count="0" type="stmt"/>
        <line num="29" count="0" type="stmt"/>
        <line num="32" count="0" type="stmt"/>
        <line num="33" count="0" type="cond" truecount="0" falsecount="2"/>
        <line num="34" count="0" type="stmt"/>
        <line num="35" count="0" type="stmt"/>
        <line num="36" count="0" type="stmt"/>
        <line num="37" count="0" type="stmt"/>
        <line num="38" count="0" type="stmt"/>
        <line num="43" count="0" type="stmt"/>
        <line num="44" count="0" type="stmt"/>
        <line num="48" count="33" type="stmt"/>
      </file>
    </package>
    <package name="src.middleware">
      <metrics statements="49" coveredstatements="41" conditionals="6" coveredconditionals="3" methods="3" coveredmethods="3"/>
      <file name="adminAuthMiddleware.js" path="/home/diganta/Desktop/FINAL_PROJECT/src/middleware/adminAuthMiddleware.js">
        <metrics statements="14" coveredstatements="11" conditionals="2" coveredconditionals="1" methods="1" coveredmethods="1"/>
        <line num="1" count="33" type="stmt"/>
        <line num="2" count="33" type="stmt"/>
        <line num="4" count="33" type="stmt"/>
        <line num="5" count="4" type="stmt"/>
        <line num="6" count="4" type="stmt"/>
        <line num="7" count="4" type="stmt"/>
        <line num="10" count="4" type="stmt"/>
        <line num="15" count="4" type="cond" truecount="1" falsecount="1"/>
        <line num="16" count="0" type="stmt"/>
        <line num="20" count="4" type="stmt"/>
        <line num="21" count="4" type="stmt"/>
        <line num="23" count="0" type="stmt"/>
        <line num="24" count="0" type="stmt"/>
        <line num="28" count="33" type="stmt"/>
      </file>
      <file name="authMiddleware.js" path="/home/diganta/Desktop/FINAL_PROJECT/src/middleware/authMiddleware.js">
        <metrics statements="16" coveredstatements="15" conditionals="2" coveredconditionals="1" methods="1" coveredmethods="1"/>
        <line num="1" count="33" type="stmt"/>
        <line num="2" count="33" type="stmt"/>
        <line num="4" count="33" type="stmt"/>
        <line num="5" count="21" type="stmt"/>
        <line num="6" count="21" type="stmt"/>
        <line num="7" count="21" type="stmt"/>
        <line num="10" count="21" type="stmt"/>
        <line num="13" count="20" type="stmt"/>
        <line num="24" count="20" type="cond" truecount="1" falsecount="1"/>
        <line num="25" count="0" type="stmt"/>
        <line num="28" count="20" type="stmt"/>
        <line num="29" count="20" type="stmt"/>
        <line num="30" count="20" type="stmt"/>
        <line num="32" count="1" type="stmt"/>
        <line num="33" count="1" type="stmt"/>
        <line num="37" count="33" type="stmt"/>
      </file>
      <file name="studentAuthMiddleware.js" path="/home/diganta/Desktop/FINAL_PROJECT/src/middleware/studentAuthMiddleware.js">
        <metrics statements="19" coveredstatements="15" conditionals="2" coveredconditionals="1" methods="1" coveredmethods="1"/>
        <line num="1" count="33" type="stmt"/>
        <line num="2" count="33" type="stmt"/>
        <line num="4" count="33" type="stmt"/>
        <line num="5" count="3" type="stmt"/>
        <line num="6" count="3" type="stmt"/>
        <line num="7" count="3" type="stmt"/>
        <line num="9" count="3" type="stmt"/>
        <line num="10" count="3" type="stmt"/>
        <line num="11" count="3" type="stmt"/>
        <line num="12" count="3" type="stmt"/>
        <line num="23" count="3" type="cond" truecount="1" falsecount="1"/>
        <line num="24" count="0" type="stmt"/>
        <line num="25" count="0" type="stmt"/>
        <line num="28" count="3" type="stmt"/>
        <line num="29" count="3" type="stmt"/>
        <line num="30" count="3" type="stmt"/>
        <line num="32" count="0" type="stmt"/>
        <line num="33" count="0" type="stmt"/>
        <line num="37" count="33" type="stmt"/>
      </file>
    </package>
    <package name="src.models">
      <metrics statements="112" coveredstatements="92" conditionals="39" coveredconditionals="28" methods="20" coveredmethods="17"/>
      <file name="course.js" path="/home/diganta/Desktop/FINAL_PROJECT/src/models/course.js">
        <metrics statements="10" coveredstatements="10" conditionals="6" coveredconditionals="4" methods="2" coveredmethods="2"/>
        <line num="36" count="33" type="stmt"/>
        <line num="37" count="33" type="stmt"/>
        <line num="39" count="33" type="stmt"/>
        <line num="48" count="25" type="stmt"/>
        <line num="92" count="16" type="cond" truecount="1" falsecount="1"/>
        <line num="93" count="16" type="cond" truecount="1" falsecount="1"/>
        <line num="95" count="16" type="cond" truecount="2" falsecount="0"/>
        <line num="96" count="16" type="stmt"/>
        <line num="268" count="33" type="stmt"/>
        <line num="270" count="33" type="stmt"/>
      </file>
      <file name="instructor.js" path="/home/diganta/Desktop/FINAL_PROJECT/src/models/instructor.js">
        <metrics statements="49" coveredstatements="42" conditionals="18" coveredconditionals="14" methods="10" coveredmethods="9"/>
        <line num="22" count="33" type="stmt"/>
        <line num="23" count="33" type="stmt"/>
        <line num="24" count="33" type="stmt"/>
        <line num="25" count="33" type="stmt"/>
        <line num="26" count="33" type="stmt"/>
        <line num="28" count="33" type="stmt"/>
        <line num="36" count="27" type="stmt"/>
        <line num="45" count="27" type="stmt"/>
        <line num="54" count="27" type="stmt"/>
        <line num="100" count="27" type="stmt"/>
        <line num="101" count="50" type="cond" truecount="3" falsecount="0"/>
        <line num="124" count="33" type="stmt"/>
        <line num="125" count="27" type="stmt"/>
        <line num="126" count="27" type="cond" truecount="2" falsecount="0"/>
        <line num="127" count="26" type="stmt"/>
        <line num="129" count="27" type="stmt"/>
        <line num="134" count="33" type="stmt"/>
        <line num="135" count="1" type="stmt"/>
        <line num="136" count="1" type="stmt"/>
        <line num="142" count="1" type="stmt"/>
        <line num="143" count="1" type="stmt"/>
        <line num="145" count="1" type="stmt"/>
        <line num="149" count="33" type="stmt"/>
        <line num="150" count="2" type="stmt"/>
        <line num="151" count="2" type="stmt"/>
        <line num="153" count="2" type="stmt"/>
        <line num="154" count="2" type="stmt"/>
        <line num="155" count="2" type="stmt"/>
        <line num="156" count="2" type="stmt"/>
        <line num="159" count="0" type="stmt"/>
        <line num="162" count="2" type="stmt"/>
        <line num="167" count="2" type="cond" truecount="1" falsecount="1"/>
        <line num="169" count="0" type="stmt"/>
        <line num="172" count="2" type="stmt"/>
        <line num="179" count="33" type="stmt"/>
        <line num="180" count="2" type="stmt"/>
        <line num="182" count="2" type="cond" truecount="1" falsecount="1"/>
        <line num="183" count="0" type="stmt"/>
        <line num="191" count="2" type="stmt"/>
        <line num="193" count="2" type="cond" truecount="2" falsecount="0"/>
        <line num="194" count="1" type="stmt"/>
        <line num="197" count="1" type="stmt"/>
        <line num="200" count="33" type="stmt"/>
        <line num="201" count="0" type="stmt"/>
        <line num="203" count="0" type="cond" truecount="0" falsecount="2"/>
        <line num="204" count="0" type="stmt"/>
        <line num="207" count="0" type="stmt"/>
        <line num="210" count="33" type="stmt"/>
        <line num="212" count="33" type="stmt"/>
      </file>
      <file name="otp.js" path="/home/diganta/Desktop/FINAL_PROJECT/src/models/otp.js">
        <metrics statements="19" coveredstatements="7" conditionals="4" coveredconditionals="0" methods="2" coveredmethods="0"/>
        <line num="8" count="33" type="stmt"/>
        <line num="9" count="33" type="stmt"/>
        <line num="11" count="33" type="stmt"/>
        <line num="33" count="33" type="stmt"/>
        <line num="34" count="0" type="stmt"/>
        <line num="36" count="0" type="cond" truecount="0" falsecount="2"/>
        <line num="37" count="0" type="stmt"/>
        <line num="38" count="0" type="stmt"/>
        <line num="41" count="0" type="cond" truecount="0" falsecount="2"/>
        <line num="42" count="0" type="stmt"/>
        <line num="43" count="0" type="stmt"/>
        <line num="46" count="0" type="stmt"/>
        <line num="49" count="33" type="stmt"/>
        <line num="50" count="0" type="stmt"/>
        <line num="51" count="0" type="stmt"/>
        <line num="52" count="0" type="stmt"/>
        <line num="54" count="0" type="stmt"/>
        <line num="58" count="33" type="stmt"/>
        <line num="60" count="33" type="stmt"/>
      </file>
      <file name="payment.js" path="/home/diganta/Desktop/FINAL_PROJECT/src/models/payment.js">
        <metrics statements="4" coveredstatements="4" conditionals="0" coveredconditionals="0" methods="0" coveredmethods="0"/>
        <line num="11" count="33" type="stmt"/>
        <line num="13" count="33" type="stmt"/>
        <line num="36" count="33" type="stmt"/>
        <line num="37" count="33" type="stmt"/>
      </file>
      <file name="student.js" path="/home/diganta/Desktop/FINAL_PROJECT/src/models/student.js">
        <metrics statements="30" coveredstatements="29" conditionals="11" coveredconditionals="10" methods="6" coveredmethods="6"/>
        <line num="16" count="33" type="stmt"/>
        <line num="17" count="33" type="stmt"/>
        <line num="18" count="33" type="stmt"/>
        <line num="19" count="33" type="stmt"/>
        <line num="20" count="33" type="stmt"/>
        <line num="22" count="33" type="stmt"/>
        <line num="30" count="10" type="stmt"/>
        <line num="39" count="10" type="stmt"/>
        <line num="48" count="9" type="stmt"/>
        <line num="143" count="33" type="stmt"/>
        <line num="144" count="10" type="stmt"/>
        <line num="145" count="10" type="cond" truecount="2" falsecount="0"/>
        <line num="146" count="8" type="stmt"/>
        <line num="148" count="10" type="stmt"/>
        <line num="153" count="33" type="stmt"/>
        <line num="154" count="1" type="stmt"/>
        <line num="155" count="1" type="stmt"/>
        <line num="162" count="1" type="stmt"/>
        <line num="163" count="1" type="stmt"/>
        <line num="165" count="1" type="stmt"/>
        <line num="172" count="33" type="stmt"/>
        <line num="173" count="2" type="stmt"/>
        <line num="175" count="2" type="cond" truecount="1" falsecount="1"/>
        <line num="176" count="0" type="stmt"/>
        <line num="183" count="2" type="stmt"/>
        <line num="185" count="2" type="cond" truecount="2" falsecount="0"/>
        <line num="186" count="1" type="stmt"/>
        <line num="189" count="1" type="stmt"/>
        <line num="192" count="33" type="stmt"/>
        <line num="194" count="33" type="stmt"/>
      </file>
    </package>
    <package name="src.routes">
      <metrics statements="116" coveredstatements="116" conditionals="0" coveredconditionals="0" methods="0" coveredmethods="0"/>
      <file name="adminRoutes.js" path="/home/diganta/Desktop/FINAL_PROJECT/src/routes/adminRoutes.js">
        <metrics statements="14" coveredstatements="14" conditionals="0" coveredconditionals="0" methods="0" coveredmethods="0"/>
        <line num="1" count="33" type="stmt"/>
        <line num="2" count="33" type="stmt"/>
        <line num="3" count="33" type="stmt"/>
        <line num="4" count="33" type="stmt"/>
        <line num="5" count="33" type="stmt"/>
        <line num="6" count="33" type="stmt"/>
        <line num="7" count="33" type="stmt"/>
        <line num="8" count="33" type="stmt"/>
        <line num="10" count="33" type="stmt"/>
        <line num="11" count="33" type="stmt"/>
        <line num="12" count="33" type="stmt"/>
        <line num="13" count="33" type="stmt"/>
        <line num="14" count="33" type="stmt"/>
        <line num="16" count="33" type="stmt"/>
      </file>
      <file name="courseRoutes.js" path="/home/diganta/Desktop/FINAL_PROJECT/src/routes/courseRoutes.js">
        <metrics statements="14" coveredstatements="14" conditionals="0" coveredconditionals="0" methods="0" coveredmethods="0"/>
        <line num="1" count="33" type="stmt"/>
        <line num="2" count="33" type="stmt"/>
        <line num="3" count="33" type="stmt"/>
        <line num="6" count="33" type="stmt"/>
        <line num="9" count="33" type="stmt"/>
        <line num="12" count="33" type="stmt"/>
        <line num="13" count="33" type="stmt"/>
        <line num="14" count="33" type="stmt"/>
        <line num="16" count="33" type="stmt"/>
        <line num="17" count="33" type="stmt"/>
        <line num="18" count="33" type="stmt"/>
        <line num="19" count="33" type="stmt"/>
        <line num="20" count="33" type="stmt"/>
        <line num="23" count="33" type="stmt"/>
      </file>
      <file name="instructorRoutes.js" path="/home/diganta/Desktop/FINAL_PROJECT/src/routes/instructorRoutes.js">
        <metrics statements="42" coveredstatements="42" conditionals="0" coveredconditionals="0" methods="0" coveredmethods="0"/>
        <line num="1" count="33" type="stmt"/>
        <line num="2" count="33" type="stmt"/>
        <line num="6" count="33" type="stmt"/>
        <line num="9" count="33" type="stmt"/>
        <line num="12" count="33" type="stmt"/>
        <line num="15" count="33" type="stmt"/>
        <line num="16" count="33" type="stmt"/>
        <line num="17" count="33" type="stmt"/>
        <line num="18" count="33" type="stmt"/>
        <line num="21" count="33" type="stmt"/>
        <line num="22" count="33" type="stmt"/>
        <line num="25" count="33" type="stmt"/>
        <line num="28" count="33" type="stmt"/>
        <line num="31" count="33" type="stmt"/>
        <line num="35" count="33" type="stmt"/>
        <line num="36" count="33" type="stmt"/>
        <line num="37" count="33" type="stmt"/>
        <line num="38" count="33" type="stmt"/>
        <line num="39" count="33" type="stmt"/>
        <line num="40" count="33" type="stmt"/>
        <line num="41" count="33" type="stmt"/>
        <line num="42" count="33" type="stmt"/>
        <line num="43" count="33" type="stmt"/>
        <line num="45" count="33" type="stmt"/>
        <line num="46" count="33" type="stmt"/>
        <line num="47" count="33" type="stmt"/>
        <line num="48" count="33" type="stmt"/>
        <line num="53" count="33" type="stmt"/>
        <line num="54" count="33" type="stmt"/>
        <line num="55" count="33" type="stmt"/>
        <line num="56" count="33" type="stmt"/>
        <line num="61" count="33" type="stmt"/>
        <line num="62" count="33" type="stmt"/>
        <line num="67" count="33" type="stmt"/>
        <line num="68" count="33" type="stmt"/>
        <line num="69" count="33" type="stmt"/>
        <line num="71" count="33" type="stmt"/>
        <line num="72" count="33" type="stmt"/>
        <line num="73" count="33" type="stmt"/>
        <line num="74" count="33" type="stmt"/>
        <line num="75" count="33" type="stmt"/>
        <line num="76" count="33" type="stmt"/>
      </file>
      <file name="otpRoutes.js" path="/home/diganta/Desktop/FINAL_PROJECT/src/routes/otpRoutes.js">
        <metrics statements="7" coveredstatements="7" conditionals="0" coveredconditionals="0" methods="0" coveredmethods="0"/>
        <line num="1" count="33" type="stmt"/>
        <line num="2" count="33" type="stmt"/>
        <line num="4" count="33" type="stmt"/>
        <line num="5" count="33" type="stmt"/>
        <line num="7" count="33" type="stmt"/>
        <line num="8" count="33" type="stmt"/>
        <line num="10" count="33" type="stmt"/>
      </file>
      <file name="paymentRoutes.js" path="/home/diganta/Desktop/FINAL_PROJECT/src/routes/paymentRoutes.js">
        <metrics statements="5" coveredstatements="5" conditionals="0" coveredconditionals="0" methods="0" coveredmethods="0"/>
        <line num="1" count="33" type="stmt"/>
        <line num="2" count="33" type="stmt"/>
        <line num="3" count="33" type="stmt"/>
        <line num="5" count="33" type="stmt"/>
        <line num="7" count="33" type="stmt"/>
      </file>
      <file name="studentRoutes.js" path="/home/diganta/Desktop/FINAL_PROJECT/src/routes/studentRoutes.js">
        <metrics statements="34" coveredstatements="34" conditionals="0" coveredconditionals="0" methods="0" coveredmethods="0"/>
        <line num="1" count="33" type="stmt"/>
        <line num="2" count="33" type="stmt"/>
        <line num="6" count="33" type="stmt"/>
        <line num="9" count="33" type="stmt"/>
        <line num="12" count="33" type="stmt"/>
        <line num="13" count="33" type="stmt"/>
        <line num="16" count="33" type="stmt"/>
        <line num="19" count="33" type="stmt"/>
        <line num="20" count="33" type="stmt"/>
        <line num="21" count="33" type="stmt"/>
        <line num="22" count="33" type="stmt"/>
        <line num="23" count="33" type="stmt"/>
        <line num="24" count="33" type="stmt"/>
        <line num="25" count="33" type="stmt"/>
        <line num="26" count="33" type="stmt"/>
        <line num="27" count="33" type="stmt"/>
        <line num="28" count="33" type="stmt"/>
        <line num="29" count="33" type="stmt"/>
        <line num="31" count="33" type="stmt"/>
        <line num="32" count="33" type="stmt"/>
        <line num="33" count="33" type="stmt"/>
        <line num="38" count="33" type="stmt"/>
        <line num="44" count="33" type="stmt"/>
        <line num="49" count="33" type="stmt"/>
        <line num="51" count="33" type="stmt"/>
        <line num="57" count="33" type="stmt"/>
        <line num="59" count="33" type="stmt"/>
        <line num="61" count="33" type="stmt"/>
        <line num="63" count="33" type="stmt"/>
        <line num="64" count="33" type="stmt"/>
        <line num="65" count="33" type="stmt"/>
        <line num="66" count="33" type="stmt"/>
        <line num="67" count="33" type="stmt"/>
        <line num="69" count="33" type="stmt"/>
      </file>
    </package>
    <package name="src.utils">
      <metrics statements="15" coveredstatements="6" conditionals="0" coveredconditionals="0" methods="4" coveredmethods="0"/>
      <file name="mailJet.js" path="/home/diganta/Desktop/FINAL_PROJECT/src/utils/mailJet.js">
        <metrics statements="8" coveredstatements="4" conditionals="0" coveredconditionals="0" methods="3" coveredmethods="0"/>
        <line num="1" count="32" type="stmt"/>
        <line num="4" count="32" type="stmt"/>
        <line num="10" count="32" type="stmt"/>
        <line num="11" count="0" type="stmt"/>
        <line num="30" count="0" type="stmt"/>
        <line num="32" count="0" type="stmt"/>
        <line num="35" count="0" type="stmt"/>
        <line num="39" count="32" type="stmt"/>
      </file>
      <file name="otpGenerator.js" path="/home/diganta/Desktop/FINAL_PROJECT/src/utils/otpGenerator.js">
        <metrics statements="7" coveredstatements="2" conditionals="0" coveredconditionals="0" methods="1" coveredmethods="0"/>
        <line num="1" count="32" type="stmt"/>
        <line num="9" count="0" type="stmt"/>
        <line num="11" count="0" type="stmt"/>
        <line num="13" count="0" type="stmt"/>
        <line num="15" count="0" type="stmt"/>
        <line num="17" count="0" type="stmt"/>
        <line num="20" count="32" type="stmt"/>
      </file>
    </package>
    <package name="tests.utils">
      <metrics statements="5" coveredstatements="5" conditionals="0" coveredconditionals="0" methods="0" coveredmethods="0"/>
      <file name="instructorMock.js" path="/home/diganta/Desktop/FINAL_PROJECT/tests/utils/instructorMock.js">
        <metrics statements="2" coveredstatements="2" conditionals="0" coveredconditionals="0" methods="0" coveredmethods="0"/>
        <line num="1" count="21" type="stmt"/>
        <line num="20" count="21" type="stmt"/>
      </file>
      <file name="mockInstructorId.js" path="/home/diganta/Desktop/FINAL_PROJECT/tests/utils/mockInstructorId.js">
        <metrics statements="1" coveredstatements="1" conditionals="0" coveredconditionals="0" methods="0" coveredmethods="0"/>
        <line num="1" count="3" type="stmt"/>
      </file>
      <file name="studentMock.js" path="/home/diganta/Desktop/FINAL_PROJECT/tests/utils/studentMock.js">
        <metrics statements="2" coveredstatements="2" conditionals="0" coveredconditionals="0" methods="0" coveredmethods="0"/>
        <line num="1" count="1" type="stmt"/>
        <line num="19" count="1" type="stmt"/>
      </file>
    </package>
  </project>
</coverage>
