{"/home/diganta/Desktop/FINAL_PROJECT/src/index.js": {"path":"/home/diganta/Desktop/FINAL_PROJECT/src/index.js","statementMap":{"0":{"start":{"line":1,"column":16},"end":{"line":1,"column":34}},"1":{"start":{"line":2,"column":0},"end":{"line":2,"column":26}},"2":{"start":{"line":3,"column":0},"end":{"line":3,"column":27}},"3":{"start":{"line":4,"column":13},"end":{"line":4,"column":28}},"4":{"start":{"line":5,"column":15},"end":{"line":5,"column":32}},"5":{"start":{"line":6,"column":13},"end":{"line":6,"column":28}},"6":{"start":{"line":7,"column":11},"end":{"line":7,"column":24}},"7":{"start":{"line":8,"column":14},"end":{"line":8,"column":37}},"8":{"start":{"line":10,"column":25},"end":{"line":10,"column":61}},"9":{"start":{"line":11,"column":22},"end":{"line":11,"column":55}},"10":{"start":{"line":12,"column":18},"end":{"line":12,"column":47}},"11":{"start":{"line":13,"column":21},"end":{"line":13,"column":53}},"12":{"start":{"line":14,"column":20},"end":{"line":14,"column":51}},"13":{"start":{"line":15,"column":22},"end":{"line":15,"column":55}},"14":{"start":{"line":16,"column":16},"end":{"line":16,"column":43}},"15":{"start":{"line":17,"column":25},"end":{"line":17,"column":69}},"16":{"start":{"line":18,"column":30},"end":{"line":18,"column":75}},"17":{"start":{"line":19,"column":16},"end":{"line":19,"column":43}},"18":{"start":{"line":20,"column":15},"end":{"line":20,"column":41}},"19":{"start":{"line":21,"column":15},"end":{"line":21,"column":63}},"20":{"start":{"line":23,"column":12},"end":{"line":23,"column":21}},"21":{"start":{"line":25,"column":0},"end":{"line":27,"column":3}},"22":{"start":{"line":26,"column":2},"end":{"line":26,"column":35}},"23":{"start":{"line":29,"column":21},"end":{"line":29,"column":49}},"24":{"start":{"line":31,"column":0},"end":{"line":87,"column":2}},"25":{"start":{"line":35,"column":16},"end":{"line":35,"column":51}},"26":{"start":{"line":39,"column":4},"end":{"line":46,"column":5}},"27":{"start":{"line":40,"column":6},"end":{"line":40,"column":80}},"28":{"start":{"line":44,"column":6},"end":{"line":44,"column":65}},"29":{"start":{"line":45,"column":6},"end":{"line":45,"column":13}},"30":{"start":{"line":48,"column":4},"end":{"line":83,"column":5}},"31":{"start":{"line":50,"column":39},"end":{"line":50,"column":56}},"32":{"start":{"line":51,"column":8},"end":{"line":51,"column":44}},"33":{"start":{"line":52,"column":25},"end":{"line":52,"column":56}},"34":{"start":{"line":53,"column":26},"end":{"line":53,"column":44}},"35":{"start":{"line":54,"column":25},"end":{"line":54,"column":42}},"36":{"start":{"line":55,"column":24},"end":{"line":55,"column":57}},"37":{"start":{"line":56,"column":8},"end":{"line":62,"column":11}},"38":{"start":{"line":64,"column":8},"end":{"line":64,"column":29}},"39":{"start":{"line":65,"column":27},"end":{"line":72,"column":10}},"40":{"start":{"line":74,"column":23},"end":{"line":74,"column":54}},"41":{"start":{"line":75,"column":8},"end":{"line":75,"column":50}},"42":{"start":{"line":76,"column":8},"end":{"line":76,"column":28}},"43":{"start":{"line":78,"column":8},"end":{"line":78,"column":32}},"44":{"start":{"line":79,"column":8},"end":{"line":79,"column":14}},"45":{"start":{"line":82,"column":8},"end":{"line":82,"column":58}},"46":{"start":{"line":85,"column":4},"end":{"line":85,"column":20}},"47":{"start":{"line":90,"column":0},"end":{"line":90,"column":41}},"48":{"start":{"line":91,"column":0},"end":{"line":91,"column":63}},"49":{"start":{"line":93,"column":0},"end":{"line":93,"column":16}},"50":{"start":{"line":94,"column":0},"end":{"line":98,"column":2}},"51":{"start":{"line":100,"column":0},"end":{"line":100,"column":34}},"52":{"start":{"line":101,"column":0},"end":{"line":101,"column":31}},"53":{"start":{"line":102,"column":0},"end":{"line":102,"column":27}},"54":{"start":{"line":103,"column":0},"end":{"line":103,"column":30}},"55":{"start":{"line":104,"column":0},"end":{"line":104,"column":29}},"56":{"start":{"line":105,"column":0},"end":{"line":105,"column":31}},"57":{"start":{"line":107,"column":0},"end":{"line":107,"column":78}},"58":{"start":{"line":109,"column":0},"end":{"line":109,"column":58}},"59":{"start":{"line":111,"column":0},"end":{"line":111,"column":21}}},"fnMap":{"0":{"name":"(anonymous_0)","decl":{"start":{"line":25,"column":20},"end":{"line":25,"column":21}},"loc":{"start":{"line":25,"column":34},"end":{"line":27,"column":1}},"line":25},"1":{"name":"(anonymous_1)","decl":{"start":{"line":34,"column":2},"end":{"line":34,"column":3}},"loc":{"start":{"line":34,"column":31},"end":{"line":86,"column":3}},"line":34}},"branchMap":{"0":{"loc":{"start":{"line":48,"column":4},"end":{"line":83,"column":5}},"type":"switch","locations":[{"start":{"line":49,"column":6},"end":{"line":79,"column":14}},{"start":{"line":81,"column":6},"end":{"line":82,"column":58}}],"line":48}},"s":{"0":34,"1":34,"2":34,"3":34,"4":34,"5":34,"6":34,"7":34,"8":34,"9":34,"10":34,"11":34,"12":34,"13":34,"14":34,"15":34,"16":34,"17":34,"18":34,"19":34,"20":34,"21":34,"22":0,"23":34,"24":34,"25":0,"26":0,"27":0,"28":0,"29":0,"30":0,"31":0,"32":0,"33":0,"34":0,"35":0,"36":0,"37":0,"38":0,"39":0,"40":0,"41":0,"42":0,"43":0,"44":0,"45":0,"46":0,"47":34,"48":34,"49":34,"50":34,"51":34,"52":34,"53":34,"54":34,"55":34,"56":34,"57":34,"58":34,"59":34},"f":{"0":0,"1":0},"b":{"0":[0,0]},"_coverageSchema":"1a1c01bbd47fc00a2c39e90264f33305004495a9","hash":"e41e8ce14ca943d89a1ca1bfcf46991474abf48e"}
,"/home/diganta/Desktop/FINAL_PROJECT/src/config/multer.js": {"path":"/home/diganta/Desktop/FINAL_PROJECT/src/config/multer.js","statementMap":{"0":{"start":{"line":1,"column":15},"end":{"line":1,"column":32}},"1":{"start":{"line":2,"column":13},"end":{"line":2,"column":28}},"2":{"start":{"line":3,"column":11},"end":{"line":3,"column":24}},"3":{"start":{"line":5,"column":25},"end":{"line":5,"column":68}},"4":{"start":{"line":6,"column":0},"end":{"line":8,"column":1}},"5":{"start":{"line":7,"column":2},"end":{"line":7,"column":33}},"6":{"start":{"line":11,"column":16},"end":{"line":20,"column":2}},"7":{"start":{"line":13,"column":4},"end":{"line":13,"column":31}},"8":{"start":{"line":16,"column":21},"end":{"line":16,"column":57}},"9":{"start":{"line":17,"column":4},"end":{"line":17,"column":23}},"10":{"start":{"line":18,"column":4},"end":{"line":18,"column":33}},"11":{"start":{"line":22,"column":15},"end":{"line":22,"column":43}},"12":{"start":{"line":23,"column":0},"end":{"line":23,"column":20}},"13":{"start":{"line":24,"column":0},"end":{"line":26,"column":2}}},"fnMap":{"0":{"name":"(anonymous_0)","decl":{"start":{"line":12,"column":15},"end":{"line":12,"column":16}},"loc":{"start":{"line":12,"column":34},"end":{"line":14,"column":3}},"line":12},"1":{"name":"(anonymous_1)","decl":{"start":{"line":15,"column":12},"end":{"line":15,"column":13}},"loc":{"start":{"line":15,"column":31},"end":{"line":19,"column":3}},"line":15}},"branchMap":{"0":{"loc":{"start":{"line":6,"column":0},"end":{"line":8,"column":1}},"type":"if","locations":[{"start":{"line":6,"column":0},"end":{"line":8,"column":1}},{"start":{},"end":{}}],"line":6}},"s":{"0":34,"1":34,"2":34,"3":34,"4":34,"5":0,"6":34,"7":0,"8":0,"9":0,"10":0,"11":34,"12":34,"13":34},"f":{"0":0,"1":0},"b":{"0":[0,34]},"_coverageSchema":"1a1c01bbd47fc00a2c39e90264f33305004495a9","hash":"efd52569eda2b4e6cc09358df4dff495e08ed67b"}
,"/home/diganta/Desktop/FINAL_PROJECT/src/config/salts.js": {"path":"/home/diganta/Desktop/FINAL_PROJECT/src/config/salts.js","statementMap":{"0":{"start":{"line":1,"column":14},"end":{"line":1,"column":15}},"1":{"start":{"line":3,"column":0},"end":{"line":3,"column":23}}},"fnMap":{},"branchMap":{},"s":{"0":34,"1":34},"f":{},"b":{},"_coverageSchema":"1a1c01bbd47fc00a2c39e90264f33305004495a9","hash":"29a1149f798bc3d8cf4ce63ea6d0b252355ec428"}
,"/home/diganta/Desktop/FINAL_PROJECT/src/config/db/db.js": {"path":"/home/diganta/Desktop/FINAL_PROJECT/src/config/db/db.js","statementMap":{"0":{"start":{"line":1,"column":17},"end":{"line":1,"column":36}},"1":{"start":{"line":2,"column":12},"end":{"line":2,"column":28}},"2":{"start":{"line":4,"column":0},"end":{"line":4,"column":49}},"3":{"start":{"line":6,"column":0},"end":{"line":8,"column":3}},"4":{"start":{"line":7,"column":2},"end":{"line":7,"column":43}},"5":{"start":{"line":10,"column":0},"end":{"line":12,"column":3}},"6":{"start":{"line":11,"column":2},"end":{"line":11,"column":66}},"7":{"start":{"line":14,"column":0},"end":{"line":16,"column":3}},"8":{"start":{"line":15,"column":2},"end":{"line":15,"column":48}}},"fnMap":{"0":{"name":"(anonymous_0)","decl":{"start":{"line":6,"column":36},"end":{"line":6,"column":37}},"loc":{"start":{"line":6,"column":42},"end":{"line":8,"column":1}},"line":6},"1":{"name":"(anonymous_1)","decl":{"start":{"line":10,"column":32},"end":{"line":10,"column":33}},"loc":{"start":{"line":10,"column":41},"end":{"line":12,"column":1}},"line":10},"2":{"name":"(anonymous_2)","decl":{"start":{"line":14,"column":39},"end":{"line":14,"column":40}},"loc":{"start":{"line":14,"column":45},"end":{"line":16,"column":1}},"line":14}},"branchMap":{},"s":{"0":34,"1":34,"2":34,"3":34,"4":34,"5":34,"6":0,"7":34,"8":0},"f":{"0":34,"1":0,"2":0},"b":{},"_coverageSchema":"1a1c01bbd47fc00a2c39e90264f33305004495a9","hash":"003fe353863437147ae50a737bc22148a3078100"}
,"/home/diganta/Desktop/FINAL_PROJECT/src/config/db/url.js": {"path":"/home/diganta/Desktop/FINAL_PROJECT/src/config/db/url.js","statementMap":{"0":{"start":{"line":2,"column":0},"end":{"line":2,"column":116}},"1":{"start":{"line":3,"column":0},"end":{"line":3,"column":21}}},"fnMap":{},"branchMap":{"0":{"loc":{"start":{"line":2,"column":0},"end":{"line":2,"column":116}},"type":"cond-expr","locations":[{"start":{"line":2,"column":25},"end":{"line":2,"column":70}},{"start":{"line":2,"column":71},"end":{"line":2,"column":116}}],"line":2}},"s":{"0":34,"1":34},"f":{},"b":{"0":[0,34]},"_coverageSchema":"1a1c01bbd47fc00a2c39e90264f33305004495a9","hash":"d277a06fd8ea792872f457580d40a74b57754ee8"}
,"/home/diganta/Desktop/FINAL_PROJECT/src/controllers/Admin/adminSignIn.js": {"path":"/home/diganta/Desktop/FINAL_PROJECT/src/controllers/Admin/adminSignIn.js","statementMap":{"0":{"start":{"line":1,"column":12},"end":{"line":1,"column":35}},"1":{"start":{"line":3,"column":20},"end":{"line":26,"column":1}},"2":{"start":{"line":4,"column":19},"end":{"line":4,"column":36}},"3":{"start":{"line":5,"column":19},"end":{"line":5,"column":36}},"4":{"start":{"line":6,"column":2},"end":{"line":25,"column":3}},"5":{"start":{"line":7,"column":18},"end":{"line":12,"column":5}},"6":{"start":{"line":13,"column":4},"end":{"line":17,"column":7}},"7":{"start":{"line":18,"column":4},"end":{"line":18,"column":11}},"8":{"start":{"line":20,"column":4},"end":{"line":20,"column":27}},"9":{"start":{"line":21,"column":4},"end":{"line":23,"column":7}},"10":{"start":{"line":24,"column":4},"end":{"line":24,"column":11}},"11":{"start":{"line":28,"column":0},"end":{"line":30,"column":2}}},"fnMap":{"0":{"name":"(anonymous_0)","decl":{"start":{"line":3,"column":20},"end":{"line":3,"column":21}},"loc":{"start":{"line":3,"column":40},"end":{"line":26,"column":1}},"line":3}},"branchMap":{"0":{"loc":{"start":{"line":6,"column":2},"end":{"line":25,"column":3}},"type":"if","locations":[{"start":{"line":6,"column":2},"end":{"line":25,"column":3}},{"start":{"line":19,"column":9},"end":{"line":25,"column":3}}],"line":6},"1":{"loc":{"start":{"line":6,"column":6},"end":{"line":6,"column":74}},"type":"binary-expr","locations":[{"start":{"line":6,"column":6},"end":{"line":6,"column":36}},{"start":{"line":6,"column":40},"end":{"line":6,"column":74}}],"line":6}},"s":{"0":34,"1":34,"2":2,"3":2,"4":2,"5":1,"6":1,"7":1,"8":1,"9":1,"10":1,"11":34},"f":{"0":2},"b":{"0":[1,1],"1":[2,1]},"_coverageSchema":"1a1c01bbd47fc00a2c39e90264f33305004495a9","hash":"10061274a478c3825703437d0d794f9bb0527fc1"}
,"/home/diganta/Desktop/FINAL_PROJECT/src/controllers/Admin/adminVerify.js": {"path":"/home/diganta/Desktop/FINAL_PROJECT/src/controllers/Admin/adminVerify.js","statementMap":{"0":{"start":{"line":1,"column":20},"end":{"line":7,"column":1}},"1":{"start":{"line":2,"column":4},"end":{"line":6,"column":5}},"2":{"start":{"line":3,"column":8},"end":{"line":3,"column":40}},"3":{"start":{"line":5,"column":8},"end":{"line":5,"column":36}},"4":{"start":{"line":9,"column":0},"end":{"line":11,"column":1}}},"fnMap":{"0":{"name":"(anonymous_0)","decl":{"start":{"line":1,"column":20},"end":{"line":1,"column":21}},"loc":{"start":{"line":1,"column":37},"end":{"line":7,"column":1}},"line":1}},"branchMap":{},"s":{"0":34,"1":0,"2":0,"3":0,"4":34},"f":{"0":0},"b":{},"_coverageSchema":"1a1c01bbd47fc00a2c39e90264f33305004495a9","hash":"48ef90bf49ce9d2030fca47317b33a7b4af6fd83"}
,"/home/diganta/Desktop/FINAL_PROJECT/src/controllers/Admin/getInstructorName.js": {"path":"/home/diganta/Desktop/FINAL_PROJECT/src/controllers/Admin/getInstructorName.js","statementMap":{"0":{"start":{"line":1,"column":19},"end":{"line":1,"column":53}},"1":{"start":{"line":3,"column":26},"end":{"line":11,"column":1}},"2":{"start":{"line":4,"column":4},"end":{"line":10,"column":5}},"3":{"start":{"line":5,"column":27},"end":{"line":5,"column":82}},"4":{"start":{"line":6,"column":8},"end":{"line":6,"column":31}},"5":{"start":{"line":7,"column":8},"end":{"line":7,"column":46}},"6":{"start":{"line":9,"column":8},"end":{"line":9,"column":35}},"7":{"start":{"line":13,"column":0},"end":{"line":15,"column":1}}},"fnMap":{"0":{"name":"(anonymous_0)","decl":{"start":{"line":3,"column":26},"end":{"line":3,"column":27}},"loc":{"start":{"line":3,"column":45},"end":{"line":11,"column":1}},"line":3}},"branchMap":{},"s":{"0":34,"1":34,"2":2,"3":2,"4":1,"5":1,"6":1,"7":34},"f":{"0":2},"b":{},"_coverageSchema":"1a1c01bbd47fc00a2c39e90264f33305004495a9","hash":"51671b9f4899586eef9ad9a78d29235ecfa6a377"}
,"/home/diganta/Desktop/FINAL_PROJECT/src/controllers/Course/addAnswer.js": {"path":"/home/diganta/Desktop/FINAL_PROJECT/src/controllers/Course/addAnswer.js","statementMap":{"0":{"start":{"line":1,"column":15},"end":{"line":1,"column":45}},"1":{"start":{"line":3,"column":18},"end":{"line":27,"column":1}},"2":{"start":{"line":5,"column":2},"end":{"line":26,"column":3}},"3":{"start":{"line":6,"column":19},"end":{"line":21,"column":5}},"4":{"start":{"line":22,"column":4},"end":{"line":22,"column":42}},"5":{"start":{"line":23,"column":4},"end":{"line":23,"column":32}},"6":{"start":{"line":25,"column":4},"end":{"line":25,"column":23}},"7":{"start":{"line":29,"column":0},"end":{"line":31,"column":2}}},"fnMap":{"0":{"name":"(anonymous_0)","decl":{"start":{"line":3,"column":18},"end":{"line":3,"column":19}},"loc":{"start":{"line":3,"column":38},"end":{"line":27,"column":1}},"line":3}},"branchMap":{},"s":{"0":34,"1":34,"2":0,"3":0,"4":0,"5":0,"6":0,"7":34},"f":{"0":0},"b":{},"_coverageSchema":"1a1c01bbd47fc00a2c39e90264f33305004495a9","hash":"61f3a538b806adb79b42bc5f8ada1325713818c2"}
,"/home/diganta/Desktop/FINAL_PROJECT/src/controllers/Course/addQuestion.js": {"path":"/home/diganta/Desktop/FINAL_PROJECT/src/controllers/Course/addQuestion.js","statementMap":{"0":{"start":{"line":1,"column":15},"end":{"line":1,"column":45}},"1":{"start":{"line":3,"column":20},"end":{"line":25,"column":1}},"2":{"start":{"line":4,"column":2},"end":{"line":24,"column":3}},"3":{"start":{"line":6,"column":19},"end":{"line":6,"column":59}},"4":{"start":{"line":7,"column":28},"end":{"line":10,"column":5}},"5":{"start":{"line":9,"column":8},"end":{"line":9,"column":71}},"6":{"start":{"line":11,"column":4},"end":{"line":18,"column":5}},"7":{"start":{"line":12,"column":6},"end":{"line":17,"column":9}},"8":{"start":{"line":19,"column":4},"end":{"line":19,"column":24}},"9":{"start":{"line":20,"column":4},"end":{"line":20,"column":37}},"10":{"start":{"line":22,"column":4},"end":{"line":22,"column":23}},"11":{"start":{"line":23,"column":4},"end":{"line":23,"column":32}},"12":{"start":{"line":27,"column":0},"end":{"line":29,"column":2}}},"fnMap":{"0":{"name":"(anonymous_0)","decl":{"start":{"line":3,"column":20},"end":{"line":3,"column":21}},"loc":{"start":{"line":3,"column":40},"end":{"line":25,"column":1}},"line":3},"1":{"name":"(anonymous_1)","decl":{"start":{"line":8,"column":6},"end":{"line":8,"column":7}},"loc":{"start":{"line":9,"column":8},"end":{"line":9,"column":71}},"line":9}},"branchMap":{"0":{"loc":{"start":{"line":11,"column":4},"end":{"line":18,"column":5}},"type":"if","locations":[{"start":{"line":11,"column":4},"end":{"line":18,"column":5}},{"start":{},"end":{}}],"line":11}},"s":{"0":34,"1":34,"2":0,"3":0,"4":0,"5":0,"6":0,"7":0,"8":0,"9":0,"10":0,"11":0,"12":34},"f":{"0":0,"1":0},"b":{"0":[0,0]},"_coverageSchema":"1a1c01bbd47fc00a2c39e90264f33305004495a9","hash":"a717dcde1425385e5d3b2962a5680ff75754d492"}
,"/home/diganta/Desktop/FINAL_PROJECT/src/controllers/Course/addRating.js": {"path":"/home/diganta/Desktop/FINAL_PROJECT/src/controllers/Course/addRating.js","statementMap":{"0":{"start":{"line":1,"column":15},"end":{"line":1,"column":45}},"1":{"start":{"line":3,"column":18},"end":{"line":35,"column":1}},"2":{"start":{"line":4,"column":2},"end":{"line":34,"column":3}},"3":{"start":{"line":5,"column":19},"end":{"line":5,"column":59}},"4":{"start":{"line":6,"column":35},"end":{"line":9,"column":5}},"5":{"start":{"line":8,"column":8},"end":{"line":8,"column":75}},"6":{"start":{"line":10,"column":4},"end":{"line":10,"column":40}},"7":{"start":{"line":11,"column":4},"end":{"line":27,"column":5}},"8":{"start":{"line":12,"column":35},"end":{"line":15,"column":7}},"9":{"start":{"line":14,"column":10},"end":{"line":14,"column":77}},"10":{"start":{"line":16,"column":6},"end":{"line":20,"column":8}},"11":{"start":{"line":22,"column":6},"end":{"line":26,"column":9}},"12":{"start":{"line":28,"column":4},"end":{"line":28,"column":24}},"13":{"start":{"line":30,"column":4},"end":{"line":30,"column":33}},"14":{"start":{"line":32,"column":4},"end":{"line":32,"column":23}},"15":{"start":{"line":33,"column":4},"end":{"line":33,"column":32}},"16":{"start":{"line":37,"column":0},"end":{"line":39,"column":2}}},"fnMap":{"0":{"name":"(anonymous_0)","decl":{"start":{"line":3,"column":18},"end":{"line":3,"column":19}},"loc":{"start":{"line":3,"column":38},"end":{"line":35,"column":1}},"line":3},"1":{"name":"(anonymous_1)","decl":{"start":{"line":7,"column":6},"end":{"line":7,"column":7}},"loc":{"start":{"line":8,"column":8},"end":{"line":8,"column":75}},"line":8},"2":{"name":"(anonymous_2)","decl":{"start":{"line":13,"column":8},"end":{"line":13,"column":9}},"loc":{"start":{"line":14,"column":10},"end":{"line":14,"column":77}},"line":14}},"branchMap":{"0":{"loc":{"start":{"line":11,"column":4},"end":{"line":27,"column":5}},"type":"if","locations":[{"start":{"line":11,"column":4},"end":{"line":27,"column":5}},{"start":{"line":21,"column":11},"end":{"line":27,"column":5}}],"line":11}},"s":{"0":34,"1":34,"2":0,"3":0,"4":0,"5":0,"6":0,"7":0,"8":0,"9":0,"10":0,"11":0,"12":0,"13":0,"14":0,"15":0,"16":34},"f":{"0":0,"1":0,"2":0},"b":{"0":[0,0]},"_coverageSchema":"1a1c01bbd47fc00a2c39e90264f33305004495a9","hash":"f8c9b6dcf12611fb5b4805b86881522f3fd0e4fe"}
,"/home/diganta/Desktop/FINAL_PROJECT/src/controllers/Course/courseEnroll.js": {"path":"/home/diganta/Desktop/FINAL_PROJECT/src/controllers/Course/courseEnroll.js","statementMap":{"0":{"start":{"line":1,"column":15},"end":{"line":1,"column":45}},"1":{"start":{"line":2,"column":21},"end":{"line":2,"column":49}},"2":{"start":{"line":3,"column":15},"end":{"line":3,"column":63}},"3":{"start":{"line":5,"column":21},"end":{"line":45,"column":1}},"4":{"start":{"line":6,"column":2},"end":{"line":6,"column":24}},"5":{"start":{"line":7,"column":17},"end":{"line":7,"column":57}},"6":{"start":{"line":9,"column":18},"end":{"line":9,"column":29}},"7":{"start":{"line":11,"column":22},"end":{"line":11,"column":65}},"8":{"start":{"line":11,"column":55},"end":{"line":11,"column":64}},"9":{"start":{"line":13,"column":2},"end":{"line":17,"column":3}},"10":{"start":{"line":14,"column":4},"end":{"line":14,"column":40}},"11":{"start":{"line":16,"column":4},"end":{"line":16,"column":11}},"12":{"start":{"line":19,"column":2},"end":{"line":44,"column":3}},"13":{"start":{"line":20,"column":20},"end":{"line":20,"column":36}},"14":{"start":{"line":21,"column":4},"end":{"line":21,"column":25}},"15":{"start":{"line":22,"column":20},"end":{"line":38,"column":6}},"16":{"start":{"line":39,"column":4},"end":{"line":39,"column":25}},"17":{"start":{"line":40,"column":4},"end":{"line":40,"column":47}},"18":{"start":{"line":42,"column":4},"end":{"line":42,"column":23}},"19":{"start":{"line":43,"column":4},"end":{"line":43,"column":32}},"20":{"start":{"line":47,"column":0},"end":{"line":49,"column":2}}},"fnMap":{"0":{"name":"(anonymous_0)","decl":{"start":{"line":5,"column":21},"end":{"line":5,"column":22}},"loc":{"start":{"line":5,"column":41},"end":{"line":45,"column":1}},"line":5},"1":{"name":"(anonymous_1)","decl":{"start":{"line":11,"column":43},"end":{"line":11,"column":44}},"loc":{"start":{"line":11,"column":55},"end":{"line":11,"column":64}},"line":11}},"branchMap":{"0":{"loc":{"start":{"line":13,"column":2},"end":{"line":17,"column":3}},"type":"if","locations":[{"start":{"line":13,"column":2},"end":{"line":17,"column":3}},{"start":{},"end":{}}],"line":13}},"s":{"0":34,"1":34,"2":34,"3":34,"4":0,"5":0,"6":0,"7":0,"8":0,"9":0,"10":0,"11":0,"12":0,"13":0,"14":0,"15":0,"16":0,"17":0,"18":0,"19":0,"20":34},"f":{"0":0,"1":0},"b":{"0":[0,0]},"_coverageSchema":"1a1c01bbd47fc00a2c39e90264f33305004495a9","hash":"89ed658021d60d6cd88ac535bdfc11bc4e5ee023"}
,"/home/diganta/Desktop/FINAL_PROJECT/src/controllers/Course/coursePurchases.js": {"path":"/home/diganta/Desktop/FINAL_PROJECT/src/controllers/Course/coursePurchases.js","statementMap":{"0":{"start":{"line":1,"column":16},"end":{"line":1,"column":47}},"1":{"start":{"line":3,"column":24},"end":{"line":11,"column":1}},"2":{"start":{"line":4,"column":4},"end":{"line":10,"column":5}},"3":{"start":{"line":5,"column":26},"end":{"line":5,"column":72}},"4":{"start":{"line":6,"column":8},"end":{"line":6,"column":30}},"5":{"start":{"line":7,"column":8},"end":{"line":7,"column":40}},"6":{"start":{"line":9,"column":8},"end":{"line":9,"column":39}},"7":{"start":{"line":13,"column":0},"end":{"line":15,"column":1}}},"fnMap":{"0":{"name":"(anonymous_0)","decl":{"start":{"line":3,"column":24},"end":{"line":3,"column":25}},"loc":{"start":{"line":3,"column":43},"end":{"line":11,"column":1}},"line":3}},"branchMap":{},"s":{"0":34,"1":34,"2":1,"3":1,"4":1,"5":1,"6":0,"7":34},"f":{"0":1},"b":{},"_coverageSchema":"1a1c01bbd47fc00a2c39e90264f33305004495a9","hash":"01c2eb7f3875acf789fa6769267ed78ac5e76329"}
,"/home/diganta/Desktop/FINAL_PROJECT/src/controllers/Course/editCourse.js": {"path":"/home/diganta/Desktop/FINAL_PROJECT/src/controllers/Course/editCourse.js","statementMap":{"0":{"start":{"line":1,"column":15},"end":{"line":1,"column":45}},"1":{"start":{"line":3,"column":19},"end":{"line":18,"column":1}},"2":{"start":{"line":4,"column":4},"end":{"line":4,"column":49}},"3":{"start":{"line":5,"column":4},"end":{"line":17,"column":5}},"4":{"start":{"line":6,"column":23},"end":{"line":6,"column":63}},"5":{"start":{"line":8,"column":8},"end":{"line":10,"column":9}},"6":{"start":{"line":9,"column":12},"end":{"line":9,"column":48}},"7":{"start":{"line":11,"column":8},"end":{"line":11,"column":28}},"8":{"start":{"line":12,"column":8},"end":{"line":12,"column":46}},"9":{"start":{"line":14,"column":8},"end":{"line":14,"column":26}},"10":{"start":{"line":15,"column":8},"end":{"line":15,"column":35}},"11":{"start":{"line":20,"column":0},"end":{"line":22,"column":1}}},"fnMap":{"0":{"name":"(anonymous_0)","decl":{"start":{"line":3,"column":19},"end":{"line":3,"column":20}},"loc":{"start":{"line":3,"column":37},"end":{"line":18,"column":1}},"line":3}},"branchMap":{},"s":{"0":34,"1":34,"2":2,"3":2,"4":2,"5":2,"6":6,"7":1,"8":1,"9":1,"10":1,"11":34},"f":{"0":2},"b":{},"_coverageSchema":"1a1c01bbd47fc00a2c39e90264f33305004495a9","hash":"401f24632d8927faed5aff7d4a127f088f89ba05"}
,"/home/diganta/Desktop/FINAL_PROJECT/src/controllers/Course/fuzzySearchController.js": {"path":"/home/diganta/Desktop/FINAL_PROJECT/src/controllers/Course/fuzzySearchController.js","statementMap":{"0":{"start":{"line":1,"column":15},"end":{"line":1,"column":45}},"1":{"start":{"line":2,"column":13},"end":{"line":2,"column":31}},"2":{"start":{"line":4,"column":30},"end":{"line":38,"column":1}},"3":{"start":{"line":5,"column":21},"end":{"line":5,"column":59}},"4":{"start":{"line":6,"column":2},"end":{"line":10,"column":3}},"5":{"start":{"line":7,"column":18},"end":{"line":7,"column":69}},"6":{"start":{"line":7,"column":41},"end":{"line":7,"column":67}},"7":{"start":{"line":8,"column":4},"end":{"line":8,"column":34}},"8":{"start":{"line":9,"column":4},"end":{"line":9,"column":11}},"9":{"start":{"line":12,"column":22},"end":{"line":27,"column":3}},"10":{"start":{"line":29,"column":15},"end":{"line":29,"column":48}},"11":{"start":{"line":31,"column":16},"end":{"line":31,"column":45}},"12":{"start":{"line":32,"column":2},"end":{"line":32,"column":22}},"13":{"start":{"line":33,"column":2},"end":{"line":33,"column":89}},"14":{"start":{"line":33,"column":28},"end":{"line":33,"column":89}},"15":{"start":{"line":33,"column":61},"end":{"line":33,"column":87}},"16":{"start":{"line":34,"column":2},"end":{"line":34,"column":22}},"17":{"start":{"line":36,"column":2},"end":{"line":36,"column":20}},"18":{"start":{"line":37,"column":2},"end":{"line":37,"column":9}},"19":{"start":{"line":40,"column":0},"end":{"line":42,"column":2}}},"fnMap":{"0":{"name":"(anonymous_0)","decl":{"start":{"line":4,"column":30},"end":{"line":4,"column":31}},"loc":{"start":{"line":4,"column":50},"end":{"line":38,"column":1}},"line":4},"1":{"name":"(anonymous_1)","decl":{"start":{"line":7,"column":33},"end":{"line":7,"column":34}},"loc":{"start":{"line":7,"column":40},"end":{"line":7,"column":68}},"line":7},"2":{"name":"(anonymous_2)","decl":{"start":{"line":33,"column":53},"end":{"line":33,"column":54}},"loc":{"start":{"line":33,"column":60},"end":{"line":33,"column":88}},"line":33}},"branchMap":{"0":{"loc":{"start":{"line":6,"column":2},"end":{"line":10,"column":3}},"type":"if","locations":[{"start":{"line":6,"column":2},"end":{"line":10,"column":3}},{"start":{},"end":{}}],"line":6},"1":{"loc":{"start":{"line":33,"column":2},"end":{"line":33,"column":89}},"type":"if","locations":[{"start":{"line":33,"column":2},"end":{"line":33,"column":89}},{"start":{},"end":{}}],"line":33}},"s":{"0":34,"1":34,"2":34,"3":2,"4":2,"5":0,"6":0,"7":0,"8":0,"9":2,"10":2,"11":2,"12":2,"13":2,"14":0,"15":0,"16":2,"17":2,"18":2,"19":34},"f":{"0":2,"1":0,"2":0},"b":{"0":[0,2],"1":[0,2]},"_coverageSchema":"1a1c01bbd47fc00a2c39e90264f33305004495a9","hash":"ba943d004699b26baff8281e414195b3956ff296"}
,"/home/diganta/Desktop/FINAL_PROJECT/src/controllers/Course/getAllCourses.js": {"path":"/home/diganta/Desktop/FINAL_PROJECT/src/controllers/Course/getAllCourses.js","statementMap":{"0":{"start":{"line":1,"column":15},"end":{"line":1,"column":45}},"1":{"start":{"line":3,"column":22},"end":{"line":13,"column":1}},"2":{"start":{"line":4,"column":2},"end":{"line":12,"column":3}},"3":{"start":{"line":5,"column":20},"end":{"line":8,"column":6}},"4":{"start":{"line":9,"column":4},"end":{"line":9,"column":34}},"5":{"start":{"line":11,"column":4},"end":{"line":11,"column":32}},"6":{"start":{"line":15,"column":0},"end":{"line":17,"column":2}}},"fnMap":{"0":{"name":"(anonymous_0)","decl":{"start":{"line":3,"column":22},"end":{"line":3,"column":23}},"loc":{"start":{"line":3,"column":42},"end":{"line":13,"column":1}},"line":3}},"branchMap":{},"s":{"0":34,"1":34,"2":1,"3":1,"4":1,"5":0,"6":34},"f":{"0":1},"b":{},"_coverageSchema":"1a1c01bbd47fc00a2c39e90264f33305004495a9","hash":"baea06b37274e7d25f6fe9df3b00145b888515b3"}
,"/home/diganta/Desktop/FINAL_PROJECT/src/controllers/Course/getCourseVideo.js": {"path":"/home/diganta/Desktop/FINAL_PROJECT/src/controllers/Course/getCourseVideo.js","statementMap":{"0":{"start":{"line":1,"column":14},"end":{"line":1,"column":37}},"1":{"start":{"line":2,"column":13},"end":{"line":2,"column":28}},"2":{"start":{"line":3,"column":11},"end":{"line":3,"column":24}},"3":{"start":{"line":12,"column":23},"end":{"line":52,"column":1}},"4":{"start":{"line":13,"column":19},"end":{"line":20,"column":3}},"5":{"start":{"line":21,"column":15},"end":{"line":21,"column":36}},"6":{"start":{"line":22,"column":19},"end":{"line":22,"column":28}},"7":{"start":{"line":24,"column":30},"end":{"line":24,"column":41}},"8":{"start":{"line":25,"column":17},"end":{"line":25,"column":61}},"9":{"start":{"line":27,"column":2},"end":{"line":31,"column":3}},"10":{"start":{"line":29,"column":4},"end":{"line":29,"column":26}},"11":{"start":{"line":30,"column":4},"end":{"line":30,"column":11}},"12":{"start":{"line":33,"column":2},"end":{"line":37,"column":3}},"13":{"start":{"line":35,"column":4},"end":{"line":35,"column":26}},"14":{"start":{"line":36,"column":4},"end":{"line":36,"column":11}},"15":{"start":{"line":39,"column":25},"end":{"line":39,"column":34}},"16":{"start":{"line":41,"column":20},"end":{"line":41,"column":35}},"17":{"start":{"line":42,"column":15},"end":{"line":42,"column":60}},"18":{"start":{"line":44,"column":2},"end":{"line":49,"column":5}},"19":{"start":{"line":51,"column":2},"end":{"line":51,"column":17}},"20":{"start":{"line":54,"column":0},"end":{"line":56,"column":2}}},"fnMap":{"0":{"name":"(anonymous_0)","decl":{"start":{"line":12,"column":23},"end":{"line":12,"column":24}},"loc":{"start":{"line":12,"column":37},"end":{"line":52,"column":1}},"line":12}},"branchMap":{"0":{"loc":{"start":{"line":27,"column":2},"end":{"line":31,"column":3}},"type":"if","locations":[{"start":{"line":27,"column":2},"end":{"line":31,"column":3}},{"start":{},"end":{}}],"line":27},"1":{"loc":{"start":{"line":33,"column":2},"end":{"line":37,"column":3}},"type":"if","locations":[{"start":{"line":33,"column":2},"end":{"line":37,"column":3}},{"start":{},"end":{}}],"line":33},"2":{"loc":{"start":{"line":33,"column":6},"end":{"line":33,"column":67}},"type":"binary-expr","locations":[{"start":{"line":33,"column":6},"end":{"line":33,"column":19}},{"start":{"line":33,"column":23},"end":{"line":33,"column":46}},{"start":{"line":33,"column":50},"end":{"line":33,"column":67}}],"line":33}},"s":{"0":34,"1":34,"2":34,"3":34,"4":0,"5":0,"6":0,"7":0,"8":0,"9":0,"10":0,"11":0,"12":0,"13":0,"14":0,"15":0,"16":0,"17":0,"18":0,"19":0,"20":34},"f":{"0":0},"b":{"0":[0,0],"1":[0,0],"2":[0,0,0]},"_coverageSchema":"1a1c01bbd47fc00a2c39e90264f33305004495a9","hash":"5d28921561085b7a1c48a665d9b315863d8a9e39"}
,"/home/diganta/Desktop/FINAL_PROJECT/src/controllers/Course/getCoursesController.js": {"path":"/home/diganta/Desktop/FINAL_PROJECT/src/controllers/Course/getCoursesController.js","statementMap":{"0":{"start":{"line":1,"column":15},"end":{"line":1,"column":45}},"1":{"start":{"line":3,"column":29},"end":{"line":60,"column":1}},"2":{"start":{"line":4,"column":2},"end":{"line":59,"column":3}},"3":{"start":{"line":5,"column":19},"end":{"line":5,"column":35}},"4":{"start":{"line":6,"column":22},"end":{"line":6,"column":41}},"5":{"start":{"line":7,"column":18},"end":{"line":7,"column":43}},"6":{"start":{"line":8,"column":23},"end":{"line":8,"column":25}},"7":{"start":{"line":9,"column":4},"end":{"line":9,"column":45}},"8":{"start":{"line":10,"column":4},"end":{"line":10,"column":26}},"9":{"start":{"line":11,"column":14},"end":{"line":11,"column":35}},"10":{"start":{"line":12,"column":4},"end":{"line":12,"column":18}},"11":{"start":{"line":14,"column":20},"end":{"line":49,"column":6}},"12":{"start":{"line":51,"column":4},"end":{"line":51,"column":25}},"13":{"start":{"line":55,"column":4},"end":{"line":55,"column":22}},"14":{"start":{"line":57,"column":4},"end":{"line":57,"column":25}},"15":{"start":{"line":58,"column":4},"end":{"line":58,"column":40}},"16":{"start":{"line":62,"column":0},"end":{"line":62,"column":42}}},"fnMap":{"0":{"name":"(anonymous_0)","decl":{"start":{"line":3,"column":29},"end":{"line":3,"column":30}},"loc":{"start":{"line":3,"column":49},"end":{"line":60,"column":1}},"line":3}},"branchMap":{},"s":{"0":34,"1":34,"2":1,"3":1,"4":1,"5":1,"6":1,"7":1,"8":1,"9":1,"10":1,"11":1,"12":1,"13":1,"14":0,"15":0,"16":34},"f":{"0":1},"b":{},"_coverageSchema":"1a1c01bbd47fc00a2c39e90264f33305004495a9","hash":"f6f20d15dcecc550acf09b467fea31a43f542b93"}
,"/home/diganta/Desktop/FINAL_PROJECT/src/controllers/Course/getSingleCourse.js": {"path":"/home/diganta/Desktop/FINAL_PROJECT/src/controllers/Course/getSingleCourse.js","statementMap":{"0":{"start":{"line":1,"column":15},"end":{"line":1,"column":45}},"1":{"start":{"line":3,"column":24},"end":{"line":16,"column":1}},"2":{"start":{"line":4,"column":2},"end":{"line":15,"column":3}},"3":{"start":{"line":5,"column":21},"end":{"line":5,"column":34}},"4":{"start":{"line":6,"column":4},"end":{"line":6,"column":39}},"5":{"start":{"line":7,"column":19},"end":{"line":10,"column":6}},"6":{"start":{"line":11,"column":4},"end":{"line":11,"column":24}},"7":{"start":{"line":12,"column":4},"end":{"line":12,"column":37}},"8":{"start":{"line":14,"column":4},"end":{"line":14,"column":51}},"9":{"start":{"line":18,"column":0},"end":{"line":20,"column":2}}},"fnMap":{"0":{"name":"(anonymous_0)","decl":{"start":{"line":3,"column":24},"end":{"line":3,"column":25}},"loc":{"start":{"line":3,"column":44},"end":{"line":16,"column":1}},"line":3}},"branchMap":{},"s":{"0":34,"1":34,"2":2,"3":2,"4":2,"5":2,"6":2,"7":2,"8":0,"9":34},"f":{"0":2},"b":{},"_coverageSchema":"1a1c01bbd47fc00a2c39e90264f33305004495a9","hash":"9403fa2132ca77a00477a8aa51dd71a8be17af48"}
,"/home/diganta/Desktop/FINAL_PROJECT/src/controllers/Course/sectionAdd.js": {"path":"/home/diganta/Desktop/FINAL_PROJECT/src/controllers/Course/sectionAdd.js","statementMap":{"0":{"start":{"line":1,"column":15},"end":{"line":1,"column":45}},"1":{"start":{"line":3,"column":19},"end":{"line":23,"column":1}},"2":{"start":{"line":4,"column":2},"end":{"line":22,"column":3}},"3":{"start":{"line":5,"column":21},"end":{"line":5,"column":32}},"4":{"start":{"line":6,"column":18},"end":{"line":6,"column":42}},"5":{"start":{"line":7,"column":4},"end":{"line":7,"column":34}},"6":{"start":{"line":8,"column":19},"end":{"line":8,"column":50}},"7":{"start":{"line":9,"column":4},"end":{"line":9,"column":32}},"8":{"start":{"line":10,"column":4},"end":{"line":15,"column":7}},"9":{"start":{"line":16,"column":4},"end":{"line":16,"column":24}},"10":{"start":{"line":18,"column":4},"end":{"line":18,"column":24}},"11":{"start":{"line":19,"column":4},"end":{"line":19,"column":33}},"12":{"start":{"line":21,"column":4},"end":{"line":21,"column":23}},"13":{"start":{"line":25,"column":0},"end":{"line":27,"column":2}}},"fnMap":{"0":{"name":"(anonymous_0)","decl":{"start":{"line":3,"column":19},"end":{"line":3,"column":20}},"loc":{"start":{"line":3,"column":39},"end":{"line":23,"column":1}},"line":3}},"branchMap":{},"s":{"0":34,"1":34,"2":1,"3":1,"4":1,"5":1,"6":1,"7":1,"8":1,"9":1,"10":1,"11":1,"12":0,"13":34},"f":{"0":1},"b":{},"_coverageSchema":"1a1c01bbd47fc00a2c39e90264f33305004495a9","hash":"d1ff3f13bb471b934eebfa0bd07ddc815465aa22"}
,"/home/diganta/Desktop/FINAL_PROJECT/src/controllers/Course/sectionDeletion.js": {"path":"/home/diganta/Desktop/FINAL_PROJECT/src/controllers/Course/sectionDeletion.js","statementMap":{"0":{"start":{"line":1,"column":15},"end":{"line":1,"column":45}},"1":{"start":{"line":3,"column":24},"end":{"line":14,"column":1}},"2":{"start":{"line":4,"column":2},"end":{"line":13,"column":3}},"3":{"start":{"line":5,"column":21},"end":{"line":5,"column":38}},"4":{"start":{"line":6,"column":22},"end":{"line":6,"column":40}},"5":{"start":{"line":7,"column":19},"end":{"line":7,"column":50}},"6":{"start":{"line":8,"column":4},"end":{"line":8,"column":40}},"7":{"start":{"line":9,"column":4},"end":{"line":9,"column":24}},"8":{"start":{"line":10,"column":4},"end":{"line":10,"column":57}},"9":{"start":{"line":12,"column":4},"end":{"line":12,"column":32}},"10":{"start":{"line":16,"column":0},"end":{"line":18,"column":2}}},"fnMap":{"0":{"name":"(anonymous_0)","decl":{"start":{"line":3,"column":24},"end":{"line":3,"column":25}},"loc":{"start":{"line":3,"column":44},"end":{"line":14,"column":1}},"line":3}},"branchMap":{},"s":{"0":34,"1":34,"2":2,"3":2,"4":2,"5":2,"6":2,"7":1,"8":1,"9":1,"10":34},"f":{"0":2},"b":{},"_coverageSchema":"1a1c01bbd47fc00a2c39e90264f33305004495a9","hash":"89dc2cc75032793add45b9761434798ae3d94979"}
,"/home/diganta/Desktop/FINAL_PROJECT/src/controllers/Course/updateStatus.js": {"path":"/home/diganta/Desktop/FINAL_PROJECT/src/controllers/Course/updateStatus.js","statementMap":{"0":{"start":{"line":1,"column":15},"end":{"line":1,"column":45}},"1":{"start":{"line":3,"column":21},"end":{"line":13,"column":1}},"2":{"start":{"line":4,"column":4},"end":{"line":12,"column":5}},"3":{"start":{"line":5,"column":8},"end":{"line":5,"column":29}},"4":{"start":{"line":6,"column":23},"end":{"line":6,"column":98}},"5":{"start":{"line":7,"column":8},"end":{"line":7,"column":27}},"6":{"start":{"line":8,"column":8},"end":{"line":8,"column":36}},"7":{"start":{"line":10,"column":8},"end":{"line":10,"column":26}},"8":{"start":{"line":11,"column":8},"end":{"line":11,"column":35}},"9":{"start":{"line":15,"column":0},"end":{"line":17,"column":1}}},"fnMap":{"0":{"name":"(anonymous_0)","decl":{"start":{"line":3,"column":21},"end":{"line":3,"column":22}},"loc":{"start":{"line":3,"column":38},"end":{"line":13,"column":1}},"line":3}},"branchMap":{},"s":{"0":34,"1":34,"2":0,"3":0,"4":0,"5":0,"6":0,"7":0,"8":0,"9":34},"f":{"0":0},"b":{},"_coverageSchema":"1a1c01bbd47fc00a2c39e90264f33305004495a9","hash":"775750d72d8bd92ca1ff92e37b5c1ae926d7fa3c"}
,"/home/diganta/Desktop/FINAL_PROJECT/src/controllers/Course/videoDeletion.js": {"path":"/home/diganta/Desktop/FINAL_PROJECT/src/controllers/Course/videoDeletion.js","statementMap":{"0":{"start":{"line":1,"column":15},"end":{"line":1,"column":45}},"1":{"start":{"line":2,"column":20},"end":{"line":20,"column":1}},"2":{"start":{"line":3,"column":23},"end":{"line":3,"column":44}},"3":{"start":{"line":4,"column":32},"end":{"line":4,"column":62}},"4":{"start":{"line":5,"column":19},"end":{"line":5,"column":36}},"5":{"start":{"line":7,"column":2},"end":{"line":19,"column":3}},"6":{"start":{"line":8,"column":19},"end":{"line":8,"column":50}},"7":{"start":{"line":9,"column":25},"end":{"line":12,"column":5}},"8":{"start":{"line":13,"column":4},"end":{"line":13,"column":24}},"9":{"start":{"line":14,"column":4},"end":{"line":14,"column":31}},"10":{"start":{"line":15,"column":4},"end":{"line":15,"column":31}},"11":{"start":{"line":17,"column":4},"end":{"line":17,"column":42}},"12":{"start":{"line":18,"column":4},"end":{"line":18,"column":23}},"13":{"start":{"line":22,"column":0},"end":{"line":24,"column":2}}},"fnMap":{"0":{"name":"(anonymous_0)","decl":{"start":{"line":2,"column":20},"end":{"line":2,"column":21}},"loc":{"start":{"line":2,"column":40},"end":{"line":20,"column":1}},"line":2}},"branchMap":{},"s":{"0":34,"1":34,"2":2,"3":2,"4":2,"5":2,"6":2,"7":2,"8":1,"9":1,"10":1,"11":1,"12":1,"13":34},"f":{"0":2},"b":{},"_coverageSchema":"1a1c01bbd47fc00a2c39e90264f33305004495a9","hash":"ae4595c6df1c436e18dacbe37dc36a29ece833bc"}
,"/home/diganta/Desktop/FINAL_PROJECT/src/controllers/Course/videoUploadController.js": {"path":"/home/diganta/Desktop/FINAL_PROJECT/src/controllers/Course/videoUploadController.js","statementMap":{"0":{"start":{"line":1,"column":15},"end":{"line":1,"column":45}},"1":{"start":{"line":3,"column":30},"end":{"line":29,"column":1}},"2":{"start":{"line":4,"column":16},"end":{"line":4,"column":30}},"3":{"start":{"line":5,"column":26},"end":{"line":5,"column":60}},"4":{"start":{"line":6,"column":32},"end":{"line":6,"column":62}},"5":{"start":{"line":7,"column":19},"end":{"line":7,"column":36}},"6":{"start":{"line":8,"column":20},"end":{"line":8,"column":37}},"7":{"start":{"line":9,"column":2},"end":{"line":9,"column":24}},"8":{"start":{"line":10,"column":2},"end":{"line":28,"column":3}},"9":{"start":{"line":11,"column":19},"end":{"line":11,"column":50}},"10":{"start":{"line":12,"column":4},"end":{"line":19,"column":8}},"11":{"start":{"line":22,"column":6},"end":{"line":22,"column":26}},"12":{"start":{"line":24,"column":4},"end":{"line":24,"column":66}},"13":{"start":{"line":26,"column":4},"end":{"line":26,"column":50}},"14":{"start":{"line":27,"column":4},"end":{"line":27,"column":62}},"15":{"start":{"line":31,"column":0},"end":{"line":33,"column":2}}},"fnMap":{"0":{"name":"(anonymous_0)","decl":{"start":{"line":3,"column":30},"end":{"line":3,"column":31}},"loc":{"start":{"line":3,"column":50},"end":{"line":29,"column":1}},"line":3}},"branchMap":{},"s":{"0":34,"1":34,"2":2,"3":2,"4":2,"5":2,"6":2,"7":2,"8":2,"9":2,"10":2,"11":1,"12":1,"13":1,"14":1,"15":34},"f":{"0":2},"b":{},"_coverageSchema":"1a1c01bbd47fc00a2c39e90264f33305004495a9","hash":"dc323342b2bfa974c22e7e8f8de80489250f2ff5"}
,"/home/diganta/Desktop/FINAL_PROJECT/src/controllers/Instructor/allInstructors.js": {"path":"/home/diganta/Desktop/FINAL_PROJECT/src/controllers/Instructor/allInstructors.js","statementMap":{"0":{"start":{"line":1,"column":15},"end":{"line":1,"column":45}},"1":{"start":{"line":2,"column":19},"end":{"line":2,"column":53}},"2":{"start":{"line":4,"column":23},"end":{"line":32,"column":1}},"3":{"start":{"line":5,"column":2},"end":{"line":31,"column":3}},"4":{"start":{"line":6,"column":20},"end":{"line":6,"column":41}},"5":{"start":{"line":7,"column":33},"end":{"line":10,"column":5}},"6":{"start":{"line":11,"column":28},"end":{"line":11,"column":53}},"7":{"start":{"line":12,"column":26},"end":{"line":12,"column":35}},"8":{"start":{"line":13,"column":4},"end":{"line":15,"column":5}},"9":{"start":{"line":13,"column":17},"end":{"line":13,"column":18}},"10":{"start":{"line":14,"column":6},"end":{"line":14,"column":71}},"11":{"start":{"line":16,"column":4},"end":{"line":25,"column":5}},"12":{"start":{"line":16,"column":17},"end":{"line":16,"column":18}},"13":{"start":{"line":17,"column":6},"end":{"line":24,"column":7}},"14":{"start":{"line":17,"column":19},"end":{"line":17,"column":20}},"15":{"start":{"line":18,"column":8},"end":{"line":23,"column":9}},"16":{"start":{"line":22,"column":10},"end":{"line":22,"column":54}},"17":{"start":{"line":26,"column":24},"end":{"line":26,"column":39}},"18":{"start":{"line":27,"column":4},"end":{"line":27,"column":38}},"19":{"start":{"line":29,"column":4},"end":{"line":29,"column":23}},"20":{"start":{"line":30,"column":4},"end":{"line":30,"column":32}},"21":{"start":{"line":34,"column":0},"end":{"line":36,"column":2}}},"fnMap":{"0":{"name":"(anonymous_0)","decl":{"start":{"line":4,"column":23},"end":{"line":4,"column":24}},"loc":{"start":{"line":4,"column":43},"end":{"line":32,"column":1}},"line":4}},"branchMap":{"0":{"loc":{"start":{"line":18,"column":8},"end":{"line":23,"column":9}},"type":"if","locations":[{"start":{"line":18,"column":8},"end":{"line":23,"column":9}},{"start":{},"end":{}}],"line":18}},"s":{"0":34,"1":34,"2":34,"3":1,"4":1,"5":1,"6":1,"7":1,"8":1,"9":1,"10":1,"11":1,"12":1,"13":1,"14":1,"15":0,"16":0,"17":1,"18":1,"19":0,"20":0,"21":34},"f":{"0":1},"b":{"0":[0,0]},"_coverageSchema":"1a1c01bbd47fc00a2c39e90264f33305004495a9","hash":"fe86ec326c3fe5c813ffc720990a46ca93bcfc58"}
,"/home/diganta/Desktop/FINAL_PROJECT/src/controllers/Instructor/getAllCourses.js": {"path":"/home/diganta/Desktop/FINAL_PROJECT/src/controllers/Instructor/getAllCourses.js","statementMap":{"0":{"start":{"line":1,"column":15},"end":{"line":1,"column":45}},"1":{"start":{"line":3,"column":22},"end":{"line":10,"column":1}},"2":{"start":{"line":4,"column":4},"end":{"line":9,"column":5}},"3":{"start":{"line":5,"column":24},"end":{"line":5,"column":68}},"4":{"start":{"line":6,"column":8},"end":{"line":6,"column":38}},"5":{"start":{"line":8,"column":8},"end":{"line":8,"column":35}},"6":{"start":{"line":12,"column":0},"end":{"line":14,"column":1}}},"fnMap":{"0":{"name":"(anonymous_0)","decl":{"start":{"line":3,"column":22},"end":{"line":3,"column":23}},"loc":{"start":{"line":3,"column":41},"end":{"line":10,"column":1}},"line":3}},"branchMap":{},"s":{"0":34,"1":34,"2":0,"3":0,"4":0,"5":0,"6":34},"f":{"0":0},"b":{},"_coverageSchema":"1a1c01bbd47fc00a2c39e90264f33305004495a9","hash":"c3df82082bbe332b5b86d4a3f8813fe5787afdca"}
,"/home/diganta/Desktop/FINAL_PROJECT/src/controllers/Instructor/instructoTokenVerify.js": {"path":"/home/diganta/Desktop/FINAL_PROJECT/src/controllers/Instructor/instructoTokenVerify.js","statementMap":{"0":{"start":{"line":1,"column":29},"end":{"line":13,"column":1}},"1":{"start":{"line":2,"column":4},"end":{"line":12,"column":5}},"2":{"start":{"line":3,"column":22},"end":{"line":3,"column":24}},"3":{"start":{"line":4,"column":8},"end":{"line":8,"column":9}},"4":{"start":{"line":5,"column":12},"end":{"line":5,"column":32}},"5":{"start":{"line":7,"column":12},"end":{"line":7,"column":29}},"6":{"start":{"line":9,"column":8},"end":{"line":9,"column":37}},"7":{"start":{"line":11,"column":8},"end":{"line":11,"column":35}},"8":{"start":{"line":15,"column":0},"end":{"line":17,"column":1}}},"fnMap":{"0":{"name":"(anonymous_0)","decl":{"start":{"line":1,"column":29},"end":{"line":1,"column":30}},"loc":{"start":{"line":1,"column":48},"end":{"line":13,"column":1}},"line":1}},"branchMap":{"0":{"loc":{"start":{"line":4,"column":8},"end":{"line":8,"column":9}},"type":"if","locations":[{"start":{"line":4,"column":8},"end":{"line":8,"column":9}},{"start":{"line":6,"column":13},"end":{"line":8,"column":9}}],"line":4}},"s":{"0":34,"1":2,"2":2,"3":2,"4":1,"5":1,"6":2,"7":0,"8":34},"f":{"0":2},"b":{"0":[1,1]},"_coverageSchema":"1a1c01bbd47fc00a2c39e90264f33305004495a9","hash":"9da559b8f8dd9bb199a517096b97d71f06458354"}
,"/home/diganta/Desktop/FINAL_PROJECT/src/controllers/Instructor/instructorCourseAddition.js": {"path":"/home/diganta/Desktop/FINAL_PROJECT/src/controllers/Instructor/instructorCourseAddition.js","statementMap":{"0":{"start":{"line":1,"column":19},"end":{"line":1,"column":53}},"1":{"start":{"line":2,"column":15},"end":{"line":2,"column":45}},"2":{"start":{"line":3,"column":15},"end":{"line":3,"column":63}},"3":{"start":{"line":5,"column":33},"end":{"line":42,"column":1}},"4":{"start":{"line":6,"column":2},"end":{"line":41,"column":3}},"5":{"start":{"line":7,"column":42},"end":{"line":7,"column":50}},"6":{"start":{"line":10,"column":22},"end":{"line":10,"column":64}},"7":{"start":{"line":12,"column":20},"end":{"line":16,"column":6}},"8":{"start":{"line":19,"column":6},"end":{"line":19,"column":70}},"9":{"start":{"line":21,"column":24},"end":{"line":25,"column":5}},"10":{"start":{"line":27,"column":18},"end":{"line":27,"column":57}},"11":{"start":{"line":29,"column":4},"end":{"line":29,"column":43}},"12":{"start":{"line":30,"column":4},"end":{"line":30,"column":39}},"13":{"start":{"line":32,"column":31},"end":{"line":32,"column":53}},"14":{"start":{"line":34,"column":4},"end":{"line":37,"column":7}},"15":{"start":{"line":39,"column":4},"end":{"line":39,"column":23}},"16":{"start":{"line":40,"column":4},"end":{"line":40,"column":53}},"17":{"start":{"line":44,"column":0},"end":{"line":46,"column":2}}},"fnMap":{"0":{"name":"(anonymous_0)","decl":{"start":{"line":5,"column":33},"end":{"line":5,"column":34}},"loc":{"start":{"line":5,"column":53},"end":{"line":42,"column":1}},"line":5}},"branchMap":{},"s":{"0":34,"1":34,"2":34,"3":34,"4":1,"5":1,"6":1,"7":1,"8":1,"9":1,"10":1,"11":1,"12":1,"13":1,"14":1,"15":0,"16":0,"17":34},"f":{"0":1},"b":{},"_coverageSchema":"1a1c01bbd47fc00a2c39e90264f33305004495a9","hash":"165f1989a34df749adf13d91b3b10cf15272adef"}
,"/home/diganta/Desktop/FINAL_PROJECT/src/controllers/Instructor/instructorFetchSingleCourse.js": {"path":"/home/diganta/Desktop/FINAL_PROJECT/src/controllers/Instructor/instructorFetchSingleCourse.js","statementMap":{"0":{"start":{"line":1,"column":15},"end":{"line":1,"column":45}},"1":{"start":{"line":2,"column":19},"end":{"line":2,"column":53}},"2":{"start":{"line":4,"column":36},"end":{"line":25,"column":1}},"3":{"start":{"line":5,"column":2},"end":{"line":24,"column":3}},"4":{"start":{"line":6,"column":28},"end":{"line":6,"column":42}},"5":{"start":{"line":8,"column":21},"end":{"line":8,"column":38}},"6":{"start":{"line":9,"column":23},"end":{"line":12,"column":5}},"7":{"start":{"line":13,"column":19},"end":{"line":16,"column":6}},"8":{"start":{"line":17,"column":4},"end":{"line":19,"column":5}},"9":{"start":{"line":18,"column":6},"end":{"line":18,"column":41}},"10":{"start":{"line":20,"column":4},"end":{"line":20,"column":37}},"11":{"start":{"line":22,"column":4},"end":{"line":22,"column":23}},"12":{"start":{"line":23,"column":4},"end":{"line":23,"column":51}},"13":{"start":{"line":27,"column":0},"end":{"line":27,"column":49}}},"fnMap":{"0":{"name":"(anonymous_0)","decl":{"start":{"line":4,"column":36},"end":{"line":4,"column":37}},"loc":{"start":{"line":4,"column":56},"end":{"line":25,"column":1}},"line":4}},"branchMap":{"0":{"loc":{"start":{"line":17,"column":4},"end":{"line":19,"column":5}},"type":"if","locations":[{"start":{"line":17,"column":4},"end":{"line":19,"column":5}},{"start":{},"end":{}}],"line":17}},"s":{"0":34,"1":34,"2":34,"3":2,"4":2,"5":2,"6":2,"7":2,"8":2,"9":1,"10":1,"11":1,"12":1,"13":34},"f":{"0":2},"b":{"0":[1,1]},"_coverageSchema":"1a1c01bbd47fc00a2c39e90264f33305004495a9","hash":"4398199d8447e10b80a71266583e91ae4dec6f41"}
,"/home/diganta/Desktop/FINAL_PROJECT/src/controllers/Instructor/instructorGetProfile.js": {"path":"/home/diganta/Desktop/FINAL_PROJECT/src/controllers/Instructor/instructorGetProfile.js","statementMap":{"0":{"start":{"line":1,"column":29},"end":{"line":7,"column":1}},"1":{"start":{"line":2,"column":2},"end":{"line":6,"column":3}},"2":{"start":{"line":3,"column":4},"end":{"line":3,"column":57}},"3":{"start":{"line":5,"column":4},"end":{"line":5,"column":23}},"4":{"start":{"line":9,"column":0},"end":{"line":11,"column":2}}},"fnMap":{"0":{"name":"(anonymous_0)","decl":{"start":{"line":1,"column":29},"end":{"line":1,"column":30}},"loc":{"start":{"line":1,"column":49},"end":{"line":7,"column":1}},"line":1}},"branchMap":{},"s":{"0":34,"1":1,"2":1,"3":0,"4":34},"f":{"0":1},"b":{},"_coverageSchema":"1a1c01bbd47fc00a2c39e90264f33305004495a9","hash":"50c351638dc37d14b484eb186c3b258aee3e9874"}
,"/home/diganta/Desktop/FINAL_PROJECT/src/controllers/Instructor/instructorLogInController.js": {"path":"/home/diganta/Desktop/FINAL_PROJECT/src/controllers/Instructor/instructorLogInController.js","statementMap":{"0":{"start":{"line":1,"column":19},"end":{"line":1,"column":53}},"1":{"start":{"line":8,"column":24},"end":{"line":29,"column":1}},"2":{"start":{"line":9,"column":2},"end":{"line":28,"column":3}},"3":{"start":{"line":10,"column":23},"end":{"line":13,"column":5}},"4":{"start":{"line":15,"column":18},"end":{"line":15,"column":54}},"5":{"start":{"line":17,"column":4},"end":{"line":24,"column":7}},"6":{"start":{"line":26,"column":4},"end":{"line":26,"column":41}},"7":{"start":{"line":31,"column":0},"end":{"line":33,"column":2}}},"fnMap":{"0":{"name":"(anonymous_0)","decl":{"start":{"line":8,"column":24},"end":{"line":8,"column":25}},"loc":{"start":{"line":8,"column":44},"end":{"line":29,"column":1}},"line":8}},"branchMap":{},"s":{"0":34,"1":34,"2":2,"3":2,"4":1,"5":1,"6":1,"7":34},"f":{"0":2},"b":{},"_coverageSchema":"1a1c01bbd47fc00a2c39e90264f33305004495a9","hash":"1cd67850a86341df756f7c803b299cfd8ed265f0"}
,"/home/diganta/Desktop/FINAL_PROJECT/src/controllers/Instructor/instructorLogout.js": {"path":"/home/diganta/Desktop/FINAL_PROJECT/src/controllers/Instructor/instructorLogout.js","statementMap":{"0":{"start":{"line":1,"column":19},"end":{"line":1,"column":53}},"1":{"start":{"line":3,"column":25},"end":{"line":12,"column":1}},"2":{"start":{"line":4,"column":12},"end":{"line":8,"column":4}},"3":{"start":{"line":10,"column":2},"end":{"line":10,"column":17}},"4":{"start":{"line":11,"column":2},"end":{"line":11,"column":31}},"5":{"start":{"line":14,"column":0},"end":{"line":16,"column":2}}},"fnMap":{"0":{"name":"(anonymous_0)","decl":{"start":{"line":3,"column":25},"end":{"line":3,"column":26}},"loc":{"start":{"line":3,"column":45},"end":{"line":12,"column":1}},"line":3}},"branchMap":{},"s":{"0":34,"1":34,"2":1,"3":1,"4":1,"5":34},"f":{"0":1},"b":{},"_coverageSchema":"1a1c01bbd47fc00a2c39e90264f33305004495a9","hash":"f6c09a42daa74cff536e85da3bc1664cecbfe4e6"}
,"/home/diganta/Desktop/FINAL_PROJECT/src/controllers/Instructor/instructorProfile.js": {"path":"/home/diganta/Desktop/FINAL_PROJECT/src/controllers/Instructor/instructorProfile.js","statementMap":{"0":{"start":{"line":1,"column":19},"end":{"line":1,"column":53}},"1":{"start":{"line":3,"column":26},"end":{"line":15,"column":1}},"2":{"start":{"line":4,"column":2},"end":{"line":14,"column":3}},"3":{"start":{"line":5,"column":23},"end":{"line":8,"column":6}},"4":{"start":{"line":9,"column":4},"end":{"line":9,"column":28}},"5":{"start":{"line":10,"column":4},"end":{"line":10,"column":37}},"6":{"start":{"line":12,"column":4},"end":{"line":12,"column":23}},"7":{"start":{"line":13,"column":4},"end":{"line":13,"column":32}},"8":{"start":{"line":17,"column":0},"end":{"line":19,"column":2}}},"fnMap":{"0":{"name":"(anonymous_0)","decl":{"start":{"line":3,"column":26},"end":{"line":3,"column":27}},"loc":{"start":{"line":3,"column":46},"end":{"line":15,"column":1}},"line":3}},"branchMap":{},"s":{"0":34,"1":34,"2":0,"3":0,"4":0,"5":0,"6":0,"7":0,"8":34},"f":{"0":0},"b":{},"_coverageSchema":"1a1c01bbd47fc00a2c39e90264f33305004495a9","hash":"6b469792b6c0ceeeeaf6d3b2743db4a2cf8b22d8"}
,"/home/diganta/Desktop/FINAL_PROJECT/src/controllers/Instructor/instructorProfileOnLoad.js": {"path":"/home/diganta/Desktop/FINAL_PROJECT/src/controllers/Instructor/instructorProfileOnLoad.js","statementMap":{"0":{"start":{"line":1,"column":19},"end":{"line":1,"column":53}},"1":{"start":{"line":3,"column":32},"end":{"line":14,"column":1}},"2":{"start":{"line":4,"column":2},"end":{"line":13,"column":3}},"3":{"start":{"line":5,"column":23},"end":{"line":8,"column":6}},"4":{"start":{"line":9,"column":4},"end":{"line":9,"column":37}},"5":{"start":{"line":11,"column":4},"end":{"line":11,"column":23}},"6":{"start":{"line":12,"column":4},"end":{"line":12,"column":32}},"7":{"start":{"line":16,"column":0},"end":{"line":18,"column":2}}},"fnMap":{"0":{"name":"(anonymous_0)","decl":{"start":{"line":3,"column":32},"end":{"line":3,"column":33}},"loc":{"start":{"line":3,"column":52},"end":{"line":14,"column":1}},"line":3}},"branchMap":{},"s":{"0":34,"1":34,"2":2,"3":2,"4":1,"5":1,"6":1,"7":34},"f":{"0":2},"b":{},"_coverageSchema":"1a1c01bbd47fc00a2c39e90264f33305004495a9","hash":"eff3b1b71e5e7165c13ff6ae80c9cac15ec972e4"}
,"/home/diganta/Desktop/FINAL_PROJECT/src/controllers/Instructor/instructorSelfCourses.js": {"path":"/home/diganta/Desktop/FINAL_PROJECT/src/controllers/Instructor/instructorSelfCourses.js","statementMap":{"0":{"start":{"line":1,"column":15},"end":{"line":1,"column":45}},"1":{"start":{"line":3,"column":30},"end":{"line":12,"column":1}},"2":{"start":{"line":4,"column":2},"end":{"line":11,"column":3}},"3":{"start":{"line":5,"column":20},"end":{"line":5,"column":66}},"4":{"start":{"line":6,"column":4},"end":{"line":6,"column":26}},"5":{"start":{"line":7,"column":4},"end":{"line":7,"column":34}},"6":{"start":{"line":9,"column":4},"end":{"line":9,"column":23}},"7":{"start":{"line":10,"column":4},"end":{"line":10,"column":20}},"8":{"start":{"line":14,"column":0},"end":{"line":16,"column":2}}},"fnMap":{"0":{"name":"(anonymous_0)","decl":{"start":{"line":3,"column":30},"end":{"line":3,"column":31}},"loc":{"start":{"line":3,"column":50},"end":{"line":12,"column":1}},"line":3}},"branchMap":{},"s":{"0":34,"1":34,"2":1,"3":1,"4":1,"5":1,"6":0,"7":0,"8":34},"f":{"0":1},"b":{},"_coverageSchema":"1a1c01bbd47fc00a2c39e90264f33305004495a9","hash":"f7a830b1ff488a5989c472eaaa7ad71b57c76111"}
,"/home/diganta/Desktop/FINAL_PROJECT/src/controllers/Instructor/instructorSignUpController.js": {"path":"/home/diganta/Desktop/FINAL_PROJECT/src/controllers/Instructor/instructorSignUpController.js","statementMap":{"0":{"start":{"line":1,"column":19},"end":{"line":1,"column":53}},"1":{"start":{"line":2,"column":12},"end":{"line":2,"column":35}},"2":{"start":{"line":3,"column":0},"end":{"line":3,"column":27}},"3":{"start":{"line":13,"column":25},"end":{"line":30,"column":1}},"4":{"start":{"line":14,"column":2},"end":{"line":29,"column":3}},"5":{"start":{"line":16,"column":23},"end":{"line":16,"column":47}},"6":{"start":{"line":18,"column":4},"end":{"line":18,"column":28}},"7":{"start":{"line":20,"column":4},"end":{"line":25,"column":7}},"8":{"start":{"line":27,"column":4},"end":{"line":27,"column":28}},"9":{"start":{"line":28,"column":4},"end":{"line":28,"column":53}},"10":{"start":{"line":32,"column":0},"end":{"line":34,"column":2}}},"fnMap":{"0":{"name":"(anonymous_0)","decl":{"start":{"line":13,"column":25},"end":{"line":13,"column":26}},"loc":{"start":{"line":13,"column":45},"end":{"line":30,"column":1}},"line":13}},"branchMap":{},"s":{"0":34,"1":34,"2":34,"3":34,"4":2,"5":2,"6":2,"7":1,"8":1,"9":1,"10":34},"f":{"0":2},"b":{},"_coverageSchema":"1a1c01bbd47fc00a2c39e90264f33305004495a9","hash":"5e922c88afd6351de89d3c6621d2c4b737d65043"}
,"/home/diganta/Desktop/FINAL_PROJECT/src/controllers/Instructor/instructorUpdateProfile.js": {"path":"/home/diganta/Desktop/FINAL_PROJECT/src/controllers/Instructor/instructorUpdateProfile.js","statementMap":{"0":{"start":{"line":1,"column":19},"end":{"line":1,"column":53}},"1":{"start":{"line":3,"column":32},"end":{"line":13,"column":1}},"2":{"start":{"line":4,"column":2},"end":{"line":12,"column":3}},"3":{"start":{"line":5,"column":15},"end":{"line":5,"column":33}},"4":{"start":{"line":6,"column":4},"end":{"line":6,"column":41}},"5":{"start":{"line":7,"column":20},"end":{"line":7,"column":91}},"6":{"start":{"line":8,"column":4},"end":{"line":8,"column":25}},"7":{"start":{"line":9,"column":4},"end":{"line":9,"column":33}},"8":{"start":{"line":11,"column":4},"end":{"line":11,"column":23}},"9":{"start":{"line":15,"column":0},"end":{"line":17,"column":2}}},"fnMap":{"0":{"name":"(anonymous_0)","decl":{"start":{"line":3,"column":32},"end":{"line":3,"column":33}},"loc":{"start":{"line":3,"column":52},"end":{"line":13,"column":1}},"line":3}},"branchMap":{},"s":{"0":34,"1":34,"2":1,"3":1,"4":1,"5":1,"6":1,"7":1,"8":0,"9":34},"f":{"0":1},"b":{},"_coverageSchema":"1a1c01bbd47fc00a2c39e90264f33305004495a9","hash":"2558219e210a77c3b3258d7e82caf9c98273cd82"}
,"/home/diganta/Desktop/FINAL_PROJECT/src/controllers/Instructor/publishCourse.js": {"path":"/home/diganta/Desktop/FINAL_PROJECT/src/controllers/Instructor/publishCourse.js","statementMap":{"0":{"start":{"line":1,"column":15},"end":{"line":1,"column":45}},"1":{"start":{"line":3,"column":23},"end":{"line":12,"column":2}},"2":{"start":{"line":4,"column":4},"end":{"line":11,"column":5}},"3":{"start":{"line":5,"column":23},"end":{"line":5,"column":97}},"4":{"start":{"line":7,"column":8},"end":{"line":7,"column":59}},"5":{"start":{"line":9,"column":8},"end":{"line":9,"column":26}},"6":{"start":{"line":10,"column":8},"end":{"line":10,"column":35}},"7":{"start":{"line":14,"column":1},"end":{"line":16,"column":2}}},"fnMap":{"0":{"name":"(anonymous_0)","decl":{"start":{"line":3,"column":23},"end":{"line":3,"column":24}},"loc":{"start":{"line":3,"column":40},"end":{"line":12,"column":2}},"line":3}},"branchMap":{},"s":{"0":34,"1":34,"2":1,"3":1,"4":1,"5":0,"6":0,"7":34},"f":{"0":1},"b":{},"_coverageSchema":"1a1c01bbd47fc00a2c39e90264f33305004495a9","hash":"be44bfa6913d5b5d4b91d2016e70ff13f1c54a41"}
,"/home/diganta/Desktop/FINAL_PROJECT/src/controllers/Instructor/verifyCourseOwnership.js": {"path":"/home/diganta/Desktop/FINAL_PROJECT/src/controllers/Instructor/verifyCourseOwnership.js","statementMap":{"0":{"start":{"line":1,"column":15},"end":{"line":1,"column":45}},"1":{"start":{"line":3,"column":30},"end":{"line":14,"column":1}},"2":{"start":{"line":4,"column":4},"end":{"line":13,"column":5}},"3":{"start":{"line":5,"column":22},"end":{"line":5,"column":62}},"4":{"start":{"line":6,"column":8},"end":{"line":10,"column":9}},"5":{"start":{"line":7,"column":12},"end":{"line":7,"column":43}},"6":{"start":{"line":9,"column":12},"end":{"line":9,"column":47}},"7":{"start":{"line":12,"column":8},"end":{"line":12,"column":35}},"8":{"start":{"line":16,"column":0},"end":{"line":18,"column":1}}},"fnMap":{"0":{"name":"(anonymous_0)","decl":{"start":{"line":3,"column":30},"end":{"line":3,"column":31}},"loc":{"start":{"line":3,"column":50},"end":{"line":14,"column":1}},"line":3}},"branchMap":{"0":{"loc":{"start":{"line":6,"column":8},"end":{"line":10,"column":9}},"type":"if","locations":[{"start":{"line":6,"column":8},"end":{"line":10,"column":9}},{"start":{"line":8,"column":13},"end":{"line":10,"column":9}}],"line":6}},"s":{"0":34,"1":34,"2":2,"3":2,"4":2,"5":1,"6":1,"7":0,"8":34},"f":{"0":2},"b":{"0":[1,1]},"_coverageSchema":"1a1c01bbd47fc00a2c39e90264f33305004495a9","hash":"0d5088901b5a61c27676c584b6455efa545a97f4"}
,"/home/diganta/Desktop/FINAL_PROJECT/src/controllers/Payment/getAllPayments.js": {"path":"/home/diganta/Desktop/FINAL_PROJECT/src/controllers/Payment/getAllPayments.js","statementMap":{"0":{"start":{"line":1,"column":16},"end":{"line":1,"column":47}},"1":{"start":{"line":3,"column":23},"end":{"line":10,"column":1}},"2":{"start":{"line":4,"column":2},"end":{"line":9,"column":3}},"3":{"start":{"line":5,"column":21},"end":{"line":5,"column":41}},"4":{"start":{"line":6,"column":4},"end":{"line":6,"column":35}},"5":{"start":{"line":8,"column":4},"end":{"line":8,"column":32}},"6":{"start":{"line":12,"column":0},"end":{"line":14,"column":2}}},"fnMap":{"0":{"name":"(anonymous_0)","decl":{"start":{"line":3,"column":23},"end":{"line":3,"column":24}},"loc":{"start":{"line":3,"column":43},"end":{"line":10,"column":1}},"line":3}},"branchMap":{},"s":{"0":34,"1":34,"2":2,"3":2,"4":2,"5":0,"6":34},"f":{"0":2},"b":{},"_coverageSchema":"1a1c01bbd47fc00a2c39e90264f33305004495a9","hash":"2488741639dd857a533dc928be5e01fdd04cb623"}
,"/home/diganta/Desktop/FINAL_PROJECT/src/controllers/Student/allStudents.js": {"path":"/home/diganta/Desktop/FINAL_PROJECT/src/controllers/Student/allStudents.js","statementMap":{"0":{"start":{"line":1,"column":16},"end":{"line":1,"column":47}},"1":{"start":{"line":3,"column":20},"end":{"line":10,"column":1}},"2":{"start":{"line":4,"column":2},"end":{"line":9,"column":3}},"3":{"start":{"line":5,"column":21},"end":{"line":5,"column":60}},"4":{"start":{"line":6,"column":4},"end":{"line":6,"column":35}},"5":{"start":{"line":8,"column":4},"end":{"line":8,"column":32}},"6":{"start":{"line":12,"column":0},"end":{"line":14,"column":2}}},"fnMap":{"0":{"name":"(anonymous_0)","decl":{"start":{"line":3,"column":20},"end":{"line":3,"column":21}},"loc":{"start":{"line":3,"column":40},"end":{"line":10,"column":1}},"line":3}},"branchMap":{},"s":{"0":34,"1":34,"2":1,"3":1,"4":1,"5":0,"6":34},"f":{"0":1},"b":{},"_coverageSchema":"1a1c01bbd47fc00a2c39e90264f33305004495a9","hash":"2fdcc3139fc6b924fbc812e75593f1a101d97b39"}
,"/home/diganta/Desktop/FINAL_PROJECT/src/controllers/Student/getName.js": {"path":"/home/diganta/Desktop/FINAL_PROJECT/src/controllers/Student/getName.js","statementMap":{"0":{"start":{"line":1,"column":16},"end":{"line":1,"column":47}},"1":{"start":{"line":3,"column":16},"end":{"line":12,"column":1}},"2":{"start":{"line":4,"column":4},"end":{"line":11,"column":5}},"3":{"start":{"line":5,"column":8},"end":{"line":5,"column":49}},"4":{"start":{"line":6,"column":24},"end":{"line":6,"column":60}},"5":{"start":{"line":7,"column":8},"end":{"line":7,"column":30}},"6":{"start":{"line":9,"column":8},"end":{"line":9,"column":26}},"7":{"start":{"line":10,"column":8},"end":{"line":10,"column":35}},"8":{"start":{"line":14,"column":0},"end":{"line":16,"column":1}}},"fnMap":{"0":{"name":"(anonymous_0)","decl":{"start":{"line":3,"column":16},"end":{"line":3,"column":17}},"loc":{"start":{"line":3,"column":32},"end":{"line":12,"column":1}},"line":3}},"branchMap":{},"s":{"0":34,"1":34,"2":0,"3":0,"4":0,"5":0,"6":0,"7":0,"8":34},"f":{"0":0},"b":{},"_coverageSchema":"1a1c01bbd47fc00a2c39e90264f33305004495a9","hash":"1f9ed3c3f5b6f1101a0366cd35aebbdeeb079ecd"}
,"/home/diganta/Desktop/FINAL_PROJECT/src/controllers/Student/studentCheckIfEnrolled.js": {"path":"/home/diganta/Desktop/FINAL_PROJECT/src/controllers/Student/studentCheckIfEnrolled.js","statementMap":{"0":{"start":{"line":1,"column":31},"end":{"line":17,"column":1}},"1":{"start":{"line":2,"column":2},"end":{"line":16,"column":3}},"2":{"start":{"line":3,"column":15},"end":{"line":3,"column":32}},"3":{"start":{"line":4,"column":28},"end":{"line":5,"column":31}},"4":{"start":{"line":5,"column":21},"end":{"line":5,"column":30}},"5":{"start":{"line":6,"column":19},"end":{"line":6,"column":24}},"6":{"start":{"line":7,"column":4},"end":{"line":12,"column":5}},"7":{"start":{"line":7,"column":14},"end":{"line":7,"column":15}},"8":{"start":{"line":8,"column":6},"end":{"line":11,"column":7}},"9":{"start":{"line":9,"column":8},"end":{"line":9,"column":22}},"10":{"start":{"line":10,"column":8},"end":{"line":10,"column":14}},"11":{"start":{"line":13,"column":4},"end":{"line":13,"column":39}},"12":{"start":{"line":15,"column":4},"end":{"line":15,"column":23}},"13":{"start":{"line":19,"column":0},"end":{"line":21,"column":2}}},"fnMap":{"0":{"name":"(anonymous_0)","decl":{"start":{"line":1,"column":31},"end":{"line":1,"column":32}},"loc":{"start":{"line":1,"column":51},"end":{"line":17,"column":1}},"line":1},"1":{"name":"(anonymous_1)","decl":{"start":{"line":5,"column":9},"end":{"line":5,"column":10}},"loc":{"start":{"line":5,"column":21},"end":{"line":5,"column":30}},"line":5}},"branchMap":{"0":{"loc":{"start":{"line":8,"column":6},"end":{"line":11,"column":7}},"type":"if","locations":[{"start":{"line":8,"column":6},"end":{"line":11,"column":7}},{"start":{},"end":{}}],"line":8}},"s":{"0":34,"1":1,"2":1,"3":1,"4":1,"5":1,"6":1,"7":1,"8":1,"9":0,"10":0,"11":1,"12":0,"13":34},"f":{"0":1,"1":1},"b":{"0":[0,1]},"_coverageSchema":"1a1c01bbd47fc00a2c39e90264f33305004495a9","hash":"6b53baeed9234873a347ffefcfccd64ce2b5276f"}
,"/home/diganta/Desktop/FINAL_PROJECT/src/controllers/Student/studentCourseStatus.js": {"path":"/home/diganta/Desktop/FINAL_PROJECT/src/controllers/Student/studentCourseStatus.js","statementMap":{"0":{"start":{"line":1,"column":28},"end":{"line":17,"column":1}},"1":{"start":{"line":2,"column":2},"end":{"line":16,"column":3}},"2":{"start":{"line":3,"column":21},"end":{"line":3,"column":38}},"3":{"start":{"line":4,"column":20},"end":{"line":4,"column":46}},"4":{"start":{"line":5,"column":24},"end":{"line":5,"column":54}},"5":{"start":{"line":6,"column":24},"end":{"line":6,"column":126}},"6":{"start":{"line":6,"column":71},"end":{"line":6,"column":125}},"7":{"start":{"line":7,"column":0},"end":{"line":7,"column":24}},"8":{"start":{"line":8,"column":4},"end":{"line":8,"column":84}},"9":{"start":{"line":10,"column":3},"end":{"line":10,"column":28}},"10":{"start":{"line":12,"column":4},"end":{"line":12,"column":49}},"11":{"start":{"line":14,"column":4},"end":{"line":14,"column":23}},"12":{"start":{"line":15,"column":4},"end":{"line":15,"column":32}},"13":{"start":{"line":19,"column":0},"end":{"line":21,"column":2}}},"fnMap":{"0":{"name":"(anonymous_0)","decl":{"start":{"line":1,"column":28},"end":{"line":1,"column":29}},"loc":{"start":{"line":1,"column":48},"end":{"line":17,"column":1}},"line":1},"1":{"name":"(anonymous_1)","decl":{"start":{"line":6,"column":61},"end":{"line":6,"column":62}},"loc":{"start":{"line":6,"column":71},"end":{"line":6,"column":125}},"line":6}},"branchMap":{},"s":{"0":34,"1":1,"2":1,"3":1,"4":1,"5":1,"6":1,"7":1,"8":1,"9":1,"10":1,"11":0,"12":0,"13":34},"f":{"0":1,"1":1},"b":{},"_coverageSchema":"1a1c01bbd47fc00a2c39e90264f33305004495a9","hash":"174915615a166011d13e8c105e730cac5195eae2"}
,"/home/diganta/Desktop/FINAL_PROJECT/src/controllers/Student/studentEnrolledCourses.js": {"path":"/home/diganta/Desktop/FINAL_PROJECT/src/controllers/Student/studentEnrolledCourses.js","statementMap":{"0":{"start":{"line":1,"column":16},"end":{"line":1,"column":47}},"1":{"start":{"line":2,"column":17},"end":{"line":2,"column":36}},"2":{"start":{"line":3,"column":31},"end":{"line":30,"column":1}},"3":{"start":{"line":4,"column":2},"end":{"line":29,"column":3}},"4":{"start":{"line":5,"column":22},"end":{"line":5,"column":37}},"5":{"start":{"line":6,"column":4},"end":{"line":6,"column":31}},"6":{"start":{"line":7,"column":20},"end":{"line":22,"column":6}},"7":{"start":{"line":24,"column":4},"end":{"line":24,"column":44}},"8":{"start":{"line":25,"column":4},"end":{"line":25,"column":53}},"9":{"start":{"line":27,"column":4},"end":{"line":27,"column":23}},"10":{"start":{"line":28,"column":4},"end":{"line":28,"column":32}},"11":{"start":{"line":32,"column":0},"end":{"line":34,"column":2}}},"fnMap":{"0":{"name":"(anonymous_0)","decl":{"start":{"line":3,"column":31},"end":{"line":3,"column":32}},"loc":{"start":{"line":3,"column":51},"end":{"line":30,"column":1}},"line":3}},"branchMap":{},"s":{"0":34,"1":34,"2":34,"3":0,"4":0,"5":0,"6":0,"7":0,"8":0,"9":0,"10":0,"11":34},"f":{"0":0},"b":{},"_coverageSchema":"1a1c01bbd47fc00a2c39e90264f33305004495a9","hash":"2d158d5746bee4d2429cd739623d8a0ac1410ff5"}
,"/home/diganta/Desktop/FINAL_PROJECT/src/controllers/Student/studentGetNotes.js": {"path":"/home/diganta/Desktop/FINAL_PROJECT/src/controllers/Student/studentGetNotes.js","statementMap":{"0":{"start":{"line":1,"column":24},"end":{"line":11,"column":1}},"1":{"start":{"line":2,"column":4},"end":{"line":10,"column":5}},"2":{"start":{"line":3,"column":8},"end":{"line":3,"column":40}},"3":{"start":{"line":4,"column":28},"end":{"line":4,"column":141}},"4":{"start":{"line":4,"column":75},"end":{"line":4,"column":140}},"5":{"start":{"line":5,"column":23},"end":{"line":5,"column":62}},"6":{"start":{"line":6,"column":8},"end":{"line":6,"column":36}},"7":{"start":{"line":8,"column":8},"end":{"line":8,"column":26}},"8":{"start":{"line":9,"column":8},"end":{"line":9,"column":35}},"9":{"start":{"line":13,"column":0},"end":{"line":15,"column":1}}},"fnMap":{"0":{"name":"(anonymous_0)","decl":{"start":{"line":1,"column":24},"end":{"line":1,"column":25}},"loc":{"start":{"line":1,"column":41},"end":{"line":11,"column":1}},"line":1},"1":{"name":"(anonymous_1)","decl":{"start":{"line":4,"column":65},"end":{"line":4,"column":66}},"loc":{"start":{"line":4,"column":75},"end":{"line":4,"column":140}},"line":4}},"branchMap":{},"s":{"0":34,"1":0,"2":0,"3":0,"4":0,"5":0,"6":0,"7":0,"8":0,"9":34},"f":{"0":0,"1":0},"b":{},"_coverageSchema":"1a1c01bbd47fc00a2c39e90264f33305004495a9","hash":"202e81083d8ca14874eda23893ae8afa08b99ea5"}
,"/home/diganta/Desktop/FINAL_PROJECT/src/controllers/Student/studentLogInController.js": {"path":"/home/diganta/Desktop/FINAL_PROJECT/src/controllers/Student/studentLogInController.js","statementMap":{"0":{"start":{"line":1,"column":16},"end":{"line":1,"column":47}},"1":{"start":{"line":8,"column":21},"end":{"line":29,"column":1}},"2":{"start":{"line":9,"column":2},"end":{"line":28,"column":3}},"3":{"start":{"line":10,"column":20},"end":{"line":13,"column":5}},"4":{"start":{"line":15,"column":18},"end":{"line":15,"column":51}},"5":{"start":{"line":17,"column":4},"end":{"line":25,"column":7}},"6":{"start":{"line":27,"column":4},"end":{"line":27,"column":40}},"7":{"start":{"line":31,"column":0},"end":{"line":33,"column":2}}},"fnMap":{"0":{"name":"(anonymous_0)","decl":{"start":{"line":8,"column":21},"end":{"line":8,"column":22}},"loc":{"start":{"line":8,"column":41},"end":{"line":29,"column":1}},"line":8}},"branchMap":{},"s":{"0":34,"1":34,"2":2,"3":2,"4":1,"5":1,"6":1,"7":34},"f":{"0":2},"b":{},"_coverageSchema":"1a1c01bbd47fc00a2c39e90264f33305004495a9","hash":"320ce64709890a4c9e2e3e8656e9b6287fdba745"}
,"/home/diganta/Desktop/FINAL_PROJECT/src/controllers/Student/studentLogout.js": {"path":"/home/diganta/Desktop/FINAL_PROJECT/src/controllers/Student/studentLogout.js","statementMap":{"0":{"start":{"line":1,"column":16},"end":{"line":1,"column":47}},"1":{"start":{"line":3,"column":22},"end":{"line":16,"column":1}},"2":{"start":{"line":4,"column":2},"end":{"line":15,"column":3}},"3":{"start":{"line":5,"column":14},"end":{"line":9,"column":6}},"4":{"start":{"line":11,"column":4},"end":{"line":11,"column":19}},"5":{"start":{"line":12,"column":4},"end":{"line":12,"column":33}},"6":{"start":{"line":14,"column":4},"end":{"line":14,"column":22}},"7":{"start":{"line":18,"column":0},"end":{"line":20,"column":2}}},"fnMap":{"0":{"name":"(anonymous_0)","decl":{"start":{"line":3,"column":22},"end":{"line":3,"column":23}},"loc":{"start":{"line":3,"column":42},"end":{"line":16,"column":1}},"line":3}},"branchMap":{},"s":{"0":34,"1":34,"2":0,"3":0,"4":0,"5":0,"6":0,"7":34},"f":{"0":0},"b":{},"_coverageSchema":"1a1c01bbd47fc00a2c39e90264f33305004495a9","hash":"856d779f79598679e8200b6eb76df3295c430dde"}
,"/home/diganta/Desktop/FINAL_PROJECT/src/controllers/Student/studentNote.js": {"path":"/home/diganta/Desktop/FINAL_PROJECT/src/controllers/Student/studentNote.js","statementMap":{"0":{"start":{"line":1,"column":20},"end":{"line":14,"column":1}},"1":{"start":{"line":2,"column":4},"end":{"line":13,"column":5}},"2":{"start":{"line":4,"column":28},"end":{"line":4,"column":139}},"3":{"start":{"line":4,"column":75},"end":{"line":4,"column":138}},"4":{"start":{"line":5,"column":4},"end":{"line":5,"column":50}},"5":{"start":{"line":6,"column":8},"end":{"line":6,"column":126}},"6":{"start":{"line":8,"column":8},"end":{"line":8,"column":33}},"7":{"start":{"line":9,"column":8},"end":{"line":9,"column":41}},"8":{"start":{"line":11,"column":8},"end":{"line":11,"column":26}},"9":{"start":{"line":12,"column":8},"end":{"line":12,"column":46}},"10":{"start":{"line":16,"column":0},"end":{"line":18,"column":1}}},"fnMap":{"0":{"name":"(anonymous_0)","decl":{"start":{"line":1,"column":20},"end":{"line":1,"column":21}},"loc":{"start":{"line":1,"column":37},"end":{"line":14,"column":1}},"line":1},"1":{"name":"(anonymous_1)","decl":{"start":{"line":4,"column":65},"end":{"line":4,"column":66}},"loc":{"start":{"line":4,"column":75},"end":{"line":4,"column":138}},"line":4}},"branchMap":{},"s":{"0":34,"1":0,"2":0,"3":0,"4":0,"5":0,"6":0,"7":0,"8":0,"9":0,"10":34},"f":{"0":0,"1":0},"b":{},"_coverageSchema":"1a1c01bbd47fc00a2c39e90264f33305004495a9","hash":"5fe6e7c99c5b9b1e54052f36d1c7fd60824cd995"}
,"/home/diganta/Desktop/FINAL_PROJECT/src/controllers/Student/studentProfile.js": {"path":"/home/diganta/Desktop/FINAL_PROJECT/src/controllers/Student/studentProfile.js","statementMap":{"0":{"start":{"line":1,"column":16},"end":{"line":1,"column":47}},"1":{"start":{"line":3,"column":23},"end":{"line":14,"column":1}},"2":{"start":{"line":4,"column":2},"end":{"line":13,"column":3}},"3":{"start":{"line":5,"column":20},"end":{"line":8,"column":6}},"4":{"start":{"line":9,"column":4},"end":{"line":9,"column":34}},"5":{"start":{"line":11,"column":4},"end":{"line":11,"column":23}},"6":{"start":{"line":12,"column":4},"end":{"line":12,"column":32}},"7":{"start":{"line":16,"column":0},"end":{"line":18,"column":2}}},"fnMap":{"0":{"name":"(anonymous_0)","decl":{"start":{"line":3,"column":23},"end":{"line":3,"column":24}},"loc":{"start":{"line":3,"column":43},"end":{"line":14,"column":1}},"line":3}},"branchMap":{},"s":{"0":34,"1":34,"2":1,"3":1,"4":1,"5":0,"6":0,"7":34},"f":{"0":1},"b":{},"_coverageSchema":"1a1c01bbd47fc00a2c39e90264f33305004495a9","hash":"dbd8af2faa275b69e886dbb72000671111429be5"}
,"/home/diganta/Desktop/FINAL_PROJECT/src/controllers/Student/studentSignUpController.js": {"path":"/home/diganta/Desktop/FINAL_PROJECT/src/controllers/Student/studentSignUpController.js","statementMap":{"0":{"start":{"line":1,"column":16},"end":{"line":1,"column":47}},"1":{"start":{"line":2,"column":12},"end":{"line":2,"column":35}},"2":{"start":{"line":9,"column":22},"end":{"line":25,"column":1}},"3":{"start":{"line":10,"column":2},"end":{"line":24,"column":3}},"4":{"start":{"line":11,"column":20},"end":{"line":11,"column":41}},"5":{"start":{"line":13,"column":4},"end":{"line":13,"column":25}},"6":{"start":{"line":15,"column":4},"end":{"line":20,"column":7}},"7":{"start":{"line":22,"column":4},"end":{"line":22,"column":28}},"8":{"start":{"line":23,"column":4},"end":{"line":23,"column":53}},"9":{"start":{"line":27,"column":0},"end":{"line":29,"column":2}}},"fnMap":{"0":{"name":"(anonymous_0)","decl":{"start":{"line":9,"column":22},"end":{"line":9,"column":23}},"loc":{"start":{"line":9,"column":42},"end":{"line":25,"column":1}},"line":9}},"branchMap":{},"s":{"0":34,"1":34,"2":34,"3":2,"4":2,"5":2,"6":1,"7":1,"8":1,"9":34},"f":{"0":2},"b":{},"_coverageSchema":"1a1c01bbd47fc00a2c39e90264f33305004495a9","hash":"bfb15a2be2736db73b8c3544e02c1782c5f60088"}
,"/home/diganta/Desktop/FINAL_PROJECT/src/controllers/Student/studentTokenVerify.js": {"path":"/home/diganta/Desktop/FINAL_PROJECT/src/controllers/Student/studentTokenVerify.js","statementMap":{"0":{"start":{"line":1,"column":26},"end":{"line":14,"column":1}},"1":{"start":{"line":2,"column":4},"end":{"line":13,"column":5}},"2":{"start":{"line":3,"column":22},"end":{"line":3,"column":24}},"3":{"start":{"line":4,"column":8},"end":{"line":8,"column":9}},"4":{"start":{"line":5,"column":12},"end":{"line":5,"column":32}},"5":{"start":{"line":7,"column":12},"end":{"line":7,"column":29}},"6":{"start":{"line":9,"column":8},"end":{"line":9,"column":28}},"7":{"start":{"line":10,"column":8},"end":{"line":10,"column":37}},"8":{"start":{"line":12,"column":8},"end":{"line":12,"column":35}},"9":{"start":{"line":16,"column":0},"end":{"line":18,"column":1}}},"fnMap":{"0":{"name":"(anonymous_0)","decl":{"start":{"line":1,"column":26},"end":{"line":1,"column":27}},"loc":{"start":{"line":1,"column":45},"end":{"line":14,"column":1}},"line":1}},"branchMap":{"0":{"loc":{"start":{"line":4,"column":8},"end":{"line":8,"column":9}},"type":"if","locations":[{"start":{"line":4,"column":8},"end":{"line":8,"column":9}},{"start":{"line":6,"column":13},"end":{"line":8,"column":9}}],"line":4}},"s":{"0":34,"1":1,"2":1,"3":1,"4":0,"5":1,"6":1,"7":1,"8":0,"9":34},"f":{"0":1},"b":{"0":[0,1]},"_coverageSchema":"1a1c01bbd47fc00a2c39e90264f33305004495a9","hash":"1e503c5ba4203d12fa1fc58eaa81cad503707b0e"}
[...]
,"/home/diganta/Desktop/FINAL_PROJECT/src/models/student.js": {"path":"/home/diganta/Desktop/FINAL_PROJECT/src/models/student.js","statementMap":{"0":{"start":{"line":16,"column":17},"end":{"line":16,"column":36}},"1":{"start":{"line":17,"column":18},"end":{"line":17,"column":38}},"2":{"start":{"line":18,"column":14},"end":{"line":18,"column":40}},"3":{"start":{"line":19,"column":15},"end":{"line":19,"column":32}},"4":{"start":{"line":20,"column":12},"end":{"line":20,"column":35}},"5":{"start":{"line":22,"column":22},"end":{"line":137,"column":2}},"6":{"start":{"line":30,"column":28},"end":{"line":30,"column":71}},"7":{"start":{"line":39,"column":28},"end":{"line":39,"column":52}},"8":{"start":{"line":48,"column":8},"end":{"line":54,"column":10}},"9":{"start":{"line":143,"column":0},"end":{"line":149,"column":3}},"10":{"start":{"line":144,"column":18},"end":{"line":144,"column":22}},"11":{"start":{"line":145,"column":2},"end":{"line":147,"column":3}},"12":{"start":{"line":146,"column":4},"end":{"line":146,"column":66}},"13":{"start":{"line":148,"column":2},"end":{"line":148,"column":9}},"14":{"start":{"line":153,"column":0},"end":{"line":166,"column":2}},"15":{"start":{"line":154,"column":18},"end":{"line":154,"column":22}},"16":{"start":{"line":155,"column":16},"end":{"line":160,"column":3}},"17":{"start":{"line":162,"column":2},"end":{"line":162,"column":52}},"18":{"start":{"line":163,"column":2},"end":{"line":163,"column":23}},"19":{"start":{"line":165,"column":2},"end":{"line":165,"column":15}},"20":{"start":{"line":172,"column":0},"end":{"line":190,"column":2}},"21":{"start":{"line":173,"column":18},"end":{"line":173,"column":50}},"22":{"start":{"line":175,"column":2},"end":{"line":177,"column":3}},"23":{"start":{"line":176,"column":4},"end":{"line":176,"column":46}},"24":{"start":{"line":183,"column":18},"end":{"line":183,"column":66}},"25":{"start":{"line":185,"column":2},"end":{"line":187,"column":3}},"26":{"start":{"line":186,"column":4},"end":{"line":186,"column":44}},"27":{"start":{"line":189,"column":2},"end":{"line":189,"column":17}},"28":{"start":{"line":192,"column":16},"end":{"line":192,"column":56}},"29":{"start":{"line":194,"column":0},"end":{"line":194,"column":25}}},"fnMap":{"0":{"name":"(anonymous_0)","decl":{"start":{"line":30,"column":17},"end":{"line":30,"column":18}},"loc":{"start":{"line":30,"column":28},"end":{"line":30,"column":71}},"line":30},"1":{"name":"(anonymous_1)","decl":{"start":{"line":39,"column":17},"end":{"line":39,"column":18}},"loc":{"start":{"line":39,"column":28},"end":{"line":39,"column":52}},"line":39},"2":{"name":"(anonymous_2)","decl":{"start":{"line":47,"column":17},"end":{"line":47,"column":18}},"loc":{"start":{"line":47,"column":28},"end":{"line":55,"column":7}},"line":47},"3":{"name":"(anonymous_3)","decl":{"start":{"line":143,"column":26},"end":{"line":143,"column":27}},"loc":{"start":{"line":143,"column":48},"end":{"line":149,"column":1}},"line":143},"4":{"name":"(anonymous_4)","decl":{"start":{"line":153,"column":42},"end":{"line":153,"column":43}},"loc":{"start":{"line":153,"column":62},"end":{"line":166,"column":1}},"line":153},"5":{"name":"(anonymous_5)","decl":{"start":{"line":172,"column":42},"end":{"line":172,"column":43}},"loc":{"start":{"line":172,"column":69},"end":{"line":190,"column":1}},"line":172}},"branchMap":{"0":{"loc":{"start":{"line":49,"column":10},"end":{"line":53,"column":29}},"type":"binary-expr","locations":[{"start":{"line":49,"column":10},"end":{"line":49,"column":47}},{"start":{"line":50,"column":10},"end":{"line":50,"column":29}},{"start":{"line":51,"column":10},"end":{"line":51,"column":29}},{"start":{"line":52,"column":10},"end":{"line":52,"column":26}},{"start":{"line":53,"column":10},"end":{"line":53,"column":29}}],"line":49},"1":{"loc":{"start":{"line":145,"column":2},"end":{"line":147,"column":3}},"type":"if","locations":[{"start":{"line":145,"column":2},"end":{"line":147,"column":3}},{"start":{},"end":{}}],"line":145},"2":{"loc":{"start":{"line":175,"column":2},"end":{"line":177,"column":3}},"type":"if","locations":[{"start":{"line":175,"column":2},"end":{"line":177,"column":3}},{"start":{},"end":{}}],"line":175},"3":{"loc":{"start":{"line":185,"column":2},"end":{"line":187,"column":3}},"type":"if","locations":[{"start":{"line":185,"column":2},"end":{"line":187,"column":3}},{"start":{},"end":{}}],"line":185}},"s":{"0":34,"1":34,"2":34,"3":34,"4":34,"5":34,"6":10,"7":10,"8":9,"9":34,"10":10,"11":10,"12":8,"13":10,"14":34,"15":1,"16":1,"17":1,"18":1,"19":1,"20":34,"21":2,"22":2,"23":0,"24":2,"25":2,"26":1,"27":1,"28":34,"29":34},"f":{"0":10,"1":10,"2":9,"3":10,"4":1,"5":2},"b":{"0":[9,9,9,9,9],"1":[8,2],"2":[0,2],"3":[1,1]},"_coverageSchema":"1a1c01bbd47fc00a2c39e90264f33305004495a9","hash":"7cca71fec490116bca94601914024b6e5e6cec44"}
,"/home/diganta/Desktop/FINAL_PROJECT/src/routes/adminRoutes.js": {"path":"/home/diganta/Desktop/FINAL_PROJECT/src/routes/adminRoutes.js","statementMap":{"0":{"start":{"line":1,"column":16},"end":{"line":1,"column":34}},"1":{"start":{"line":2,"column":24},"end":{"line":2,"column":69}},"2":{"start":{"line":3,"column":27},"end":{"line":3,"column":78}},"3":{"start":{"line":4,"column":24},"end":{"line":4,"column":67}},"4":{"start":{"line":5,"column":30},"end":{"line":5,"column":79}},"5":{"start":{"line":6,"column":25},"end":{"line":6,"column":70}},"6":{"start":{"line":7,"column":28},"end":{"line":7,"column":72}},"7":{"start":{"line":8,"column":24},"end":{"line":8,"column":67}},"8":{"start":{"line":9,"column":15},"end":{"line":9,"column":31}},"9":{"start":{"line":11,"column":0},"end":{"line":11,"column":64}},"10":{"start":{"line":12,"column":0},"end":{"line":12,"column":70}},"11":{"start":{"line":13,"column":0},"end":{"line":13,"column":40}},"12":{"start":{"line":14,"column":0},"end":{"line":14,"column":42}},"13":{"start":{"line":15,"column":0},"end":{"line":15,"column":80}},"14":{"start":{"line":16,"column":0},"end":{"line":16,"column":71}},"15":{"start":{"line":17,"column":0},"end":{"line":17,"column":63}},"16":{"start":{"line":19,"column":0},"end":{"line":19,"column":24}}},"fnMap":{},"branchMap":{},"s":{"0":34,"1":34,"2":34,"3":34,"4":34,"5":34,"6":34,"7":34,"8":34,"9":34,"10":34,"11":34,"12":34,"13":34,"14":34,"15":34,"16":34},"f":{},"b":{},"_coverageSchema":"1a1c01bbd47fc00a2c39e90264f33305004495a9","hash":"908275afae9f9300e0bd2d0c0925d9cd2809f9ca"}
,"/home/diganta/Desktop/FINAL_PROJECT/src/routes/courseRoutes.js": {"path":"/home/diganta/Desktop/FINAL_PROJECT/src/routes/courseRoutes.js","statementMap":{"0":{"start":{"line":1,"column":16},"end":{"line":1,"column":34}},"1":{"start":{"line":2,"column":15},"end":{"line":2,"column":31}},"2":{"start":{"line":3,"column":19},"end":{"line":3,"column":46}},"3":{"start":{"line":6,"column":4},"end":{"line":6,"column":58}},"4":{"start":{"line":9,"column":4},"end":{"line":9,"column":57}},"5":{"start":{"line":12,"column":4},"end":{"line":12,"column":58}},"6":{"start":{"line":13,"column":28},"end":{"line":13,"column":76}},"7":{"start":{"line":14,"column":26},"end":{"line":14,"column":72}},"8":{"start":{"line":16,"column":0},"end":{"line":16,"column":43}},"9":{"start":{"line":17,"column":0},"end":{"line":17,"column":45}},"10":{"start":{"line":18,"column":0},"end":{"line":18,"column":42}},"11":{"start":{"line":19,"column":0},"end":{"line":19,"column":58}},"12":{"start":{"line":20,"column":0},"end":{"line":20,"column":78}},"13":{"start":{"line":23,"column":0},"end":{"line":23,"column":24}}},"fnMap":{},"branchMap":{},"s":{"0":34,"1":34,"2":34,"3":34,"4":34,"5":34,"6":34,"7":34,"8":34,"9":34,"10":34,"11":34,"12":34,"13":34},"f":{},"b":{},"_coverageSchema":"1a1c01bbd47fc00a2c39e90264f33305004495a9","hash":"fc8f260536e26bc7f85d959eb7e17cfdee097b4d"}
,"/home/diganta/Desktop/FINAL_PROJECT/src/routes/instructorRoutes.js": {"path":"/home/diganta/Desktop/FINAL_PROJECT/src/routes/instructorRoutes.js","statementMap":{"0":{"start":{"line":1,"column":16},"end":{"line":1,"column":34}},"1":{"start":{"line":2,"column":15},"end":{"line":2,"column":31}},"2":{"start":{"line":6,"column":4},"end":{"line":6,"column":67}},"3":{"start":{"line":9,"column":4},"end":{"line":9,"column":66}},"4":{"start":{"line":12,"column":4},"end":{"line":12,"column":65}},"5":{"start":{"line":15,"column":4},"end":{"line":15,"column":68}},"6":{"start":{"line":16,"column":27},"end":{"line":16,"column":74}},"7":{"start":{"line":17,"column":24},"end":{"line":17,"column":70}},"8":{"start":{"line":18,"column":23},"end":{"line":18,"column":62}},"9":{"start":{"line":21,"column":4},"end":{"line":21,"column":62}},"10":{"start":{"line":22,"column":23},"end":{"line":22,"column":66}},"11":{"start":{"line":25,"column":4},"end":{"line":25,"column":61}},"12":{"start":{"line":28,"column":4},"end":{"line":28,"column":64}},"13":{"start":{"line":31,"column":4},"end":{"line":31,"column":57}},"14":{"start":{"line":35,"column":4},"end":{"line":35,"column":64}},"15":{"start":{"line":36,"column":28},"end":{"line":36,"column":76}},"16":{"start":{"line":37,"column":34},"end":{"line":37,"column":91}},"17":{"start":{"line":38,"column":26},"end":{"line":38,"column":76}},"18":{"start":{"line":39,"column":34},"end":{"line":39,"column":92}},"19":{"start":{"line":40,"column":30},"end":{"line":40,"column":84}},"20":{"start":{"line":41,"column":42},"end":{"line":41,"column":92}},"21":{"start":{"line":42,"column":23},"end":{"line":42,"column":66}},"22":{"start":{"line":43,"column":28},"end":{"line":43,"column":76}},"23":{"start":{"line":45,"column":0},"end":{"line":45,"column":45}},"24":{"start":{"line":46,"column":0},"end":{"line":46,"column":50}},"25":{"start":{"line":47,"column":0},"end":{"line":47,"column":80}},"26":{"start":{"line":48,"column":0},"end":{"line":52,"column":2}},"27":{"start":{"line":53,"column":0},"end":{"line":53,"column":59}},"28":{"start":{"line":54,"column":0},"end":{"line":54,"column":70}},"29":{"start":{"line":55,"column":0},"end":{"line":55,"column":78}},"30":{"start":{"line":56,"column":0},"end":{"line":60,"column":2}},"31":{"start":{"line":61,"column":0},"end":{"line":61,"column":73}},"32":{"start":{"line":62,"column":0},"end":{"line":66,"column":2}},"33":{"start":{"line":67,"column":0},"end":{"line":67,"column":69}},"34":{"start":{"line":68,"column":0},"end":{"line":68,"column":77}},"35":{"start":{"line":69,"column":0},"end":{"line":69,"column":72}},"36":{"start":{"line":71,"column":0},"end":{"line":71,"column":65}},"37":{"start":{"line":72,"column":0},"end":{"line":72,"column":78}},"38":{"start":{"line":73,"column":0},"end":{"line":73,"column":51}},"39":{"start":{"line":74,"column":0},"end":{"line":74,"column":66}},"40":{"start":{"line":75,"column":0},"end":{"line":75,"column":76}},"41":{"start":{"line":76,"column":0},"end":{"line":76,"column":24}}},"fnMap":{},"branchMap":{},"s":{"0":34,"1":34,"2":34,"3":34,"4":34,"5":34,"6":34,"7":34,"8":34,"9":34,"10":34,"11":34,"12":34,"13":34,"14":34,"15":34,"16":34,"17":34,"18":34,"19":34,"20":34,"21":34,"22":34,"23":34,"24":34,"25":34,"26":34,"27":34,"28":34,"29":34,"30":34,"31":34,"32":34,"33":34,"34":34,"35":34,"36":34,"37":34,"38":34,"39":34,"40":34,"41":34},"f":{},"b":{},"_coverageSchema":"1a1c01bbd47fc00a2c39e90264f33305004495a9","hash":"874bf6aa31b8775d7433b09ee177de687a26d48c"}
,"/home/diganta/Desktop/FINAL_PROJECT/src/routes/otpRoutes.js": {"path":"/home/diganta/Desktop/FINAL_PROJECT/src/routes/otpRoutes.js","statementMap":{"0":{"start":{"line":1,"column":16},"end":{"line":1,"column":34}},"1":{"start":{"line":2,"column":15},"end":{"line":2,"column":31}},"2":{"start":{"line":4,"column":26},"end":{"line":4,"column":73}},"3":{"start":{"line":5,"column":22},"end":{"line":5,"column":71}},"4":{"start":{"line":7,"column":0},"end":{"line":7,"column":47}},"5":{"start":{"line":8,"column":0},"end":{"line":8,"column":38}},"6":{"start":{"line":10,"column":0},"end":{"line":10,"column":24}}},"fnMap":{},"branchMap":{},"s":{"0":34,"1":34,"2":34,"3":34,"4":34,"5":34,"6":34},"f":{},"b":{},"_coverageSchema":"1a1c01bbd47fc00a2c39e90264f33305004495a9","hash":"5fbb053086c3ecb32f7e7cb6e4d01d1d5e8610d2"}
,"/home/diganta/Desktop/FINAL_PROJECT/src/routes/paymentRoutes.js": {"path":"/home/diganta/Desktop/FINAL_PROJECT/src/routes/paymentRoutes.js","statementMap":{"0":{"start":{"line":1,"column":16},"end":{"line":1,"column":34}},"1":{"start":{"line":2,"column":27},"end":{"line":2,"column":75}},"2":{"start":{"line":3,"column":15},"end":{"line":3,"column":31}},"3":{"start":{"line":5,"column":0},"end":{"line":5,"column":44}},"4":{"start":{"line":7,"column":0},"end":{"line":7,"column":24}}},"fnMap":{},"branchMap":{},"s":{"0":34,"1":34,"2":34,"3":34,"4":34},"f":{},"b":{},"_coverageSchema":"1a1c01bbd47fc00a2c39e90264f33305004495a9","hash":"30cc4fd10b7536d02a18904b417286b154f063f6"}
,"/home/diganta/Desktop/FINAL_PROJECT/src/routes/studentRoutes.js": {"path":"/home/diganta/Desktop/FINAL_PROJECT/src/routes/studentRoutes.js","statementMap":{"0":{"start":{"line":1,"column":16},"end":{"line":1,"column":34}},"1":{"start":{"line":2,"column":15},"end":{"line":2,"column":31}},"2":{"start":{"line":6,"column":4},"end":{"line":6,"column":61}},"3":{"start":{"line":9,"column":4},"end":{"line":9,"column":60}},"4":{"start":{"line":12,"column":4},"end":{"line":12,"column":60}},"5":{"start":{"line":13,"column":30},"end":{"line":13,"column":76}},"6":{"start":{"line":16,"column":4},"end":{"line":16,"column":60}},"7":{"start":{"line":19,"column":4},"end":{"line":19,"column":57}},"8":{"start":{"line":20,"column":24},"end":{"line":20,"column":68}},"9":{"start":{"line":21,"column":22},"end":{"line":21,"column":64}},"10":{"start":{"line":22,"column":22},"end":{"line":22,"column":64}},"11":{"start":{"line":23,"column":27},"end":{"line":23,"column":75}},"12":{"start":{"line":24,"column":31},"end":{"line":24,"column":83}},"13":{"start":{"line":25,"column":26},"end":{"line":25,"column":73}},"14":{"start":{"line":26,"column":34},"end":{"line":26,"column":88}},"15":{"start":{"line":27,"column":24},"end":{"line":27,"column":69}},"16":{"start":{"line":28,"column":31},"end":{"line":28,"column":83}},"17":{"start":{"line":29,"column":28},"end":{"line":29,"column":77}},"18":{"start":{"line":30,"column":20},"end":{"line":30,"column":61}},"19":{"start":{"line":32,"column":0},"end":{"line":32,"column":39}},"20":{"start":{"line":33,"column":0},"end":{"line":33,"column":44}},"21":{"start":{"line":34,"column":0},"end":{"line":38,"column":2}},"22":{"start":{"line":39,"column":0},"end":{"line":43,"column":2}},"23":{"start":{"line":45,"column":0},"end":{"line":49,"column":2}},"24":{"start":{"line":50,"column":0},"end":{"line":50,"column":77}},"25":{"start":{"line":52,"column":0},"end":{"line":56,"column":2}},"26":{"start":{"line":58,"column":0},"end":{"line":58,"column":73}},"27":{"start":{"line":60,"column":0},"end":{"line":60,"column":39}},"28":{"start":{"line":62,"column":0},"end":{"line":62,"column":74}},"29":{"start":{"line":64,"column":0},"end":{"line":64,"column":69}},"30":{"start":{"line":65,"column":0},"end":{"line":65,"column":78}},"31":{"start":{"line":66,"column":0},"end":{"line":66,"column":71}},"32":{"start":{"line":67,"column":0},"end":{"line":67,"column":72}},"33":{"start":{"line":68,"column":0},"end":{"line":68,"column":55}},"34":{"start":{"line":69,"column":0},"end":{"line":69,"column":36}},"35":{"start":{"line":71,"column":0},"end":{"line":71,"column":24}}},"fnMap":{},"branchMap":{},"s":{"0":34,"1":34,"2":34,"3":34,"4":34,"5":34,"6":34,"7":34,"8":34,"9":34,"10":34,"11":34,"12":34,"13":34,"14":34,"15":34,"16":34,"17":34,"18":34,"19":34,"20":34,"21":34,"22":34,"23":34,"24":34,"25":34,"26":34,"27":34,"28":34,"29":34,"30":34,"31":34,"32":34,"33":34,"34":34,"35":34},"f":{},"b":{},"_coverageSchema":"1a1c01bbd47fc00a2c39e90264f33305004495a9","hash":"ace59f1b11df3271179245605860faeb9821412d"}
,"/home/diganta/Desktop/FINAL_PROJECT/src/utils/mailJet.js": {"path":"/home/diganta/Desktop/FINAL_PROJECT/src/utils/mailJet.js","statementMap":{"0":{"start":{"line":1,"column":0},"end":{"line":1,"column":27}},"1":{"start":{"line":4,"column":16},"end":{"line":7,"column":1}},"2":{"start":{"line":10,"column":16},"end":{"line":37,"column":1}},"3":{"start":{"line":11,"column":18},"end":{"line":29,"column":4}},"4":{"start":{"line":30,"column":2},"end":{"line":36,"column":7}},"5":{"start":{"line":32,"column":6},"end":{"line":32,"column":31}},"6":{"start":{"line":35,"column":6},"end":{"line":35,"column":34}},"7":{"start":{"line":39,"column":0},"end":{"line":39,"column":25}}},"fnMap":{"0":{"name":"(anonymous_0)","decl":{"start":{"line":10,"column":16},"end":{"line":10,"column":17}},"loc":{"start":{"line":10,"column":60},"end":{"line":37,"column":1}},"line":10},"1":{"name":"(anonymous_1)","decl":{"start":{"line":31,"column":10},"end":{"line":31,"column":11}},"loc":{"start":{"line":31,"column":22},"end":{"line":33,"column":5}},"line":31},"2":{"name":"(anonymous_2)","decl":{"start":{"line":34,"column":11},"end":{"line":34,"column":12}},"loc":{"start":{"line":34,"column":20},"end":{"line":36,"column":5}},"line":34}},"branchMap":{},"s":{"0":33,"1":33,"2":33,"3":0,"4":0,"5":0,"6":0,"7":33},"f":{"0":0,"1":0,"2":0},"b":{},"_coverageSchema":"1a1c01bbd47fc00a2c39e90264f33305004495a9","hash":"66d85c9e3df5a43d9449a1973172c8cfd6850b2a"}
,"/home/diganta/Desktop/FINAL_PROJECT/src/utils/otpGenerator.js": {"path":"/home/diganta/Desktop/FINAL_PROJECT/src/utils/otpGenerator.js","statementMap":{"0":{"start":{"line":1,"column":15},"end":{"line":1,"column":32}},"1":{"start":{"line":9,"column":20},"end":{"line":9,"column":41}},"2":{"start":{"line":11,"column":15},"end":{"line":11,"column":32}},"3":{"start":{"line":13,"column":15},"end":{"line":13,"column":69}},"4":{"start":{"line":15,"column":14},"end":{"line":15,"column":31}},"5":{"start":{"line":17,"column":2},"end":{"line":17,"column":13}},"6":{"start":{"line":20,"column":0},"end":{"line":20,"column":30}}},"fnMap":{"0":{"name":"otpGenerator","decl":{"start":{"line":8,"column":9},"end":{"line":8,"column":21}},"loc":{"start":{"line":8,"column":29},"end":{"line":18,"column":1}},"line":8}},"branchMap":{},"s":{"0":33,"1":0,"2":0,"3":0,"4":0,"5":0,"6":33},"f":{"0":0},"b":{},"_coverageSchema":"1a1c01bbd47fc00a2c39e90264f33305004495a9","hash":"ce242ff457c89092b202dcb1f837ffe1370cdc2f"}
,"/home/diganta/Desktop/FINAL_PROJECT/tests/utils/instructorMock.js": {"path":"/home/diganta/Desktop/FINAL_PROJECT/tests/utils/instructorMock.js","statementMap":{"0":{"start":{"line":1,"column":23},"end":{"line":18,"column":3}},"1":{"start":{"line":20,"column":2},"end":{"line":20,"column":33}}},"fnMap":{},"branchMap":{},"s":{"0":21,"1":21},"f":{},"b":{},"_coverageSchema":"1a1c01bbd47fc00a2c39e90264f33305004495a9","hash":"fe17dcbae7d6f4cc18a582e1b21ddd136f137f6e"}
,"/home/diganta/Desktop/FINAL_PROJECT/tests/utils/mockInstructorId.js": {"path":"/home/diganta/Desktop/FINAL_PROJECT/tests/utils/mockInstructorId.js","statementMap":{"0":{"start":{"line":1,"column":0},"end":{"line":1,"column":44}}},"fnMap":{},"branchMap":{},"s":{"0":3},"f":{},"b":{},"_coverageSchema":"1a1c01bbd47fc00a2c39e90264f33305004495a9","hash":"34bfdbd096e90b4e3828670dba2e911fa63b1170"}
,"/home/diganta/Desktop/FINAL_PROJECT/tests/utils/studentMock.js": {"path":"/home/diganta/Desktop/FINAL_PROJECT/tests/utils/studentMock.js","statementMap":{"0":{"start":{"line":1,"column":20},"end":{"line":17,"column":3}},"1":{"start":{"line":19,"column":0},"end":{"line":19,"column":29}}},"fnMap":{},"branchMap":{},"s":{"0":1,"1":1},"f":{},"b":{},"_coverageSchema":"1a1c01bbd47fc00a2c39e90264f33305004495a9","hash":"d7d44e23e0dbb24d0e926ffde971b6243a3f7982"}
}
