TN:
SF:src/index.js
FN:25,(anonymous_0)
FN:34,(anonymous_1)
FNF:2
FNH:0
FNDA:0,(anonymous_0)
FNDA:0,(anonymous_1)
DA:1,33
DA:2,33
DA:3,33
DA:4,33
DA:5,33
DA:6,33
DA:7,33
DA:8,33
DA:10,33
DA:11,33
DA:12,33
DA:13,33
DA:14,33
DA:15,33
DA:16,33
DA:17,33
DA:18,33
DA:19,33
DA:20,33
DA:21,33
DA:23,33
DA:25,33
DA:26,0
DA:29,33
DA:31,33
DA:35,0
DA:39,0
DA:40,0
DA:44,0
DA:45,0
DA:48,0
DA:50,0
DA:51,0
DA:52,0
DA:53,0
DA:54,0
DA:55,0
DA:56,0
DA:64,0
DA:65,0
DA:74,0
DA:75,0
DA:76,0
DA:78,0
DA:79,0
DA:82,0
DA:85,0
DA:90,33
DA:91,33
DA:93,33
DA:94,33
DA:100,33
DA:101,33
DA:102,33
DA:103,33
DA:104,33
DA:105,33
DA:107,33
DA:109,33
DA:111,33
LF:60
LH:37
BRDA:48,0,0,0
BRDA:48,0,1,0
BRF:2
BRH:0
end_of_record
TN:
SF:src/config/multer.js
FN:12,(anonymous_0)
FN:15,(anonymous_1)
FNF:2
FNH:0
FNDA:0,(anonymous_0)
FNDA:0,(anonymous_1)
DA:1,33
DA:2,33
DA:3,33
DA:5,33
DA:6,33
DA:7,0
DA:11,33
DA:13,0
DA:16,0
DA:17,0
DA:18,0
DA:22,33
DA:23,33
DA:24,33
LF:14
LH:9
BRDA:6,0,0,0
BRDA:6,0,1,33
BRF:2
BRH:1
end_of_record
TN:
SF:src/config/salts.js
FNF:0
FNH:0
DA:1,33
DA:3,33
LF:2
LH:2
BRF:0
BRH:0
end_of_record
TN:
SF:src/config/db/db.js
FN:6,(anonymous_0)
FN:10,(anonymous_1)
FN:14,(anonymous_2)
FNF:3
FNH:1
FNDA:33,(anonymous_0)
FNDA:0,(anonymous_1)
FNDA:0,(anonymous_2)
DA:1,33
DA:2,33
DA:4,33
DA:6,33
DA:7,33
DA:10,33
DA:11,0
DA:14,33
DA:15,0
LF:9
LH:7
BRF:0
BRH:0
end_of_record
TN:
SF:src/config/db/url.js
FNF:0
FNH:0
DA:2,33
DA:3,33
LF:2
LH:2
BRDA:2,0,0,0
BRDA:2,0,1,33
BRF:2
BRH:1
end_of_record
TN:
SF:src/controllers/Admin/adminSignIn.js
FN:3,(anonymous_0)
FNF:1
FNH:1
FNDA:2,(anonymous_0)
DA:1,33
DA:3,33
DA:4,2
DA:5,2
DA:6,2
DA:7,1
DA:13,1
DA:18,1
DA:20,1
DA:21,1
DA:24,1
DA:28,33
LF:12
LH:12
BRDA:6,0,0,1
BRDA:6,0,1,1
BRDA:6,1,0,2
BRDA:6,1,1,1
BRF:4
BRH:4
end_of_record
TN:
SF:src/controllers/Admin/getInstructorName.js
FN:3,(anonymous_0)
FNF:1
FNH:1
FNDA:2,(anonymous_0)
DA:1,33
DA:3,33
DA:4,2
DA:5,2
DA:6,1
DA:7,1
DA:9,1
DA:13,33
LF:8
LH:8
BRF:0
BRH:0
end_of_record
TN:
SF:src/controllers/Course/addAnswer.js
FN:3,(anonymous_0)
FNF:1
FNH:0
FNDA:0,(anonymous_0)
DA:1,33
DA:3,33
DA:5,0
DA:6,0
DA:22,0
DA:23,0
DA:25,0
DA:29,33
LF:8
LH:3
BRF:0
BRH:0
end_of_record
TN:
SF:src/controllers/Course/addQuestion.js
FN:3,(anonymous_0)
FN:8,(anonymous_1)
FNF:2
FNH:0
FNDA:0,(anonymous_0)
FNDA:0,(anonymous_1)
DA:1,33
DA:3,33
DA:4,0
DA:6,0
DA:7,0
DA:9,0
DA:11,0
DA:12,0
DA:19,0
DA:20,0
DA:22,0
DA:23,0
DA:27,33
LF:13
LH:3
BRDA:11,0,0,0
BRDA:11,0,1,0
BRF:2
BRH:0
end_of_record
TN:
SF:src/controllers/Course/addRating.js
FN:3,(anonymous_0)
FN:7,(anonymous_1)
FN:13,(anonymous_2)
FNF:3
FNH:0
FNDA:0,(anonymous_0)
FNDA:0,(anonymous_1)
FNDA:0,(anonymous_2)
DA:1,33
DA:3,33
DA:4,0
DA:5,0
DA:6,0
DA:8,0
DA:10,0
DA:11,0
DA:12,0
DA:14,0
DA:16,0
DA:22,0
DA:28,0
DA:30,0
DA:32,0
DA:33,0
DA:37,33
LF:17
LH:3
BRDA:11,0,0,0
BRDA:11,0,1,0
BRF:2
BRH:0
end_of_record
TN:
SF:src/controllers/Course/courseEnroll.js
FN:5,(anonymous_0)
FN:11,(anonymous_1)
FNF:2
FNH:0
FNDA:0,(anonymous_0)
FNDA:0,(anonymous_1)
DA:1,33
DA:2,33
DA:3,33
DA:5,33
DA:6,0
DA:7,0
DA:9,0
DA:11,0
DA:13,0
DA:14,0
DA:16,0
DA:19,0
DA:20,0
DA:21,0
DA:22,0
DA:39,0
DA:40,0
DA:42,0
DA:43,0
DA:47,33
LF:20
LH:5
BRDA:13,0,0,0
BRDA:13,0,1,0
BRF:2
BRH:0
end_of_record
TN:
SF:src/controllers/Course/coursePurchases.js
FN:3,(anonymous_0)
FNF:1
FNH:1
FNDA:1,(anonymous_0)
DA:1,33
DA:3,33
DA:4,1
DA:5,1
DA:6,1
DA:7,1
DA:9,0
DA:13,33
LF:8
LH:7
BRF:0
BRH:0
end_of_record
TN:
SF:src/controllers/Course/editCourse.js
FN:3,(anonymous_0)
FNF:1
FNH:1
FNDA:2,(anonymous_0)
DA:1,33
DA:3,33
DA:4,2
DA:5,2
DA:6,2
DA:8,2
DA:9,6
DA:11,1
DA:12,1
DA:14,1
DA:15,1
DA:20,33
LF:12
LH:12
BRF:0
BRH:0
end_of_record
TN:
SF:src/controllers/Course/fuzzySearchController.js
FN:4,(anonymous_0)
FNF:1
FNH:1
FNDA:2,(anonymous_0)
DA:1,33
DA:2,33
DA:4,33
DA:5,2
DA:7,2
DA:24,2
DA:26,2
DA:27,2
DA:28,2
DA:29,2
DA:32,33
LF:11
LH:11
BRF:0
BRH:0
end_of_record
TN:
SF:src/controllers/Course/getAllCourses.js
FN:3,(anonymous_0)
FNF:1
FNH:1
FNDA:1,(anonymous_0)
DA:1,33
DA:3,33
DA:4,1
DA:5,1
DA:9,1
DA:11,0
DA:15,33
LF:7
LH:6
BRF:0
BRH:0
end_of_record
TN:
SF:src/controllers/Course/getCourseVideo.js
FN:12,(anonymous_0)
FNF:1
FNH:0
FNDA:0,(anonymous_0)
DA:1,33
DA:2,33
DA:3,33
DA:12,33
DA:13,0
DA:21,0
DA:22,0
DA:24,0
DA:25,0
DA:27,0
DA:29,0
DA:30,0
DA:33,0
DA:35,0
DA:36,0
DA:39,0
DA:41,0
DA:42,0
DA:44,0
DA:51,0
DA:54,33
LF:21
LH:5
BRDA:27,0,0,0
BRDA:27,0,1,0
BRDA:33,1,0,0
BRDA:33,1,1,0
BRDA:33,2,0,0
BRDA:33,2,1,0
BRDA:33,2,2,0
BRF:7
BRH:0
end_of_record
TN:
SF:src/controllers/Course/getCoursesController.js
FN:3,(anonymous_0)
FNF:1
FNH:1
FNDA:1,(anonymous_0)
DA:1,33
DA:3,33
DA:4,1
DA:5,1
DA:6,1
DA:7,1
DA:8,1
DA:9,1
DA:10,1
DA:11,1
DA:12,1
DA:14,1
DA:48,1
DA:52,1
DA:54,0
DA:55,0
DA:59,33
LF:17
LH:15
BRF:0
BRH:0
end_of_record
TN:
SF:src/controllers/Course/getSingleCourse.js
FN:3,(anonymous_0)
FNF:1
FNH:1
FNDA:2,(anonymous_0)
DA:1,33
DA:3,33
DA:4,2
DA:5,2
DA:6,2
DA:7,2
DA:11,2
DA:12,2
DA:14,0
DA:18,33
LF:10
LH:9
BRF:0
BRH:0
end_of_record
TN:
SF:src/controllers/Course/sectionAdd.js
FN:3,(anonymous_0)
FNF:1
FNH:1
FNDA:1,(anonymous_0)
DA:1,33
DA:3,33
DA:4,1
DA:5,1
DA:6,1
DA:7,1
DA:8,1
DA:9,1
DA:10,1
DA:16,1
DA:18,1
DA:19,1
DA:21,0
DA:25,33
LF:14
LH:13
BRF:0
BRH:0
end_of_record
TN:
SF:src/controllers/Course/sectionDeletion.js
FN:3,(anonymous_0)
FNF:1
FNH:1
FNDA:2,(anonymous_0)
DA:1,33
DA:3,33
DA:4,2
DA:5,2
DA:6,2
DA:7,2
DA:8,2
DA:9,1
DA:10,1
DA:12,1
DA:16,33
LF:11
LH:11
BRF:0
BRH:0
end_of_record
TN:
SF:src/controllers/Course/updateStatus.js
FN:3,(anonymous_0)
FNF:1
FNH:0
FNDA:0,(anonymous_0)
DA:1,33
DA:3,33
DA:4,0
DA:5,0
DA:6,0
DA:7,0
DA:8,0
DA:10,0
DA:11,0
DA:15,33
LF:10
LH:3
BRF:0
BRH:0
end_of_record
TN:
SF:src/controllers/Course/videoDeletion.js
FN:2,(anonymous_0)
FNF:1
FNH:1
FNDA:2,(anonymous_0)
DA:1,33
DA:2,33
DA:3,2
DA:4,2
DA:5,2
DA:7,2
DA:8,2
DA:9,2
DA:13,1
DA:14,1
DA:15,1
DA:17,1
DA:18,1
DA:22,33
LF:14
LH:14
BRF:0
BRH:0
end_of_record
TN:
SF:src/controllers/Course/videoUploadController.js
FN:3,(anonymous_0)
FNF:1
FNH:1
FNDA:2,(anonymous_0)
DA:1,33
DA:3,33
DA:4,2
DA:5,2
DA:6,2
DA:7,2
DA:8,2
DA:9,2
DA:10,2
DA:11,2
DA:12,2
DA:22,1
DA:24,1
DA:26,1
DA:27,1
DA:31,33
LF:16
LH:16
BRF:0
BRH:0
end_of_record
TN:
SF:src/controllers/Instructor/allInstructors.js
FN:4,(anonymous_0)
FNF:1
FNH:1
FNDA:1,(anonymous_0)
DA:1,33
DA:2,33
DA:4,33
DA:5,1
DA:6,1
DA:7,1
DA:11,1
DA:12,1
DA:13,1
DA:14,1
DA:16,1
DA:17,1
DA:18,1
DA:22,0
DA:26,1
DA:27,1
DA:29,0
DA:30,0
DA:34,33
LF:19
LH:16
BRDA:18,0,0,0
BRDA:18,0,1,1
BRF:2
BRH:1
end_of_record
TN:
SF:src/controllers/Instructor/getAllCourses.js
FN:3,(anonymous_0)
FNF:1
FNH:0
FNDA:0,(anonymous_0)
DA:1,33
DA:3,33
DA:4,0
DA:5,0
DA:6,0
DA:8,0
DA:12,33
LF:7
LH:3
BRF:0
BRH:0
end_of_record
TN:
SF:src/controllers/Instructor/instructoTokenVerify.js
FN:1,(anonymous_0)
FNF:1
FNH:1
FNDA:2,(anonymous_0)
DA:1,33
DA:2,2
DA:3,2
DA:4,2
DA:5,1
DA:7,1
DA:9,2
DA:11,0
DA:15,33
LF:9
LH:8
BRDA:4,0,0,1
BRDA:4,0,1,1
BRF:2
BRH:2
end_of_record
TN:
SF:src/controllers/Instructor/instructorCourseAddition.js
FN:5,(anonymous_0)
FNF:1
FNH:1
FNDA:1,(anonymous_0)
DA:1,33
DA:2,33
DA:3,33
DA:5,33
DA:6,1
DA:7,1
DA:10,1
DA:12,1
DA:19,1
DA:21,1
DA:27,1
DA:29,1
DA:30,1
DA:32,1
DA:34,1
DA:39,0
DA:40,0
DA:44,33
LF:18
LH:16
BRF:0
BRH:0
end_of_record
TN:
SF:src/controllers/Instructor/instructorFetchSingleCourse.js
FN:4,(anonymous_0)
FNF:1
FNH:1
FNDA:2,(anonymous_0)
DA:1,33
DA:2,33
DA:4,33
DA:5,2
DA:6,2
DA:8,2
DA:9,2
DA:13,2
DA:17,2
DA:18,1
DA:20,1
DA:22,1
DA:23,1
DA:27,33
LF:14
LH:14
BRDA:17,0,0,1
BRDA:17,0,1,1
BRF:2
BRH:2
end_of_record
TN:
SF:src/controllers/Instructor/instructorGetProfile.js
FN:1,(anonymous_0)
FNF:1
FNH:1
FNDA:1,(anonymous_0)
DA:1,33
DA:2,1
DA:3,1
DA:5,0
DA:9,33
LF:5
LH:4
BRF:0
BRH:0
end_of_record
TN:
SF:src/controllers/Instructor/instructorLogInController.js
FN:8,(anonymous_0)
FNF:1
FNH:1
FNDA:2,(anonymous_0)
DA:1,33
DA:8,33
DA:9,2
DA:10,2
DA:15,1
DA:17,1
DA:26,1
DA:31,33
LF:8
LH:8
BRF:0
BRH:0
end_of_record
TN:
SF:src/controllers/Instructor/instructorLogout.js
FN:3,(anonymous_0)
FNF:1
FNH:1
FNDA:1,(anonymous_0)
DA:1,33
DA:3,33
DA:4,1
DA:10,1
DA:11,1
DA:14,33
LF:6
LH:6
BRF:0
BRH:0
end_of_record
TN:
SF:src/controllers/Instructor/instructorProfile.js
FN:3,(anonymous_0)
FNF:1
FNH:0
FNDA:0,(anonymous_0)
DA:1,33
DA:3,33
DA:4,0
DA:5,0
DA:9,0
DA:10,0
DA:12,0
DA:13,0
DA:17,33
LF:9
LH:3
BRF:0
BRH:0
end_of_record
TN:
SF:src/controllers/Instructor/instructorProfileOnLoad.js
FN:3,(anonymous_0)
FNF:1
FNH:1
FNDA:2,(anonymous_0)
DA:1,33
DA:3,33
DA:4,2
DA:5,2
DA:9,1
DA:11,1
DA:12,1
DA:16,33
LF:8
LH:8
BRF:0
BRH:0
end_of_record
TN:
SF:src/controllers/Instructor/instructorSelfCourses.js
FN:3,(anonymous_0)
FNF:1
FNH:1
FNDA:1,(anonymous_0)
DA:1,33
DA:3,33
DA:4,1
DA:5,1
DA:6,1
DA:7,1
DA:9,0
DA:10,0
DA:14,33
LF:9
LH:7
BRF:0
BRH:0
end_of_record
TN:
SF:src/controllers/Instructor/instructorSignUpController.js
FN:13,(anonymous_0)
FNF:1
FNH:1
FNDA:2,(anonymous_0)
DA:1,33
DA:2,33
DA:3,33
DA:13,33
DA:14,2
DA:16,2
DA:18,2
DA:20,1
DA:27,1
DA:28,1
DA:32,33
LF:11
LH:11
BRF:0
BRH:0
end_of_record
TN:
SF:src/controllers/Instructor/instructorUpdateProfile.js
FN:3,(anonymous_0)
FNF:1
FNH:1
FNDA:1,(anonymous_0)
DA:1,33
DA:3,33
DA:4,1
DA:5,1
DA:6,1
DA:7,1
DA:8,1
DA:9,1
DA:11,0
DA:15,33
LF:10
LH:9
BRF:0
BRH:0
end_of_record
TN:
SF:src/controllers/Instructor/publishCourse.js
FN:3,(anonymous_0)
FNF:1
FNH:1
FNDA:1,(anonymous_0)
DA:1,33
DA:3,33
DA:4,1
DA:5,1
DA:7,1
DA:9,0
DA:10,0
DA:14,33
LF:8
LH:6
BRF:0
BRH:0
end_of_record
TN:
SF:src/controllers/Instructor/verifyCourseOwnership.js
FN:3,(anonymous_0)
FNF:1
FNH:1
FNDA:2,(anonymous_0)
DA:1,33
DA:3,33
DA:4,2
DA:5,2
DA:6,2
DA:7,1
DA:9,1
DA:12,0
DA:16,33
LF:9
LH:8
BRDA:6,0,0,1
BRDA:6,0,1,1
BRF:2
BRH:2
end_of_record
TN:
SF:src/controllers/Payment/getAllPayments.js
FN:3,(anonymous_0)
FNF:1
FNH:0
FNDA:0,(anonymous_0)
DA:1,33
DA:3,33
DA:4,0
DA:5,0
DA:6,0
DA:8,0
DA:12,33
LF:7
LH:3
BRF:0
BRH:0
end_of_record
TN:
SF:src/controllers/Student/allStudents.js
FN:3,(anonymous_0)
FNF:1
FNH:1
FNDA:1,(anonymous_0)
DA:1,33
DA:3,33
DA:4,1
DA:5,1
DA:6,1
DA:8,0
DA:12,33
LF:7
LH:6
BRF:0
BRH:0
end_of_record
TN:
SF:src/controllers/Student/studentCheckIfEnrolled.js
FN:1,(anonymous_0)
FN:5,(anonymous_1)
FNF:2
FNH:2
FNDA:1,(anonymous_0)
FNDA:1,(anonymous_1)
DA:1,33
DA:2,1
DA:3,1
DA:4,1
DA:5,1
DA:7,1
DA:9,0
DA:13,33
LF:8
LH:7
BRF:0
BRH:0
end_of_record
TN:
SF:src/controllers/Student/studentCourseStatus.js
FN:1,(anonymous_0)
FN:7,(anonymous_1)
FNF:2
FNH:2
FNDA:1,(anonymous_0)
FNDA:1,(anonymous_1)
DA:1,33
DA:2,1
DA:3,1
DA:4,1
DA:5,1
DA:6,1
DA:7,1
DA:8,1
DA:9,1
DA:11,1
DA:13,1
DA:15,0
DA:16,0
DA:20,33
LF:14
LH:12
BRF:0
BRH:0
end_of_record
TN:
SF:src/controllers/Student/studentEnrolledCourses.js
FN:3,(anonymous_0)
FNF:1
FNH:0
FNDA:0,(anonymous_0)
DA:1,33
DA:2,33
DA:3,33
DA:4,0
DA:5,0
DA:6,0
DA:7,0
DA:24,0
DA:25,0
DA:27,0
DA:28,0
DA:32,33
LF:12
LH:4
BRF:0
BRH:0
end_of_record
TN:
SF:src/controllers/Student/studentGetNotes.js
FN:1,(anonymous_0)
FN:4,(anonymous_1)
FNF:2
FNH:0
FNDA:0,(anonymous_0)
FNDA:0,(anonymous_1)
DA:1,33
DA:2,0
DA:3,0
DA:4,0
DA:5,0
DA:6,0
DA:8,0
DA:9,0
DA:13,33
LF:9
LH:2
BRF:0
BRH:0
end_of_record
TN:
SF:src/controllers/Student/studentLogInController.js
FN:8,(anonymous_0)
FNF:1
FNH:1
FNDA:2,(anonymous_0)
DA:1,33
DA:8,33
DA:9,2
DA:10,2
DA:15,1
DA:17,1
DA:25,1
DA:29,33
LF:8
LH:8
BRF:0
BRH:0
end_of_record
TN:
SF:src/controllers/Student/studentLogout.js
FN:3,(anonymous_0)
FNF:1
FNH:0
FNDA:0,(anonymous_0)
DA:1,33
DA:3,33
DA:4,0
DA:10,0
DA:11,0
DA:14,33
LF:6
LH:3
BRF:0
BRH:0
end_of_record
TN:
SF:src/controllers/Student/studentNote.js
FN:1,(anonymous_0)
FN:4,(anonymous_1)
FNF:2
FNH:0
FNDA:0,(anonymous_0)
FNDA:0,(anonymous_1)
DA:1,33
DA:2,0
DA:3,0
DA:4,0
DA:5,0
DA:6,0
DA:8,0
DA:9,0
DA:10,0
DA:12,0
DA:13,0
DA:17,33
LF:12
LH:2
BRF:0
BRH:0
end_of_record
TN:
SF:src/controllers/Student/studentProfile.js
FN:3,(anonymous_0)
FNF:1
FNH:1
FNDA:1,(anonymous_0)
DA:1,33
DA:3,33
DA:4,1
DA:5,1
DA:9,1
DA:10,1
DA:12,0
DA:13,0
DA:17,33
LF:9
LH:7
BRF:0
BRH:0
end_of_record
TN:
SF:src/controllers/Student/studentSignUpController.js
FN:9,(anonymous_0)
FNF:1
FNH:1
FNDA:2,(anonymous_0)
DA:1,33
DA:2,33
DA:9,33
DA:10,2
DA:11,2
DA:13,2
DA:15,1
DA:22,1
DA:23,1
DA:27,33
LF:10
LH:10
BRF:0
BRH:0
end_of_record
TN:
SF:src/controllers/Student/studentTokenVerify.js
FN:1,(anonymous_0)
FNF:1
FNH:1
FNDA:1,(anonymous_0)
DA:1,33
DA:2,1
DA:3,1
DA:4,1
DA:5,0
DA:7,1
DA:9,1
DA:10,1
DA:12,0
DA:16,33
LF:10
LH:8
BRDA:4,0,0,0
BRDA:4,0,1,1
BRF:2
BRH:1
end_of_record
TN:
SF:src/controllers/Student/studentUpdateNotes.js
FN:1,(anonymous_0)
FN:6,(anonymous_1)
FNF:2
FNH:0
FNDA:0,(anonymous_0)
FNDA:0,(anonymous_1)
DA:1,33
DA:2,0
DA:3,0
DA:4,0
DA:5,0
DA:6,0
DA:7,0
DA:8,0
DA:9,0
DA:13,0
DA:17,33
LF:11
LH:2
BRF:0
BRH:0
end_of_record
TN:
SF:src/controllers/Student/updateStudentProfile.js
FN:3,(anonymous_0)
FNF:1
FNH:0
FNDA:0,(anonymous_0)
DA:1,33
DA:3,33
DA:4,0
DA:5,0
DA:6,0
DA:7,0
DA:9,0
DA:13,33
LF:8
LH:3
BRF:0
BRH:0
end_of_record
TN:
SF:src/controllers/otp/sendOtpController.js
FN:12,(anonymous_0)
FNF:1
FNH:1
FNDA:1,(anonymous_0)
DA:1,33
DA:2,33
DA:3,33
DA:4,33
DA:12,33
DA:13,1
DA:14,1
DA:15,1
DA:16,1
DA:17,1
DA:18,1
DA:19,1
DA:20,1
DA:21,1
DA:40,1
DA:43,33
LF:16
LH:16
BRF:0
BRH:0
end_of_record
TN:
SF:src/controllers/otp/verifyOtpController.js
FN:14,(anonymous_0)
FNF:1
FNH:0
FNDA:0,(anonymous_0)
DA:1,33
DA:2,33
DA:3,33
DA:4,33
DA:5,33
DA:14,33
DA:15,0
DA:16,0
DA:17,0
DA:18,0
DA:20,0
DA:21,0
DA:22,0
DA:23,0
DA:24,0
DA:25,0
DA:26,0
DA:27,0
DA:28,0
DA:29,0
DA:32,0
DA:33,0
DA:34,0
DA:35,0
DA:36,0
DA:37,0
DA:38,0
DA:43,0
DA:44,0
DA:48,33
LF:30
LH:7
BRDA:20,0,0,0
BRDA:20,0,1,0
BRDA:22,1,0,0
BRDA:22,1,1,0
BRDA:24,2,0,0
BRDA:24,2,1,0
BRDA:33,3,0,0
BRDA:33,3,1,0
BRF:8
BRH:0
end_of_record
TN:
SF:src/middleware/adminAuthMiddleware.js
FN:4,(anonymous_0)
FNF:1
FNH:1
FNDA:4,(anonymous_0)
DA:1,33
DA:2,33
DA:4,33
DA:5,4
DA:6,4
DA:7,4
DA:10,4
DA:15,4
DA:16,0
DA:20,4
DA:21,4
DA:23,0
DA:24,0
DA:28,33
LF:14
LH:11
BRDA:15,0,0,0
BRDA:15,0,1,4
BRF:2
BRH:1
end_of_record
TN:
SF:src/middleware/authMiddleware.js
FN:4,(anonymous_0)
FNF:1
FNH:1
FNDA:21,(anonymous_0)
DA:1,33
DA:2,33
DA:4,33
DA:5,21
DA:6,21
DA:7,21
DA:10,21
DA:13,20
DA:24,20
DA:25,0
DA:28,20
DA:29,20
DA:30,20
DA:32,1
DA:33,1
DA:37,33
LF:16
LH:15
BRDA:24,0,0,0
BRDA:24,0,1,20
BRF:2
BRH:1
end_of_record
TN:
SF:src/middleware/studentAuthMiddleware.js
FN:4,(anonymous_0)
FNF:1
FNH:1
FNDA:3,(anonymous_0)
DA:1,33
DA:2,33
DA:4,33
DA:5,3
DA:6,3
DA:7,3
DA:9,3
DA:10,3
DA:11,3
DA:12,3
DA:23,3
DA:24,0
DA:25,0
DA:28,3
DA:29,3
DA:30,3
DA:32,0
DA:33,0
DA:37,33
LF:19
LH:15
BRDA:23,0,0,0
BRDA:23,0,1,3
BRF:2
BRH:1
end_of_record
TN:
SF:src/models/course.js
FN:47,(anonymous_0)
FN:91,(anonymous_1)
FNF:2
FNH:2
FNDA:25,(anonymous_0)
FNDA:16,(anonymous_1)
DA:36,33
DA:37,33
DA:39,33
DA:48,25
DA:92,16
DA:93,16
DA:95,16
DA:96,16
DA:268,33
DA:270,33
LF:10
LH:10
BRDA:92,0,0,0
BRDA:92,0,1,16
BRDA:93,1,0,0
BRDA:93,1,1,16
BRDA:95,2,0,16
BRDA:95,2,1,16
BRF:6
BRH:4
end_of_record
TN:
SF:src/models/instructor.js
FN:36,(anonymous_0)
FN:45,(anonymous_1)
FN:53,(anonymous_2)
FN:99,(anonymous_3)
FN:101,(anonymous_4)
FN:124,(anonymous_5)
FN:134,(anonymous_6)
FN:149,(anonymous_7)
FN:179,(anonymous_8)
FN:200,(anonymous_9)
FNF:10
FNH:9
FNDA:27,(anonymous_0)
FNDA:27,(anonymous_1)
FNDA:27,(anonymous_2)
FNDA:27,(anonymous_3)
FNDA:50,(anonymous_4)
FNDA:27,(anonymous_5)
FNDA:1,(anonymous_6)
FNDA:2,(anonymous_7)
FNDA:2,(anonymous_8)
FNDA:0,(anonymous_9)
DA:22,33
DA:23,33
DA:24,33
DA:25,33
DA:26,33
DA:28,33
DA:36,27
DA:45,27
DA:54,27
DA:100,27
DA:101,50
DA:124,33
DA:125,27
DA:126,27
DA:127,26
DA:129,27
DA:134,33
DA:135,1
DA:136,1
DA:142,1
DA:143,1
DA:145,1
DA:149,33
DA:150,2
DA:151,2
DA:153,2
DA:154,2
DA:155,2
DA:156,2
DA:159,0
DA:162,2
DA:167,2
DA:169,0
DA:172,2
DA:179,33
DA:180,2
DA:182,2
DA:183,0
DA:191,2
DA:193,2
DA:194,1
DA:197,1
DA:200,33
DA:201,0
DA:203,0
DA:204,0
DA:207,0
DA:210,33
DA:212,33
LF:49
LH:42
BRDA:55,0,0,27
BRDA:55,0,1,27
BRDA:55,0,2,27
BRDA:55,0,3,27
BRDA:55,0,4,27
BRDA:101,1,0,50
BRDA:101,1,1,50
BRDA:101,1,2,50
BRDA:126,2,0,26
BRDA:126,2,1,1
BRDA:167,3,0,0
BRDA:167,3,1,2
BRDA:182,4,0,0
BRDA:182,4,1,2
BRDA:193,5,0,1
BRDA:193,5,1,1
BRDA:203,6,0,0
BRDA:203,6,1,0
BRF:18
BRH:14
end_of_record
TN:
SF:src/models/otp.js
FN:33,(anonymous_0)
FN:49,(anonymous_1)
FNF:2
FNH:0
FNDA:0,(anonymous_0)
FNDA:0,(anonymous_1)
DA:8,33
DA:9,33
DA:11,33
DA:33,33
DA:34,0
DA:36,0
DA:37,0
DA:38,0
DA:41,0
DA:42,0
DA:43,0
DA:46,0
DA:49,33
DA:50,0
DA:51,0
DA:52,0
DA:54,0
DA:58,33
DA:60,33
LF:19
LH:7
BRDA:36,0,0,0
BRDA:36,0,1,0
BRDA:41,1,0,0
BRDA:41,1,1,0
BRF:4
BRH:0
end_of_record
TN:
SF:src/models/payment.js
FNF:0
FNH:0
DA:11,33
DA:13,33
DA:36,33
DA:37,33
LF:4
LH:4
BRF:0
BRH:0
end_of_record
TN:
SF:src/models/student.js
FN:30,(anonymous_0)
FN:39,(anonymous_1)
FN:47,(anonymous_2)
FN:143,(anonymous_3)
FN:153,(anonymous_4)
FN:172,(anonymous_5)
FNF:6
FNH:6
FNDA:10,(anonymous_0)
FNDA:10,(anonymous_1)
FNDA:9,(anonymous_2)
FNDA:10,(anonymous_3)
FNDA:1,(anonymous_4)
FNDA:2,(anonymous_5)
DA:16,33
DA:17,33
DA:18,33
DA:19,33
DA:20,33
DA:22,33
DA:30,10
DA:39,10
DA:48,9
DA:143,33
DA:144,10
DA:145,10
DA:146,8
DA:148,10
DA:153,33
DA:154,1
DA:155,1
DA:162,1
DA:163,1
DA:165,1
DA:172,33
DA:173,2
DA:175,2
DA:176,0
DA:183,2
DA:185,2
DA:186,1
DA:189,1
DA:192,33
DA:194,33
LF:30
LH:29
BRDA:49,0,0,9
BRDA:49,0,1,9
BRDA:49,0,2,9
BRDA:49,0,3,9
BRDA:49,0,4,9
BRDA:145,1,0,8
BRDA:145,1,1,2
BRDA:175,2,0,0
BRDA:175,2,1,2
BRDA:185,3,0,1
BRDA:185,3,1,1
BRF:11
BRH:10
end_of_record
TN:
SF:src/routes/adminRoutes.js
FNF:0
FNH:0
DA:1,33
DA:2,33
DA:3,33
DA:4,33
DA:5,33
DA:6,33
DA:7,33
DA:8,33
DA:10,33
DA:11,33
DA:12,33
DA:13,33
DA:14,33
DA:16,33
LF:14
LH:14
BRF:0
BRH:0
end_of_record
TN:
SF:src/routes/courseRoutes.js
FNF:0
FNH:0
DA:1,33
DA:2,33
DA:3,33
DA:6,33
DA:9,33
DA:12,33
DA:13,33
DA:14,33
DA:16,33
DA:17,33
DA:18,33
DA:19,33
DA:20,33
DA:23,33
LF:14
LH:14
BRF:0
BRH:0
end_of_record
TN:
SF:src/routes/instructorRoutes.js
FNF:0
FNH:0
DA:1,33
DA:2,33
DA:6,33
DA:9,33
DA:12,33
DA:15,33
DA:16,33
DA:17,33
DA:18,33
DA:21,33
DA:22,33
DA:25,33
DA:28,33
DA:31,33
DA:35,33
DA:36,33
DA:37,33
DA:38,33
DA:39,33
DA:40,33
DA:41,33
DA:42,33
DA:43,33
DA:45,33
DA:46,33
DA:47,33
DA:48,33
DA:53,33
DA:54,33
DA:55,33
DA:56,33
DA:61,33
DA:62,33
DA:67,33
DA:68,33
DA:69,33
DA:71,33
DA:72,33
DA:73,33
DA:74,33
DA:75,33
DA:76,33
LF:42
LH:42
BRF:0
BRH:0
end_of_record
TN:
SF:src/routes/otpRoutes.js
FNF:0
FNH:0
DA:1,33
DA:2,33
DA:4,33
DA:5,33
DA:7,33
DA:8,33
DA:10,33
LF:7
LH:7
BRF:0
BRH:0
end_of_record
TN:
SF:src/routes/paymentRoutes.js
FNF:0
FNH:0
DA:1,33
DA:2,33
DA:3,33
DA:5,33
DA:7,33
LF:5
LH:5
BRF:0
BRH:0
end_of_record
TN:
SF:src/routes/studentRoutes.js
FNF:0
FNH:0
DA:1,33
DA:2,33
DA:6,33
DA:9,33
DA:12,33
DA:13,33
DA:16,33
DA:19,33
DA:20,33
DA:21,33
DA:22,33
DA:23,33
DA:24,33
DA:25,33
DA:26,33
DA:27,33
DA:28,33
DA:29,33
DA:31,33
DA:32,33
DA:33,33
DA:38,33
DA:44,33
DA:49,33
DA:51,33
DA:57,33
DA:59,33
DA:61,33
DA:63,33
DA:64,33
DA:65,33
DA:66,33
DA:67,33
DA:69,33
LF:34
LH:34
BRF:0
BRH:0
end_of_record
TN:
SF:src/utils/mailJet.js
FN:10,(anonymous_0)
FN:31,(anonymous_1)
FN:34,(anonymous_2)
FNF:3
FNH:0
FNDA:0,(anonymous_0)
FNDA:0,(anonymous_1)
FNDA:0,(anonymous_2)
DA:1,32
DA:4,32
DA:10,32
DA:11,0
DA:30,0
DA:32,0
DA:35,0
DA:39,32
LF:8
LH:4
BRF:0
BRH:0
end_of_record
TN:
SF:src/utils/otpGenerator.js
FN:8,otpGenerator
FNF:1
FNH:0
FNDA:0,otpGenerator
DA:1,32
DA:9,0
DA:11,0
DA:13,0
DA:15,0
DA:17,0
DA:20,32
LF:7
LH:2
BRF:0
BRH:0
end_of_record
TN:
SF:tests/utils/instructorMock.js
FNF:0
FNH:0
DA:1,21
DA:20,21
LF:2
LH:2
BRF:0
BRH:0
end_of_record
TN:
SF:tests/utils/mockInstructorId.js
FNF:0
FNH:0
DA:1,3
LF:1
LH:1
BRF:0
BRH:0
end_of_record
TN:
SF:tests/utils/studentMock.js
FNF:0
FNH:0
DA:1,1
DA:19,1
LF:2
LH:2
BRF:0
BRH:0
end_of_record
